{"/Users/ashishdubey/Desktop/coder/Bharatiya Bazaar/qewn/bb-backend/src/services/acbService.js": {"path":"/Users/ashishdubey/Desktop/coder/Bharatiya Bazaar/qewn/bb-backend/src/services/acbService.js","statementMap":{"0":{"start":{"line":1,"column":15},"end":{"line":1,"column":39}},"1":{"start":{"line":2,"column":22},"end":{"line":2,"column":48}},"2":{"start":{"line":6,"column":25},"end":{"line":8,"column":4}},"3":{"start":{"line":10,"column":2},"end":{"line":12,"column":3}},"4":{"start":{"line":11,"column":4},"end":{"line":11,"column":17}},"5":{"start":{"line":14,"column":18},"end":{"line":14,"column":61}},"6":{"start":{"line":14,"column":43},"end":{"line":14,"column":60}},"7":{"start":{"line":15,"column":19},"end":{"line":15,"column":63}},"8":{"start":{"line":15,"column":44},"end":{"line":15,"column":62}},"9":{"start":{"line":17,"column":2},"end":{"line":17,"column":29}},"10":{"start":{"line":21,"column":2},"end":{"line":27,"column":5}},"11":{"start":{"line":32,"column":28},"end":{"line":37,"column":4}},"12":{"start":{"line":39,"column":2},"end":{"line":39,"column":45}},"13":{"start":{"line":39,"column":38},"end":{"line":39,"column":45}},"14":{"start":{"line":41,"column":17},"end":{"line":41,"column":77}},"15":{"start":{"line":43,"column":2},"end":{"line":52,"column":3}},"16":{"start":{"line":45,"column":4},"end":{"line":48,"column":7}},"17":{"start":{"line":51,"column":4},"end":{"line":51,"column":173}},"18":{"start":{"line":55,"column":0},"end":{"line":59,"column":2}}},"fnMap":{"0":{"name":"checkAcbStatus","decl":{"start":{"line":4,"column":15},"end":{"line":4,"column":29}},"loc":{"start":{"line":4,"column":44},"end":{"line":18,"column":1}},"line":4},"1":{"name":"(anonymous_1)","decl":{"start":{"line":14,"column":38},"end":{"line":14,"column":39}},"loc":{"start":{"line":14,"column":43},"end":{"line":14,"column":60}},"line":14},"2":{"name":"(anonymous_2)","decl":{"start":{"line":15,"column":39},"end":{"line":15,"column":40}},"loc":{"start":{"line":15,"column":44},"end":{"line":15,"column":62}},"line":15},"3":{"name":"unlockAcb","decl":{"start":{"line":20,"column":15},"end":{"line":20,"column":24}},"loc":{"start":{"line":20,"column":39},"end":{"line":28,"column":1}},"line":20},"4":{"name":"unlockLockedEarnings","decl":{"start":{"line":30,"column":15},"end":{"line":30,"column":35}},"loc":{"start":{"line":30,"column":50},"end":{"line":53,"column":1}},"line":30}},"branchMap":{"0":{"loc":{"start":{"line":10,"column":2},"end":{"line":12,"column":3}},"type":"if","locations":[{"start":{"line":10,"column":2},"end":{"line":12,"column":3}},{"start":{},"end":{}}],"line":10},"1":{"loc":{"start":{"line":17,"column":9},"end":{"line":17,"column":28}},"type":"binary-expr","locations":[{"start":{"line":17,"column":9},"end":{"line":17,"column":16}},{"start":{"line":17,"column":20},"end":{"line":17,"column":28}}],"line":17},"2":{"loc":{"start":{"line":39,"column":2},"end":{"line":39,"column":45}},"type":"if","locations":[{"start":{"line":39,"column":2},"end":{"line":39,"column":45}},{"start":{},"end":{}}],"line":39}},"s":{"0":3,"1":3,"2":4,"3":4,"4":4,"5":0,"6":0,"7":0,"8":0,"9":0,"10":0,"11":0,"12":0,"13":0,"14":0,"15":0,"16":0,"17":0,"18":3},"f":{"0":4,"1":0,"2":0,"3":0,"4":0},"b":{"0":[4,0],"1":[0,0],"2":[0,0]},"_coverageSchema":"1a1c01bbd47fc00a2c39e90264f33305004495a9","hash":"9a6a7dfd2facb771e709e7943f07f55f66274f5d"}
,"/Users/ashishdubey/Desktop/coder/Bharatiya Bazaar/qewn/bb-backend/src/services/adminService.js": {"path":"/Users/ashishdubey/Desktop/coder/Bharatiya Bazaar/qewn/bb-backend/src/services/adminService.js","statementMap":{"0":{"start":{"line":1,"column":15},"end":{"line":1,"column":39}},"1":{"start":{"line":2,"column":22},"end":{"line":2,"column":47}},"2":{"start":{"line":5,"column":14},"end":{"line":5,"column":23}},"3":{"start":{"line":6,"column":21},"end":{"line":6,"column":30}},"4":{"start":{"line":8,"column":34},"end":{"line":8,"column":64}},"5":{"start":{"line":9,"column":30},"end":{"line":14,"column":1}},"6":{"start":{"line":17,"column":2},"end":{"line":17,"column":55}},"7":{"start":{"line":17,"column":43},"end":{"line":17,"column":55}},"8":{"start":{"line":18,"column":2},"end":{"line":18,"column":74}},"9":{"start":{"line":18,"column":42},"end":{"line":18,"column":59}},"10":{"start":{"line":18,"column":62},"end":{"line":18,"column":74}},"11":{"start":{"line":19,"column":2},"end":{"line":19,"column":15}},"12":{"start":{"line":23,"column":2},"end":{"line":23,"column":61}},"13":{"start":{"line":23,"column":47},"end":{"line":23,"column":61}},"14":{"start":{"line":24,"column":2},"end":{"line":40,"column":3}},"15":{"start":{"line":26,"column":6},"end":{"line":26,"column":34}},"16":{"start":{"line":29,"column":6},"end":{"line":29,"column":32}},"17":{"start":{"line":31,"column":6},"end":{"line":31,"column":84}},"18":{"start":{"line":33,"column":6},"end":{"line":37,"column":7}},"19":{"start":{"line":34,"column":8},"end":{"line":34,"column":72}},"20":{"start":{"line":36,"column":8},"end":{"line":36,"column":22}},"21":{"start":{"line":39,"column":6},"end":{"line":39,"column":28}},"22":{"start":{"line":47,"column":17},"end":{"line":47,"column":31}},"23":{"start":{"line":48,"column":2},"end":{"line":50,"column":3}},"24":{"start":{"line":49,"column":4},"end":{"line":49,"column":49}},"25":{"start":{"line":52,"column":18},"end":{"line":54,"column":4}},"26":{"start":{"line":56,"column":2},"end":{"line":58,"column":3}},"27":{"start":{"line":57,"column":4},"end":{"line":57,"column":24}},"28":{"start":{"line":60,"column":2},"end":{"line":63,"column":5}},"29":{"start":{"line":65,"column":2},"end":{"line":65,"column":48}},"30":{"start":{"line":69,"column":2},"end":{"line":69,"column":55}},"31":{"start":{"line":73,"column":2},"end":{"line":73,"column":56}},"32":{"start":{"line":77,"column":2},"end":{"line":81,"column":3}},"33":{"start":{"line":78,"column":4},"end":{"line":78,"column":22}},"34":{"start":{"line":80,"column":4},"end":{"line":80,"column":18}},"35":{"start":{"line":88,"column":2},"end":{"line":90,"column":5}},"36":{"start":{"line":97,"column":16},"end":{"line":99,"column":4}},"37":{"start":{"line":101,"column":2},"end":{"line":106,"column":3}},"38":{"start":{"line":102,"column":16},"end":{"line":102,"column":50}},"39":{"start":{"line":103,"column":4},"end":{"line":103,"column":21}},"40":{"start":{"line":104,"column":4},"end":{"line":104,"column":30}},"41":{"start":{"line":105,"column":4},"end":{"line":105,"column":14}},"42":{"start":{"line":108,"column":19},"end":{"line":108,"column":51}},"43":{"start":{"line":111,"column":2},"end":{"line":116,"column":3}},"44":{"start":{"line":112,"column":16},"end":{"line":112,"column":78}},"45":{"start":{"line":113,"column":4},"end":{"line":113,"column":21}},"46":{"start":{"line":114,"column":4},"end":{"line":114,"column":27}},"47":{"start":{"line":115,"column":4},"end":{"line":115,"column":14}},"48":{"start":{"line":118,"column":26},"end":{"line":120,"column":4}},"49":{"start":{"line":122,"column":19},"end":{"line":122,"column":65}},"50":{"start":{"line":123,"column":19},"end":{"line":123,"column":32}},"51":{"start":{"line":125,"column":25},"end":{"line":138,"column":4}},"52":{"start":{"line":141,"column":2},"end":{"line":141,"column":23}},"53":{"start":{"line":144,"column":2},"end":{"line":156,"column":5}},"54":{"start":{"line":158,"column":2},"end":{"line":158,"column":24}},"55":{"start":{"line":167,"column":16},"end":{"line":169,"column":4}},"56":{"start":{"line":171,"column":2},"end":{"line":176,"column":3}},"57":{"start":{"line":172,"column":16},"end":{"line":172,"column":50}},"58":{"start":{"line":173,"column":4},"end":{"line":173,"column":21}},"59":{"start":{"line":174,"column":4},"end":{"line":174,"column":30}},"60":{"start":{"line":175,"column":4},"end":{"line":175,"column":14}},"61":{"start":{"line":178,"column":18},"end":{"line":178,"column":48}},"62":{"start":{"line":179,"column":14},"end":{"line":179,"column":42}},"63":{"start":{"line":180,"column":18},"end":{"line":180,"column":43}},"64":{"start":{"line":183,"column":18},"end":{"line":183,"column":117}},"65":{"start":{"line":185,"column":28},"end":{"line":185,"column":29}},"66":{"start":{"line":188,"column":2},"end":{"line":194,"column":3}},"67":{"start":{"line":189,"column":22},"end":{"line":192,"column":6}},"68":{"start":{"line":193,"column":4},"end":{"line":193,"column":42}},"69":{"start":{"line":197,"column":2},"end":{"line":209,"column":5}},"70":{"start":{"line":211,"column":2},"end":{"line":217,"column":4}},"71":{"start":{"line":220,"column":0},"end":{"line":229,"column":2}}},"fnMap":{"0":{"name":"isSuperAdminOnly","decl":{"start":{"line":16,"column":9},"end":{"line":16,"column":25}},"loc":{"start":{"line":16,"column":31},"end":{"line":20,"column":1}},"line":16},"1":{"name":"(anonymous_1)","decl":{"start":{"line":18,"column":37},"end":{"line":18,"column":38}},"loc":{"start":{"line":18,"column":42},"end":{"line":18,"column":59}},"line":18},"2":{"name":"parseSettingValue","decl":{"start":{"line":22,"column":9},"end":{"line":22,"column":26}},"loc":{"start":{"line":22,"column":41},"end":{"line":41,"column":1}},"line":22},"3":{"name":"getSetting","decl":{"start":{"line":46,"column":15},"end":{"line":46,"column":25}},"loc":{"start":{"line":46,"column":62},"end":{"line":66,"column":1}},"line":46},"4":{"name":"getSettingNumber","decl":{"start":{"line":68,"column":15},"end":{"line":68,"column":31}},"loc":{"start":{"line":68,"column":51},"end":{"line":70,"column":1}},"line":68},"5":{"name":"getSettingBoolean","decl":{"start":{"line":72,"column":15},"end":{"line":72,"column":32}},"loc":{"start":{"line":72,"column":52},"end":{"line":74,"column":1}},"line":72},"6":{"name":"invalidateCache","decl":{"start":{"line":76,"column":9},"end":{"line":76,"column":24}},"loc":{"start":{"line":76,"column":37},"end":{"line":82,"column":1}},"line":76},"7":{"name":"getAllSettings","decl":{"start":{"line":87,"column":15},"end":{"line":87,"column":29}},"loc":{"start":{"line":87,"column":32},"end":{"line":91,"column":1}},"line":87},"8":{"name":"updateSetting","decl":{"start":{"line":96,"column":15},"end":{"line":96,"column":28}},"loc":{"start":{"line":96,"column":70},"end":{"line":159,"column":1}},"line":96},"9":{"name":"updateCategoryMargin","decl":{"start":{"line":166,"column":15},"end":{"line":166,"column":35}},"loc":{"start":{"line":166,"column":115},"end":{"line":218,"column":1}},"line":166}},"branchMap":{"0":{"loc":{"start":{"line":17,"column":2},"end":{"line":17,"column":55}},"type":"if","locations":[{"start":{"line":17,"column":2},"end":{"line":17,"column":55}},{"start":{},"end":{}}],"line":17},"1":{"loc":{"start":{"line":18,"column":2},"end":{"line":18,"column":74}},"type":"if","locations":[{"start":{"line":18,"column":2},"end":{"line":18,"column":74}},{"start":{},"end":{}}],"line":18},"2":{"loc":{"start":{"line":23,"column":2},"end":{"line":23,"column":61}},"type":"if","locations":[{"start":{"line":23,"column":2},"end":{"line":23,"column":61}},{"start":{},"end":{}}],"line":23},"3":{"loc":{"start":{"line":23,"column":6},"end":{"line":23,"column":45}},"type":"binary-expr","locations":[{"start":{"line":23,"column":6},"end":{"line":23,"column":26}},{"start":{"line":23,"column":30},"end":{"line":23,"column":45}}],"line":23},"4":{"loc":{"start":{"line":24,"column":2},"end":{"line":40,"column":3}},"type":"switch","locations":[{"start":{"line":25,"column":4},"end":{"line":26,"column":34}},{"start":{"line":27,"column":4},"end":{"line":27,"column":18}},{"start":{"line":28,"column":4},"end":{"line":29,"column":32}},{"start":{"line":30,"column":4},"end":{"line":31,"column":84}},{"start":{"line":32,"column":4},"end":{"line":37,"column":7}},{"start":{"line":38,"column":4},"end":{"line":39,"column":28}}],"line":24},"5":{"loc":{"start":{"line":31,"column":13},"end":{"line":31,"column":83}},"type":"binary-expr","locations":[{"start":{"line":31,"column":13},"end":{"line":31,"column":30}},{"start":{"line":31,"column":34},"end":{"line":31,"column":49}},{"start":{"line":31,"column":53},"end":{"line":31,"column":67}},{"start":{"line":31,"column":71},"end":{"line":31,"column":83}}],"line":31},"6":{"loc":{"start":{"line":34,"column":15},"end":{"line":34,"column":71}},"type":"cond-expr","locations":[{"start":{"line":34,"column":44},"end":{"line":34,"column":62}},{"start":{"line":34,"column":65},"end":{"line":34,"column":71}}],"line":34},"7":{"loc":{"start":{"line":46,"column":45},"end":{"line":46,"column":60}},"type":"default-arg","locations":[{"start":{"line":46,"column":52},"end":{"line":46,"column":60}}],"line":46},"8":{"loc":{"start":{"line":48,"column":2},"end":{"line":50,"column":3}},"type":"if","locations":[{"start":{"line":48,"column":2},"end":{"line":50,"column":3}},{"start":{},"end":{}}],"line":48},"9":{"loc":{"start":{"line":48,"column":6},"end":{"line":48,"column":45}},"type":"binary-expr","locations":[{"start":{"line":48,"column":6},"end":{"line":48,"column":12}},{"start":{"line":48,"column":16},"end":{"line":48,"column":45}}],"line":48},"10":{"loc":{"start":{"line":56,"column":2},"end":{"line":58,"column":3}},"type":"if","locations":[{"start":{"line":56,"column":2},"end":{"line":58,"column":3}},{"start":{},"end":{}}],"line":56},"11":{"loc":{"start":{"line":76,"column":25},"end":{"line":76,"column":35}},"type":"default-arg","locations":[{"start":{"line":76,"column":31},"end":{"line":76,"column":35}}],"line":76},"12":{"loc":{"start":{"line":77,"column":2},"end":{"line":81,"column":3}},"type":"if","locations":[{"start":{"line":77,"column":2},"end":{"line":81,"column":3}},{"start":{"line":79,"column":9},"end":{"line":81,"column":3}}],"line":77},"13":{"loc":{"start":{"line":96,"column":50},"end":{"line":96,"column":68}},"type":"default-arg","locations":[{"start":{"line":96,"column":64},"end":{"line":96,"column":68}}],"line":96},"14":{"loc":{"start":{"line":101,"column":2},"end":{"line":106,"column":3}},"type":"if","locations":[{"start":{"line":101,"column":2},"end":{"line":106,"column":3}},{"start":{},"end":{}}],"line":101},"15":{"loc":{"start":{"line":108,"column":20},"end":{"line":108,"column":36}},"type":"binary-expr","locations":[{"start":{"line":108,"column":20},"end":{"line":108,"column":30}},{"start":{"line":108,"column":34},"end":{"line":108,"column":36}}],"line":108},"16":{"loc":{"start":{"line":111,"column":2},"end":{"line":116,"column":3}},"type":"if","locations":[{"start":{"line":111,"column":2},"end":{"line":116,"column":3}},{"start":{},"end":{}}],"line":111},"17":{"loc":{"start":{"line":111,"column":6},"end":{"line":111,"column":86}},"type":"binary-expr","locations":[{"start":{"line":111,"column":6},"end":{"line":111,"column":27}},{"start":{"line":111,"column":31},"end":{"line":111,"column":57}},{"start":{"line":111,"column":61},"end":{"line":111,"column":86}}],"line":111},"18":{"loc":{"start":{"line":122,"column":19},"end":{"line":122,"column":65}},"type":"cond-expr","locations":[{"start":{"line":122,"column":37},"end":{"line":122,"column":58}},{"start":{"line":122,"column":61},"end":{"line":122,"column":65}}],"line":122},"19":{"loc":{"start":{"line":129,"column":19},"end":{"line":129,"column":62}},"type":"binary-expr","locations":[{"start":{"line":129,"column":19},"end":{"line":129,"column":30}},{"start":{"line":129,"column":34},"end":{"line":129,"column":62}}],"line":129},"20":{"loc":{"start":{"line":166,"column":61},"end":{"line":166,"column":84}},"type":"default-arg","locations":[{"start":{"line":166,"column":79},"end":{"line":166,"column":84}}],"line":166},"21":{"loc":{"start":{"line":166,"column":95},"end":{"line":166,"column":113}},"type":"default-arg","locations":[{"start":{"line":166,"column":109},"end":{"line":166,"column":113}}],"line":166},"22":{"loc":{"start":{"line":171,"column":2},"end":{"line":176,"column":3}},"type":"if","locations":[{"start":{"line":171,"column":2},"end":{"line":176,"column":3}},{"start":{},"end":{}}],"line":171},"23":{"loc":{"start":{"line":178,"column":19},"end":{"line":178,"column":33}},"type":"binary-expr","locations":[{"start":{"line":178,"column":19},"end":{"line":178,"column":27}},{"start":{"line":178,"column":31},"end":{"line":178,"column":33}}],"line":178},"24":{"loc":{"start":{"line":183,"column":69},"end":{"line":183,"column":116}},"type":"binary-expr","locations":[{"start":{"line":183,"column":69},"end":{"line":183,"column":80}},{"start":{"line":183,"column":84},"end":{"line":183,"column":116}}],"line":183},"25":{"loc":{"start":{"line":188,"column":2},"end":{"line":194,"column":3}},"type":"if","locations":[{"start":{"line":188,"column":2},"end":{"line":194,"column":3}},{"start":{},"end":{}}],"line":188}},"s":{"0":3,"1":3,"2":3,"3":3,"4":3,"5":3,"6":1,"7":0,"8":1,"9":1,"10":1,"11":0,"12":0,"13":0,"14":0,"15":0,"16":0,"17":0,"18":0,"19":0,"20":0,"21":0,"22":70,"23":70,"24":0,"25":70,"26":69,"27":69,"28":0,"29":0,"30":0,"31":1,"32":1,"33":1,"34":0,"35":0,"36":1,"37":1,"38":0,"39":0,"40":0,"41":0,"42":1,"43":1,"44":0,"45":0,"46":0,"47":0,"48":1,"49":1,"50":1,"51":1,"52":1,"53":1,"54":1,"55":0,"56":0,"57":0,"58":0,"59":0,"60":0,"61":0,"62":0,"63":0,"64":0,"65":0,"66":0,"67":0,"68":0,"69":0,"70":0,"71":3},"f":{"0":1,"1":1,"2":0,"3":70,"4":0,"5":1,"6":1,"7":0,"8":1,"9":0},"b":{"0":[0,1],"1":[1,0],"2":[0,0],"3":[0,0],"4":[0,0,0,0,0,0],"5":[0,0,0,0],"6":[0,0],"7":[0],"8":[0,70],"9":[70,0],"10":[69,0],"11":[0],"12":[1,0],"13":[0],"14":[0,1],"15":[1,0],"16":[0,1],"17":[1,1,0],"18":[0,1],"19":[1,0],"20":[0],"21":[0],"22":[0,0],"23":[0,0],"24":[0,0],"25":[0,0]},"_coverageSchema":"1a1c01bbd47fc00a2c39e90264f33305004495a9","hash":"2d7060f2232aa3350c0cb51f0d27a4bfe8f88c42"}
,"/Users/ashishdubey/Desktop/coder/Bharatiya Bazaar/qewn/bb-backend/src/services/auditService.js": {"path":"/Users/ashishdubey/Desktop/coder/Bharatiya Bazaar/qewn/bb-backend/src/services/auditService.js","statementMap":{"0":{"start":{"line":1,"column":15},"end":{"line":1,"column":39}},"1":{"start":{"line":24,"column":2},"end":{"line":34,"column":5}},"2":{"start":{"line":37,"column":0},"end":{"line":39,"column":2}}},"fnMap":{"0":{"name":"logAction","decl":{"start":{"line":15,"column":15},"end":{"line":15,"column":24}},"loc":{"start":{"line":23,"column":3},"end":{"line":35,"column":1}},"line":23}},"branchMap":{"0":{"loc":{"start":{"line":18,"column":2},"end":{"line":18,"column":16}},"type":"default-arg","locations":[{"start":{"line":18,"column":12},"end":{"line":18,"column":16}}],"line":18},"1":{"loc":{"start":{"line":19,"column":2},"end":{"line":19,"column":19}},"type":"default-arg","locations":[{"start":{"line":19,"column":15},"end":{"line":19,"column":19}}],"line":19},"2":{"loc":{"start":{"line":20,"column":2},"end":{"line":20,"column":17}},"type":"default-arg","locations":[{"start":{"line":20,"column":13},"end":{"line":20,"column":17}}],"line":20},"3":{"loc":{"start":{"line":21,"column":2},"end":{"line":21,"column":17}},"type":"default-arg","locations":[{"start":{"line":21,"column":13},"end":{"line":21,"column":17}}],"line":21},"4":{"loc":{"start":{"line":22,"column":2},"end":{"line":22,"column":18}},"type":"default-arg","locations":[{"start":{"line":22,"column":14},"end":{"line":22,"column":18}}],"line":22},"5":{"loc":{"start":{"line":31,"column":16},"end":{"line":31,"column":37}},"type":"binary-expr","locations":[{"start":{"line":31,"column":16},"end":{"line":31,"column":24}},{"start":{"line":31,"column":28},"end":{"line":31,"column":37}}],"line":31}},"s":{"0":3,"1":1,"2":3},"f":{"0":1},"b":{"0":[0],"1":[0],"2":[0],"3":[0],"4":[1],"5":[1,0]},"_coverageSchema":"1a1c01bbd47fc00a2c39e90264f33305004495a9","hash":"de8e6d8b8ab34287d3e7855db4126eb3788e6096"}
,"/Users/ashishdubey/Desktop/coder/Bharatiya Bazaar/qewn/bb-backend/src/services/commissionService.js": {"path":"/Users/ashishdubey/Desktop/coder/Bharatiya Bazaar/qewn/bb-backend/src/services/commissionService.js","statementMap":{"0":{"start":{"line":1,"column":15},"end":{"line":1,"column":39}},"1":{"start":{"line":2,"column":23},"end":{"line":2,"column":50}},"2":{"start":{"line":3,"column":22},"end":{"line":3,"column":48}},"3":{"start":{"line":5,"column":18},"end":{"line":9,"column":1}},"4":{"start":{"line":13,"column":2},"end":{"line":34,"column":3}},"5":{"start":{"line":13,"column":15},"end":{"line":13,"column":16}},"6":{"start":{"line":14,"column":22},"end":{"line":14,"column":60}},"7":{"start":{"line":15,"column":24},"end":{"line":15,"column":38}},"8":{"start":{"line":17,"column":4},"end":{"line":33,"column":5}},"9":{"start":{"line":18,"column":26},"end":{"line":18,"column":49}},"10":{"start":{"line":20,"column":6},"end":{"line":32,"column":7}},"11":{"start":{"line":21,"column":29},"end":{"line":23,"column":10}},"12":{"start":{"line":25,"column":8},"end":{"line":31,"column":9}},"13":{"start":{"line":26,"column":10},"end":{"line":30,"column":11}},"14":{"start":{"line":27,"column":12},"end":{"line":27,"column":104}},"15":{"start":{"line":39,"column":24},"end":{"line":39,"column":32}},"16":{"start":{"line":40,"column":2},"end":{"line":46,"column":3}},"17":{"start":{"line":40,"column":15},"end":{"line":40,"column":16}},"18":{"start":{"line":41,"column":21},"end":{"line":43,"column":6}},"19":{"start":{"line":44,"column":4},"end":{"line":44,"column":40}},"20":{"start":{"line":44,"column":31},"end":{"line":44,"column":40}},"21":{"start":{"line":45,"column":4},"end":{"line":45,"column":46}},"22":{"start":{"line":45,"column":40},"end":{"line":45,"column":44}},"23":{"start":{"line":47,"column":2},"end":{"line":47,"column":32}},"24":{"start":{"line":52,"column":23},"end":{"line":52,"column":43}},"25":{"start":{"line":53,"column":20},"end":{"line":53,"column":82}},"26":{"start":{"line":55,"column":2},"end":{"line":81,"column":3}},"27":{"start":{"line":55,"column":15},"end":{"line":55,"column":16}},"28":{"start":{"line":56,"column":4},"end":{"line":56,"column":57}},"29":{"start":{"line":56,"column":51},"end":{"line":56,"column":57}},"30":{"start":{"line":58,"column":25},"end":{"line":60,"column":6}},"31":{"start":{"line":62,"column":4},"end":{"line":78,"column":5}},"32":{"start":{"line":63,"column":20},"end":{"line":63,"column":75}},"33":{"start":{"line":65,"column":6},"end":{"line":77,"column":7}},"34":{"start":{"line":66,"column":35},"end":{"line":72,"column":10}},"35":{"start":{"line":74,"column":8},"end":{"line":76,"column":9}},"36":{"start":{"line":75,"column":10},"end":{"line":75,"column":103}},"37":{"start":{"line":80,"column":4},"end":{"line":80,"column":31}},"38":{"start":{"line":84,"column":21},"end":{"line":84,"column":46}},"39":{"start":{"line":89,"column":22},"end":{"line":89,"column":78}},"40":{"start":{"line":91,"column":17},"end":{"line":91,"column":78}},"41":{"start":{"line":93,"column":2},"end":{"line":163,"column":3}},"42":{"start":{"line":95,"column":28},"end":{"line":97,"column":6}},"43":{"start":{"line":98,"column":4},"end":{"line":98,"column":32}},"44":{"start":{"line":98,"column":25},"end":{"line":98,"column":32}},"45":{"start":{"line":100,"column":4},"end":{"line":108,"column":7}},"46":{"start":{"line":111,"column":4},"end":{"line":111,"column":68}},"47":{"start":{"line":114,"column":29},"end":{"line":114,"column":94}},"48":{"start":{"line":115,"column":36},"end":{"line":115,"column":108}},"49":{"start":{"line":116,"column":35},"end":{"line":116,"column":117}},"50":{"start":{"line":118,"column":22},"end":{"line":118,"column":47}},"51":{"start":{"line":119,"column":26},"end":{"line":121,"column":6}},"52":{"start":{"line":123,"column":17},"end":{"line":123,"column":21}},"53":{"start":{"line":124,"column":4},"end":{"line":128,"column":5}},"54":{"start":{"line":125,"column":6},"end":{"line":125,"column":81}},"55":{"start":{"line":127,"column":6},"end":{"line":127,"column":69}},"56":{"start":{"line":130,"column":24},"end":{"line":130,"column":35}},"57":{"start":{"line":132,"column":4},"end":{"line":146,"column":5}},"58":{"start":{"line":133,"column":6},"end":{"line":137,"column":7}},"59":{"start":{"line":134,"column":8},"end":{"line":134,"column":40}},"60":{"start":{"line":136,"column":8},"end":{"line":136,"column":63}},"61":{"start":{"line":138,"column":11},"end":{"line":146,"column":5}},"62":{"start":{"line":139,"column":6},"end":{"line":145,"column":7}},"63":{"start":{"line":140,"column":8},"end":{"line":140,"column":39}},"64":{"start":{"line":141,"column":13},"end":{"line":145,"column":7}},"65":{"start":{"line":142,"column":8},"end":{"line":142,"column":37}},"66":{"start":{"line":144,"column":8},"end":{"line":144,"column":39}},"67":{"start":{"line":149,"column":23},"end":{"line":157,"column":6}},"68":{"start":{"line":160,"column":4},"end":{"line":162,"column":5}},"69":{"start":{"line":161,"column":6},"end":{"line":161,"column":133}},"70":{"start":{"line":166,"column":0},"end":{"line":170,"column":2}}},"fnMap":{"0":{"name":"checkAutoPoolLevelCompletion","decl":{"start":{"line":12,"column":15},"end":{"line":12,"column":43}},"loc":{"start":{"line":12,"column":67},"end":{"line":35,"column":1}},"line":12},"1":{"name":"countMySystemNodesAtDepth","decl":{"start":{"line":38,"column":15},"end":{"line":38,"column":40}},"loc":{"start":{"line":38,"column":66},"end":{"line":48,"column":1}},"line":38},"2":{"name":"(anonymous_2)","decl":{"start":{"line":45,"column":35},"end":{"line":45,"column":36}},"loc":{"start":{"line":45,"column":40},"end":{"line":45,"column":44}},"line":45},"3":{"name":"checkMySystemLevelCompletion","decl":{"start":{"line":51,"column":15},"end":{"line":51,"column":43}},"loc":{"start":{"line":51,"column":59},"end":{"line":82,"column":1}},"line":51},"4":{"name":"calculateAndCreateCommissions","decl":{"start":{"line":87,"column":15},"end":{"line":87,"column":44}},"loc":{"start":{"line":87,"column":87},"end":{"line":164,"column":1}},"line":87}},"branchMap":{"0":{"loc":{"start":{"line":17,"column":4},"end":{"line":33,"column":5}},"type":"if","locations":[{"start":{"line":17,"column":4},"end":{"line":33,"column":5}},{"start":{},"end":{}}],"line":17},"1":{"loc":{"start":{"line":20,"column":6},"end":{"line":32,"column":7}},"type":"if","locations":[{"start":{"line":20,"column":6},"end":{"line":32,"column":7}},{"start":{},"end":{}}],"line":20},"2":{"loc":{"start":{"line":25,"column":8},"end":{"line":31,"column":9}},"type":"if","locations":[{"start":{"line":25,"column":8},"end":{"line":31,"column":9}},{"start":{},"end":{}}],"line":25},"3":{"loc":{"start":{"line":26,"column":10},"end":{"line":30,"column":11}},"type":"if","locations":[{"start":{"line":26,"column":10},"end":{"line":30,"column":11}},{"start":{"line":28,"column":17},"end":{"line":30,"column":11}}],"line":26},"4":{"loc":{"start":{"line":26,"column":14},"end":{"line":26,"column":30}},"type":"binary-expr","locations":[{"start":{"line":26,"column":14},"end":{"line":26,"column":20}},{"start":{"line":26,"column":24},"end":{"line":26,"column":30}}],"line":26},"5":{"loc":{"start":{"line":44,"column":4},"end":{"line":44,"column":40}},"type":"if","locations":[{"start":{"line":44,"column":4},"end":{"line":44,"column":40}},{"start":{},"end":{}}],"line":44},"6":{"loc":{"start":{"line":56,"column":4},"end":{"line":56,"column":57}},"type":"if","locations":[{"start":{"line":56,"column":4},"end":{"line":56,"column":57}},{"start":{},"end":{}}],"line":56},"7":{"loc":{"start":{"line":56,"column":8},"end":{"line":56,"column":49}},"type":"binary-expr","locations":[{"start":{"line":56,"column":8},"end":{"line":56,"column":20}},{"start":{"line":56,"column":24},"end":{"line":56,"column":49}}],"line":56},"8":{"loc":{"start":{"line":62,"column":4},"end":{"line":78,"column":5}},"type":"if","locations":[{"start":{"line":62,"column":4},"end":{"line":78,"column":5}},{"start":{},"end":{}}],"line":62},"9":{"loc":{"start":{"line":65,"column":6},"end":{"line":77,"column":7}},"type":"if","locations":[{"start":{"line":65,"column":6},"end":{"line":77,"column":7}},{"start":{},"end":{}}],"line":65},"10":{"loc":{"start":{"line":74,"column":8},"end":{"line":76,"column":9}},"type":"if","locations":[{"start":{"line":74,"column":8},"end":{"line":76,"column":9}},{"start":{},"end":{}}],"line":74},"11":{"loc":{"start":{"line":93,"column":2},"end":{"line":163,"column":3}},"type":"if","locations":[{"start":{"line":93,"column":2},"end":{"line":163,"column":3}},{"start":{"line":109,"column":9},"end":{"line":163,"column":3}}],"line":93},"12":{"loc":{"start":{"line":98,"column":4},"end":{"line":98,"column":32}},"type":"if","locations":[{"start":{"line":98,"column":4},"end":{"line":98,"column":32}},{"start":{},"end":{}}],"line":98},"13":{"loc":{"start":{"line":124,"column":4},"end":{"line":128,"column":5}},"type":"if","locations":[{"start":{"line":124,"column":4},"end":{"line":128,"column":5}},{"start":{"line":126,"column":11},"end":{"line":128,"column":5}}],"line":124},"14":{"loc":{"start":{"line":125,"column":15},"end":{"line":125,"column":80}},"type":"cond-expr","locations":[{"start":{"line":125,"column":40},"end":{"line":125,"column":73}},{"start":{"line":125,"column":76},"end":{"line":125,"column":80}}],"line":125},"15":{"loc":{"start":{"line":127,"column":23},"end":{"line":127,"column":67}},"type":"binary-expr","locations":[{"start":{"line":127,"column":23},"end":{"line":127,"column":47}},{"start":{"line":127,"column":51},"end":{"line":127,"column":67}}],"line":127},"16":{"loc":{"start":{"line":132,"column":4},"end":{"line":146,"column":5}},"type":"if","locations":[{"start":{"line":132,"column":4},"end":{"line":146,"column":5}},{"start":{"line":138,"column":11},"end":{"line":146,"column":5}}],"line":132},"17":{"loc":{"start":{"line":133,"column":6},"end":{"line":137,"column":7}},"type":"if","locations":[{"start":{"line":133,"column":6},"end":{"line":137,"column":7}},{"start":{"line":135,"column":13},"end":{"line":137,"column":7}}],"line":133},"18":{"loc":{"start":{"line":136,"column":24},"end":{"line":136,"column":62}},"type":"cond-expr","locations":[{"start":{"line":136,"column":33},"end":{"line":136,"column":47}},{"start":{"line":136,"column":50},"end":{"line":136,"column":62}}],"line":136},"19":{"loc":{"start":{"line":138,"column":11},"end":{"line":146,"column":5}},"type":"if","locations":[{"start":{"line":138,"column":11},"end":{"line":146,"column":5}},{"start":{},"end":{}}],"line":138},"20":{"loc":{"start":{"line":139,"column":6},"end":{"line":145,"column":7}},"type":"if","locations":[{"start":{"line":139,"column":6},"end":{"line":145,"column":7}},{"start":{"line":141,"column":13},"end":{"line":145,"column":7}}],"line":139},"21":{"loc":{"start":{"line":141,"column":13},"end":{"line":145,"column":7}},"type":"if","locations":[{"start":{"line":141,"column":13},"end":{"line":145,"column":7}},{"start":{"line":143,"column":13},"end":{"line":145,"column":7}}],"line":141},"22":{"loc":{"start":{"line":160,"column":4},"end":{"line":162,"column":5}},"type":"if","locations":[{"start":{"line":160,"column":4},"end":{"line":162,"column":5}},{"start":{},"end":{}}],"line":160}},"s":{"0":3,"1":3,"2":3,"3":3,"4":5,"5":5,"6":29,"7":29,"8":29,"9":3,"10":3,"11":1,"12":1,"13":1,"14":1,"15":0,"16":0,"17":0,"18":0,"19":0,"20":0,"21":0,"22":0,"23":0,"24":4,"25":4,"26":4,"27":4,"28":4,"29":4,"30":0,"31":0,"32":0,"33":0,"34":0,"35":0,"36":0,"37":0,"38":3,"39":1,"40":1,"41":1,"42":0,"43":0,"44":0,"45":0,"46":1,"47":1,"48":0,"49":0,"50":0,"51":0,"52":0,"53":0,"54":0,"55":0,"56":0,"57":0,"58":0,"59":0,"60":0,"61":0,"62":0,"63":0,"64":0,"65":0,"66":0,"67":0,"68":0,"69":0,"70":3},"f":{"0":5,"1":0,"2":0,"3":4,"4":1},"b":{"0":[3,26],"1":[1,2],"2":[1,0],"3":[1,0],"4":[1,1],"5":[0,0],"6":[4,0],"7":[4,4],"8":[0,0],"9":[0,0],"10":[0,0],"11":[0,1],"12":[0,0],"13":[0,0],"14":[0,0],"15":[0,0],"16":[0,0],"17":[0,0],"18":[0,0],"19":[0,0],"20":[0,0],"21":[0,0],"22":[0,0]},"_coverageSchema":"1a1c01bbd47fc00a2c39e90264f33305004495a9","hash":"9970a01023f1d9af986c205c69fd7172189439f6"}
,"/Users/ashishdubey/Desktop/coder/Bharatiya Bazaar/qewn/bb-backend/src/services/idCardService.js": {"path":"/Users/ashishdubey/Desktop/coder/Bharatiya Bazaar/qewn/bb-backend/src/services/idCardService.js","statementMap":{"0":{"start":{"line":1,"column":15},"end":{"line":1,"column":39}},"1":{"start":{"line":2,"column":26},"end":{"line":2,"column":56}},"2":{"start":{"line":3,"column":19},"end":{"line":3,"column":42}},"3":{"start":{"line":4,"column":23},"end":{"line":4,"column":50}},"4":{"start":{"line":5,"column":21},"end":{"line":5,"column":46}},"5":{"start":{"line":8,"column":13},"end":{"line":8,"column":33}},"6":{"start":{"line":9,"column":24},"end":{"line":9,"column":79}},"7":{"start":{"line":12,"column":26},"end":{"line":12,"column":92}},"8":{"start":{"line":13,"column":26},"end":{"line":13,"column":80}},"9":{"start":{"line":13,"column":52},"end":{"line":13,"column":72}},"10":{"start":{"line":14,"column":2},"end":{"line":19,"column":3}},"11":{"start":{"line":15,"column":16},"end":{"line":15,"column":140}},"12":{"start":{"line":16,"column":4},"end":{"line":16,"column":43}},"13":{"start":{"line":17,"column":4},"end":{"line":17,"column":21}},"14":{"start":{"line":18,"column":4},"end":{"line":18,"column":14}},"15":{"start":{"line":21,"column":18},"end":{"line":21,"column":60}},"16":{"start":{"line":21,"column":42},"end":{"line":21,"column":59}},"17":{"start":{"line":22,"column":19},"end":{"line":22,"column":28}},"18":{"start":{"line":25,"column":24},"end":{"line":25,"column":91}},"19":{"start":{"line":26,"column":22},"end":{"line":26,"column":24}},"20":{"start":{"line":27,"column":22},"end":{"line":27,"column":24}},"21":{"start":{"line":28,"column":2},"end":{"line":34,"column":3}},"22":{"start":{"line":29,"column":4},"end":{"line":29,"column":35}},"23":{"start":{"line":30,"column":4},"end":{"line":33,"column":5}},"24":{"start":{"line":31,"column":6},"end":{"line":31,"column":73}},"25":{"start":{"line":31,"column":40},"end":{"line":31,"column":73}},"26":{"start":{"line":32,"column":6},"end":{"line":32,"column":67}},"27":{"start":{"line":36,"column":27},"end":{"line":36,"column":31}},"28":{"start":{"line":37,"column":2},"end":{"line":41,"column":3}},"29":{"start":{"line":38,"column":21},"end":{"line":38,"column":63}},"30":{"start":{"line":38,"column":45},"end":{"line":38,"column":62}},"31":{"start":{"line":39,"column":15},"end":{"line":39,"column":66}},"32":{"start":{"line":39,"column":39},"end":{"line":39,"column":65}},"33":{"start":{"line":40,"column":4},"end":{"line":40,"column":39}},"34":{"start":{"line":40,"column":12},"end":{"line":40,"column":39}},"35":{"start":{"line":43,"column":19},"end":{"line":43,"column":21}},"36":{"start":{"line":44,"column":28},"end":{"line":44,"column":46}},"37":{"start":{"line":46,"column":19},"end":{"line":140,"column":3}},"38":{"start":{"line":47,"column":24},"end":{"line":47,"column":95}},"39":{"start":{"line":48,"column":4},"end":{"line":56,"column":5}},"40":{"start":{"line":49,"column":22},"end":{"line":49,"column":94}},"41":{"start":{"line":50,"column":27},"end":{"line":50,"column":63}},"42":{"start":{"line":51,"column":6},"end":{"line":55,"column":9}},"43":{"start":{"line":58,"column":18},"end":{"line":58,"column":20}},"44":{"start":{"line":59,"column":4},"end":{"line":61,"column":5}},"45":{"start":{"line":59,"column":17},"end":{"line":59,"column":18}},"46":{"start":{"line":60,"column":6},"end":{"line":60,"column":107}},"47":{"start":{"line":63,"column":25},"end":{"line":63,"column":26}},"48":{"start":{"line":64,"column":4},"end":{"line":139,"column":5}},"49":{"start":{"line":65,"column":6},"end":{"line":65,"column":83}},"50":{"start":{"line":65,"column":35},"end":{"line":65,"column":83}},"51":{"start":{"line":66,"column":19},"end":{"line":66,"column":32}},"52":{"start":{"line":68,"column":22},"end":{"line":68,"column":131}},"53":{"start":{"line":69,"column":29},"end":{"line":69,"column":49}},"54":{"start":{"line":71,"column":33},"end":{"line":71,"column":37}},"55":{"start":{"line":71,"column":54},"end":{"line":71,"column":58}},"56":{"start":{"line":72,"column":6},"end":{"line":75,"column":7}},"57":{"start":{"line":73,"column":27},"end":{"line":73,"column":122}},"58":{"start":{"line":74,"column":8},"end":{"line":74,"column":127}},"59":{"start":{"line":74,"column":26},"end":{"line":74,"column":63}},"60":{"start":{"line":74,"column":64},"end":{"line":74,"column":125}},"61":{"start":{"line":77,"column":21},"end":{"line":77,"column":89}},"62":{"start":{"line":78,"column":25},"end":{"line":78,"column":81}},"63":{"start":{"line":81,"column":6},"end":{"line":86,"column":7}},"64":{"start":{"line":82,"column":8},"end":{"line":85,"column":11}},"65":{"start":{"line":88,"column":21},"end":{"line":90,"column":8}},"66":{"start":{"line":92,"column":6},"end":{"line":94,"column":9}},"67":{"start":{"line":96,"column":25},"end":{"line":96,"column":29}},"68":{"start":{"line":97,"column":6},"end":{"line":100,"column":7}},"69":{"start":{"line":98,"column":8},"end":{"line":98,"column":180}},"70":{"start":{"line":99,"column":8},"end":{"line":99,"column":88}},"71":{"start":{"line":99,"column":50},"end":{"line":99,"column":88}},"72":{"start":{"line":102,"column":6},"end":{"line":102,"column":79}},"73":{"start":{"line":103,"column":6},"end":{"line":103,"column":98}},"74":{"start":{"line":103,"column":24},"end":{"line":103,"column":98}},"75":{"start":{"line":106,"column":6},"end":{"line":114,"column":7}},"76":{"start":{"line":107,"column":28},"end":{"line":107,"column":109}},"77":{"start":{"line":108,"column":8},"end":{"line":113,"column":9}},"78":{"start":{"line":109,"column":10},"end":{"line":112,"column":11}},"79":{"start":{"line":110,"column":12},"end":{"line":110,"column":59}},"80":{"start":{"line":111,"column":12},"end":{"line":111,"column":70}},"81":{"start":{"line":117,"column":23},"end":{"line":117,"column":108}},"82":{"start":{"line":118,"column":6},"end":{"line":123,"column":7}},"83":{"start":{"line":119,"column":8},"end":{"line":122,"column":9}},"84":{"start":{"line":120,"column":10},"end":{"line":120,"column":54}},"85":{"start":{"line":121,"column":10},"end":{"line":121,"column":65}},"86":{"start":{"line":126,"column":6},"end":{"line":134,"column":7}},"87":{"start":{"line":127,"column":28},"end":{"line":127,"column":101}},"88":{"start":{"line":128,"column":8},"end":{"line":133,"column":9}},"89":{"start":{"line":129,"column":10},"end":{"line":132,"column":11}},"90":{"start":{"line":130,"column":12},"end":{"line":130,"column":59}},"91":{"start":{"line":131,"column":12},"end":{"line":131,"column":70}},"92":{"start":{"line":136,"column":23},"end":{"line":136,"column":87}},"93":{"start":{"line":137,"column":6},"end":{"line":137,"column":58}},"94":{"start":{"line":137,"column":31},"end":{"line":137,"column":58}},"95":{"start":{"line":138,"column":6},"end":{"line":138,"column":28}},"96":{"start":{"line":142,"column":2},"end":{"line":146,"column":3}},"97":{"start":{"line":143,"column":4},"end":{"line":143,"column":31}},"98":{"start":{"line":145,"column":4},"end":{"line":145,"column":60}},"99":{"start":{"line":148,"column":2},"end":{"line":148,"column":18}},"100":{"start":{"line":152,"column":18},"end":{"line":152,"column":31}},"101":{"start":{"line":153,"column":2},"end":{"line":157,"column":3}},"102":{"start":{"line":154,"column":18},"end":{"line":154,"column":110}},"103":{"start":{"line":155,"column":4},"end":{"line":155,"column":72}},"104":{"start":{"line":155,"column":16},"end":{"line":155,"column":72}},"105":{"start":{"line":156,"column":4},"end":{"line":156,"column":25}},"106":{"start":{"line":161,"column":12},"end":{"line":161,"column":20}},"107":{"start":{"line":162,"column":2},"end":{"line":168,"column":3}},"108":{"start":{"line":163,"column":16},"end":{"line":163,"column":25}},"109":{"start":{"line":164,"column":17},"end":{"line":164,"column":39}},"110":{"start":{"line":165,"column":4},"end":{"line":165,"column":87}},"111":{"start":{"line":165,"column":24},"end":{"line":165,"column":41}},"112":{"start":{"line":165,"column":44},"end":{"line":165,"column":87}},"113":{"start":{"line":166,"column":4},"end":{"line":166,"column":89}},"114":{"start":{"line":166,"column":24},"end":{"line":166,"column":42}},"115":{"start":{"line":166,"column":45},"end":{"line":166,"column":89}},"116":{"start":{"line":167,"column":4},"end":{"line":167,"column":39}},"117":{"start":{"line":167,"column":26},"end":{"line":167,"column":39}},"118":{"start":{"line":169,"column":2},"end":{"line":169,"column":67}},"119":{"start":{"line":173,"column":2},"end":{"line":173,"column":45}},"120":{"start":{"line":173,"column":33},"end":{"line":173,"column":45}},"121":{"start":{"line":175,"column":2},"end":{"line":190,"column":3}},"122":{"start":{"line":176,"column":4},"end":{"line":186,"column":5}},"123":{"start":{"line":177,"column":26},"end":{"line":177,"column":100}},"124":{"start":{"line":178,"column":6},"end":{"line":185,"column":7}},"125":{"start":{"line":179,"column":21},"end":{"line":179,"column":73}},"126":{"start":{"line":180,"column":21},"end":{"line":180,"column":177}},"127":{"start":{"line":181,"column":8},"end":{"line":181,"column":81}},"128":{"start":{"line":181,"column":45},"end":{"line":181,"column":81}},"129":{"start":{"line":182,"column":8},"end":{"line":182,"column":78}},"130":{"start":{"line":183,"column":8},"end":{"line":183,"column":41}},"131":{"start":{"line":184,"column":8},"end":{"line":184,"column":20}},"132":{"start":{"line":187,"column":17},"end":{"line":187,"column":158}},"133":{"start":{"line":188,"column":4},"end":{"line":188,"column":37}},"134":{"start":{"line":189,"column":4},"end":{"line":189,"column":16}},"135":{"start":{"line":193,"column":19},"end":{"line":193,"column":33}},"136":{"start":{"line":194,"column":2},"end":{"line":205,"column":3}},"137":{"start":{"line":195,"column":21},"end":{"line":195,"column":91}},"138":{"start":{"line":196,"column":4},"end":{"line":196,"column":74}},"139":{"start":{"line":196,"column":19},"end":{"line":196,"column":74}},"140":{"start":{"line":197,"column":13},"end":{"line":197,"column":17}},"141":{"start":{"line":198,"column":4},"end":{"line":198,"column":110}},"142":{"start":{"line":198,"column":50},"end":{"line":198,"column":108}},"143":{"start":{"line":198,"column":90},"end":{"line":198,"column":99}},"144":{"start":{"line":198,"column":100},"end":{"line":198,"column":106}},"145":{"start":{"line":199,"column":4},"end":{"line":203,"column":5}},"146":{"start":{"line":200,"column":18},"end":{"line":200,"column":87}},"147":{"start":{"line":201,"column":6},"end":{"line":201,"column":86}},"148":{"start":{"line":201,"column":16},"end":{"line":201,"column":86}},"149":{"start":{"line":202,"column":6},"end":{"line":202,"column":18}},"150":{"start":{"line":204,"column":4},"end":{"line":204,"column":20}},"151":{"start":{"line":207,"column":19},"end":{"line":207,"column":52}},"152":{"start":{"line":208,"column":24},"end":{"line":208,"column":66}},"153":{"start":{"line":210,"column":15},"end":{"line":212,"column":4}},"154":{"start":{"line":215,"column":2},"end":{"line":215,"column":83}},"155":{"start":{"line":215,"column":43},"end":{"line":215,"column":83}},"156":{"start":{"line":216,"column":2},"end":{"line":216,"column":80}},"157":{"start":{"line":217,"column":2},"end":{"line":217,"column":35}},"158":{"start":{"line":219,"column":2},"end":{"line":219,"column":14}},"159":{"start":{"line":222,"column":0},"end":{"line":222,"column":33}}},"fnMap":{"0":{"name":"purchaseIds","decl":{"start":{"line":7,"column":15},"end":{"line":7,"column":26}},"loc":{"start":{"line":7,"column":107},"end":{"line":149,"column":1}},"line":7},"1":{"name":"(anonymous_1)","decl":{"start":{"line":13,"column":47},"end":{"line":13,"column":48}},"loc":{"start":{"line":13,"column":52},"end":{"line":13,"column":72}},"line":13},"2":{"name":"(anonymous_2)","decl":{"start":{"line":21,"column":37},"end":{"line":21,"column":38}},"loc":{"start":{"line":21,"column":42},"end":{"line":21,"column":59}},"line":21},"3":{"name":"(anonymous_3)","decl":{"start":{"line":38,"column":40},"end":{"line":38,"column":41}},"loc":{"start":{"line":38,"column":45},"end":{"line":38,"column":62}},"line":38},"4":{"name":"(anonymous_4)","decl":{"start":{"line":39,"column":34},"end":{"line":39,"column":35}},"loc":{"start":{"line":39,"column":39},"end":{"line":39,"column":65}},"line":39},"5":{"name":"(anonymous_5)","decl":{"start":{"line":46,"column":19},"end":{"line":46,"column":20}},"loc":{"start":{"line":46,"column":33},"end":{"line":140,"column":3}},"line":46},"6":{"name":"findSpillSlot","decl":{"start":{"line":151,"column":15},"end":{"line":151,"column":28}},"loc":{"start":{"line":151,"column":63},"end":{"line":158,"column":1}},"line":151},"7":{"name":"nextSlot","decl":{"start":{"line":160,"column":9},"end":{"line":160,"column":17}},"loc":{"start":{"line":160,"column":39},"end":{"line":170,"column":1}},"line":160},"8":{"name":"(anonymous_8)","decl":{"start":{"line":165,"column":19},"end":{"line":165,"column":20}},"loc":{"start":{"line":165,"column":24},"end":{"line":165,"column":41}},"line":165},"9":{"name":"(anonymous_9)","decl":{"start":{"line":166,"column":19},"end":{"line":166,"column":20}},"loc":{"start":{"line":166,"column":24},"end":{"line":166,"column":42}},"line":166},"10":{"name":"placeInMySystem","decl":{"start":{"line":172,"column":15},"end":{"line":172,"column":30}},"loc":{"start":{"line":172,"column":141},"end":{"line":220,"column":1}},"line":172}},"branchMap":{"0":{"loc":{"start":{"line":7,"column":44},"end":{"line":7,"column":66}},"type":"default-arg","locations":[{"start":{"line":7,"column":62},"end":{"line":7,"column":66}}],"line":7},"1":{"loc":{"start":{"line":7,"column":68},"end":{"line":7,"column":86}},"type":"default-arg","locations":[{"start":{"line":7,"column":82},"end":{"line":7,"column":86}}],"line":7},"2":{"loc":{"start":{"line":7,"column":88},"end":{"line":7,"column":105}},"type":"default-arg","locations":[{"start":{"line":7,"column":101},"end":{"line":7,"column":105}}],"line":7},"3":{"loc":{"start":{"line":8,"column":13},"end":{"line":8,"column":33}},"type":"binary-expr","locations":[{"start":{"line":8,"column":13},"end":{"line":8,"column":23}},{"start":{"line":8,"column":27},"end":{"line":8,"column":33}}],"line":8},"4":{"loc":{"start":{"line":14,"column":2},"end":{"line":19,"column":3}},"type":"if","locations":[{"start":{"line":14,"column":2},"end":{"line":19,"column":3}},{"start":{},"end":{}}],"line":14},"5":{"loc":{"start":{"line":30,"column":4},"end":{"line":33,"column":5}},"type":"if","locations":[{"start":{"line":30,"column":4},"end":{"line":33,"column":5}},{"start":{},"end":{}}],"line":30},"6":{"loc":{"start":{"line":31,"column":6},"end":{"line":31,"column":73}},"type":"if","locations":[{"start":{"line":31,"column":6},"end":{"line":31,"column":73}},{"start":{},"end":{}}],"line":31},"7":{"loc":{"start":{"line":37,"column":2},"end":{"line":41,"column":3}},"type":"if","locations":[{"start":{"line":37,"column":2},"end":{"line":41,"column":3}},{"start":{},"end":{}}],"line":37},"8":{"loc":{"start":{"line":40,"column":4},"end":{"line":40,"column":39}},"type":"if","locations":[{"start":{"line":40,"column":4},"end":{"line":40,"column":39}},{"start":{},"end":{}}],"line":40},"9":{"loc":{"start":{"line":48,"column":4},"end":{"line":56,"column":5}},"type":"if","locations":[{"start":{"line":48,"column":4},"end":{"line":56,"column":5}},{"start":{},"end":{}}],"line":48},"10":{"loc":{"start":{"line":50,"column":27},"end":{"line":50,"column":63}},"type":"cond-expr","locations":[{"start":{"line":50,"column":37},"end":{"line":50,"column":59}},{"start":{"line":50,"column":62},"end":{"line":50,"column":63}}],"line":50},"11":{"loc":{"start":{"line":60,"column":35},"end":{"line":60,"column":73}},"type":"cond-expr","locations":[{"start":{"line":60,"column":59},"end":{"line":60,"column":65}},{"start":{"line":60,"column":68},"end":{"line":60,"column":73}}],"line":60},"12":{"loc":{"start":{"line":60,"column":36},"end":{"line":60,"column":55}},"type":"binary-expr","locations":[{"start":{"line":60,"column":36},"end":{"line":60,"column":44}},{"start":{"line":60,"column":48},"end":{"line":60,"column":55}}],"line":60},"13":{"loc":{"start":{"line":65,"column":6},"end":{"line":65,"column":83}},"type":"if","locations":[{"start":{"line":65,"column":6},"end":{"line":65,"column":83}},{"start":{},"end":{}}],"line":65},"14":{"loc":{"start":{"line":72,"column":6},"end":{"line":75,"column":7}},"type":"if","locations":[{"start":{"line":72,"column":6},"end":{"line":75,"column":7}},{"start":{},"end":{}}],"line":72},"15":{"loc":{"start":{"line":74,"column":8},"end":{"line":74,"column":127}},"type":"if","locations":[{"start":{"line":74,"column":8},"end":{"line":74,"column":127}},{"start":{},"end":{}}],"line":74},"16":{"loc":{"start":{"line":74,"column":79},"end":{"line":74,"column":124}},"type":"cond-expr","locations":[{"start":{"line":74,"column":108},"end":{"line":74,"column":114}},{"start":{"line":74,"column":117},"end":{"line":74,"column":124}}],"line":74},"17":{"loc":{"start":{"line":77,"column":21},"end":{"line":77,"column":89}},"type":"cond-expr","locations":[{"start":{"line":77,"column":43},"end":{"line":77,"column":47}},{"start":{"line":77,"column":51},"end":{"line":77,"column":88}}],"line":77},"18":{"loc":{"start":{"line":77,"column":51},"end":{"line":77,"column":88}},"type":"cond-expr","locations":[{"start":{"line":77,"column":77},"end":{"line":77,"column":81}},{"start":{"line":77,"column":84},"end":{"line":77,"column":88}}],"line":77},"19":{"loc":{"start":{"line":81,"column":6},"end":{"line":86,"column":7}},"type":"if","locations":[{"start":{"line":81,"column":6},"end":{"line":86,"column":7}},{"start":{},"end":{}}],"line":81},"20":{"loc":{"start":{"line":97,"column":6},"end":{"line":100,"column":7}},"type":"if","locations":[{"start":{"line":97,"column":6},"end":{"line":100,"column":7}},{"start":{},"end":{}}],"line":97},"21":{"loc":{"start":{"line":99,"column":8},"end":{"line":99,"column":88}},"type":"if","locations":[{"start":{"line":99,"column":8},"end":{"line":99,"column":88}},{"start":{},"end":{}}],"line":99},"22":{"loc":{"start":{"line":99,"column":12},"end":{"line":99,"column":48}},"type":"binary-expr","locations":[{"start":{"line":99,"column":12},"end":{"line":99,"column":24}},{"start":{"line":99,"column":28},"end":{"line":99,"column":48}}],"line":99},"23":{"loc":{"start":{"line":103,"column":6},"end":{"line":103,"column":98}},"type":"if","locations":[{"start":{"line":103,"column":6},"end":{"line":103,"column":98}},{"start":{},"end":{}}],"line":103},"24":{"loc":{"start":{"line":106,"column":6},"end":{"line":114,"column":7}},"type":"if","locations":[{"start":{"line":106,"column":6},"end":{"line":114,"column":7}},{"start":{},"end":{}}],"line":106},"25":{"loc":{"start":{"line":106,"column":10},"end":{"line":106,"column":54}},"type":"binary-expr","locations":[{"start":{"line":106,"column":10},"end":{"line":106,"column":22}},{"start":{"line":106,"column":26},"end":{"line":106,"column":54}}],"line":106},"26":{"loc":{"start":{"line":108,"column":8},"end":{"line":113,"column":9}},"type":"if","locations":[{"start":{"line":108,"column":8},"end":{"line":113,"column":9}},{"start":{},"end":{}}],"line":108},"27":{"loc":{"start":{"line":108,"column":12},"end":{"line":108,"column":49}},"type":"binary-expr","locations":[{"start":{"line":108,"column":12},"end":{"line":108,"column":23}},{"start":{"line":108,"column":27},"end":{"line":108,"column":49}}],"line":108},"28":{"loc":{"start":{"line":109,"column":10},"end":{"line":112,"column":11}},"type":"if","locations":[{"start":{"line":109,"column":10},"end":{"line":112,"column":11}},{"start":{},"end":{}}],"line":109},"29":{"loc":{"start":{"line":118,"column":6},"end":{"line":123,"column":7}},"type":"if","locations":[{"start":{"line":118,"column":6},"end":{"line":123,"column":7}},{"start":{},"end":{}}],"line":118},"30":{"loc":{"start":{"line":118,"column":10},"end":{"line":118,"column":41}},"type":"binary-expr","locations":[{"start":{"line":118,"column":10},"end":{"line":118,"column":18}},{"start":{"line":118,"column":22},"end":{"line":118,"column":41}}],"line":118},"31":{"loc":{"start":{"line":119,"column":8},"end":{"line":122,"column":9}},"type":"if","locations":[{"start":{"line":119,"column":8},"end":{"line":122,"column":9}},{"start":{},"end":{}}],"line":119},"32":{"loc":{"start":{"line":126,"column":6},"end":{"line":134,"column":7}},"type":"if","locations":[{"start":{"line":126,"column":6},"end":{"line":134,"column":7}},{"start":{},"end":{}}],"line":126},"33":{"loc":{"start":{"line":126,"column":10},"end":{"line":126,"column":106}},"type":"binary-expr","locations":[{"start":{"line":126,"column":10},"end":{"line":126,"column":30}},{"start":{"line":126,"column":35},"end":{"line":126,"column":48}},{"start":{"line":126,"column":52},"end":{"line":126,"column":105}}],"line":126},"34":{"loc":{"start":{"line":128,"column":8},"end":{"line":133,"column":9}},"type":"if","locations":[{"start":{"line":128,"column":8},"end":{"line":133,"column":9}},{"start":{},"end":{}}],"line":128},"35":{"loc":{"start":{"line":128,"column":12},"end":{"line":128,"column":49}},"type":"binary-expr","locations":[{"start":{"line":128,"column":12},"end":{"line":128,"column":23}},{"start":{"line":128,"column":27},"end":{"line":128,"column":49}}],"line":128},"36":{"loc":{"start":{"line":129,"column":10},"end":{"line":132,"column":11}},"type":"if","locations":[{"start":{"line":129,"column":10},"end":{"line":132,"column":11}},{"start":{},"end":{}}],"line":129},"37":{"loc":{"start":{"line":137,"column":6},"end":{"line":137,"column":58}},"type":"if","locations":[{"start":{"line":137,"column":6},"end":{"line":137,"column":58}},{"start":{},"end":{}}],"line":137},"38":{"loc":{"start":{"line":142,"column":2},"end":{"line":146,"column":3}},"type":"if","locations":[{"start":{"line":142,"column":2},"end":{"line":146,"column":3}},{"start":{"line":144,"column":9},"end":{"line":146,"column":3}}],"line":142},"39":{"loc":{"start":{"line":155,"column":4},"end":{"line":155,"column":72}},"type":"if","locations":[{"start":{"line":155,"column":4},"end":{"line":155,"column":72}},{"start":{},"end":{}}],"line":155},"40":{"loc":{"start":{"line":164,"column":17},"end":{"line":164,"column":39}},"type":"binary-expr","locations":[{"start":{"line":164,"column":17},"end":{"line":164,"column":33}},{"start":{"line":164,"column":37},"end":{"line":164,"column":39}}],"line":164},"41":{"loc":{"start":{"line":165,"column":4},"end":{"line":165,"column":87}},"type":"if","locations":[{"start":{"line":165,"column":4},"end":{"line":165,"column":87}},{"start":{},"end":{}}],"line":165},"42":{"loc":{"start":{"line":166,"column":4},"end":{"line":166,"column":89}},"type":"if","locations":[{"start":{"line":166,"column":4},"end":{"line":166,"column":89}},{"start":{},"end":{}}],"line":166},"43":{"loc":{"start":{"line":173,"column":2},"end":{"line":173,"column":45}},"type":"if","locations":[{"start":{"line":173,"column":2},"end":{"line":173,"column":45}},{"start":{},"end":{}}],"line":173},"44":{"loc":{"start":{"line":175,"column":2},"end":{"line":190,"column":3}},"type":"if","locations":[{"start":{"line":175,"column":2},"end":{"line":190,"column":3}},{"start":{},"end":{}}],"line":175},"45":{"loc":{"start":{"line":176,"column":4},"end":{"line":186,"column":5}},"type":"if","locations":[{"start":{"line":176,"column":4},"end":{"line":186,"column":5}},{"start":{},"end":{}}],"line":176},"46":{"loc":{"start":{"line":176,"column":8},"end":{"line":176,"column":38}},"type":"binary-expr","locations":[{"start":{"line":176,"column":8},"end":{"line":176,"column":23}},{"start":{"line":176,"column":27},"end":{"line":176,"column":38}}],"line":176},"47":{"loc":{"start":{"line":178,"column":6},"end":{"line":185,"column":7}},"type":"if","locations":[{"start":{"line":178,"column":6},"end":{"line":185,"column":7}},{"start":{},"end":{}}],"line":178},"48":{"loc":{"start":{"line":181,"column":8},"end":{"line":181,"column":81}},"type":"if","locations":[{"start":{"line":181,"column":8},"end":{"line":181,"column":81}},{"start":{},"end":{}}],"line":181},"49":{"loc":{"start":{"line":194,"column":2},"end":{"line":205,"column":3}},"type":"if","locations":[{"start":{"line":194,"column":2},"end":{"line":205,"column":3}},{"start":{},"end":{}}],"line":194},"50":{"loc":{"start":{"line":196,"column":4},"end":{"line":196,"column":74}},"type":"if","locations":[{"start":{"line":196,"column":4},"end":{"line":196,"column":74}},{"start":{},"end":{}}],"line":196},"51":{"loc":{"start":{"line":198,"column":50},"end":{"line":198,"column":108}},"type":"if","locations":[{"start":{"line":198,"column":50},"end":{"line":198,"column":108}},{"start":{},"end":{}}],"line":198},"52":{"loc":{"start":{"line":199,"column":4},"end":{"line":203,"column":5}},"type":"if","locations":[{"start":{"line":199,"column":4},"end":{"line":203,"column":5}},{"start":{},"end":{}}],"line":199},"53":{"loc":{"start":{"line":201,"column":6},"end":{"line":201,"column":86}},"type":"if","locations":[{"start":{"line":201,"column":6},"end":{"line":201,"column":86}},{"start":{},"end":{}}],"line":201},"54":{"loc":{"start":{"line":208,"column":24},"end":{"line":208,"column":66}},"type":"binary-expr","locations":[{"start":{"line":208,"column":24},"end":{"line":208,"column":58}},{"start":{"line":208,"column":62},"end":{"line":208,"column":66}}],"line":208},"55":{"loc":{"start":{"line":215,"column":2},"end":{"line":215,"column":83}},"type":"if","locations":[{"start":{"line":215,"column":2},"end":{"line":215,"column":83}},{"start":{},"end":{}}],"line":215}},"s":{"0":3,"1":3,"2":3,"3":3,"4":3,"5":52,"6":52,"7":52,"8":52,"9":0,"10":52,"11":0,"12":0,"13":0,"14":0,"15":52,"16":0,"17":52,"18":52,"19":50,"20":50,"21":50,"22":0,"23":0,"24":0,"25":0,"26":0,"27":50,"28":50,"29":0,"30":0,"31":0,"32":0,"33":0,"34":0,"35":50,"36":50,"37":50,"38":14,"39":14,"40":1,"41":1,"42":1,"43":14,"44":14,"45":14,"46":14,"47":14,"48":14,"49":14,"50":0,"51":14,"52":14,"53":5,"54":5,"55":5,"56":5,"57":3,"58":3,"59":3,"60":3,"61":5,"62":5,"63":5,"64":5,"65":5,"66":5,"67":5,"68":5,"69":5,"70":5,"71":5,"72":5,"73":4,"74":4,"75":4,"76":0,"77":0,"78":0,"79":0,"80":0,"81":4,"82":4,"83":4,"84":0,"85":0,"86":4,"87":0,"88":0,"89":0,"90":0,"91":0,"92":4,"93":4,"94":0,"95":4,"96":50,"97":0,"98":50,"99":4,"100":0,"101":0,"102":0,"103":0,"104":0,"105":0,"106":0,"107":0,"108":0,"109":0,"110":0,"111":0,"112":0,"113":0,"114":0,"115":0,"116":0,"117":0,"118":0,"119":5,"120":0,"121":5,"122":5,"123":0,"124":0,"125":0,"126":0,"127":0,"128":0,"129":0,"130":0,"131":0,"132":5,"133":5,"134":5,"135":0,"136":0,"137":0,"138":0,"139":0,"140":0,"141":0,"142":0,"143":0,"144":0,"145":0,"146":0,"147":0,"148":0,"149":0,"150":0,"151":0,"152":0,"153":0,"154":0,"155":0,"156":0,"157":0,"158":0,"159":3},"f":{"0":52,"1":0,"2":0,"3":0,"4":0,"5":14,"6":0,"7":0,"8":0,"9":0,"10":5},"b":{"0":[52],"1":[52],"2":[52],"3":[52,52],"4":[0,52],"5":[0,0],"6":[0,0],"7":[0,50],"8":[0,0],"9":[1,13],"10":[0,1],"11":[14,0],"12":[14,14],"13":[0,14],"14":[3,2],"15":[3,0],"16":[2,1],"17":[0,5],"18":[0,5],"19":[5,0],"20":[5,0],"21":[5,0],"22":[5,5],"23":[4,0],"24":[0,4],"25":[4,4],"26":[0,0],"27":[0,0],"28":[0,0],"29":[4,0],"30":[4,4],"31":[0,4],"32":[0,4],"33":[4,0,0],"34":[0,0],"35":[0,0],"36":[0,0],"37":[0,4],"38":[0,50],"39":[0,0],"40":[0,0],"41":[0,0],"42":[0,0],"43":[0,5],"44":[5,0],"45":[0,5],"46":[5,0],"47":[0,0],"48":[0,0],"49":[0,0],"50":[0,0],"51":[0,0],"52":[0,0],"53":[0,0],"54":[0,0],"55":[0,0]},"_coverageSchema":"1a1c01bbd47fc00a2c39e90264f33305004495a9","hash":"869b399a38825c8ce687abbac49c21f5e46a6106"}
,"/Users/ashishdubey/Desktop/coder/Bharatiya Bazaar/qewn/bb-backend/src/services/ledgerService.js": {"path":"/Users/ashishdubey/Desktop/coder/Bharatiya Bazaar/qewn/bb-backend/src/services/ledgerService.js","statementMap":{"0":{"start":{"line":3,"column":2},"end":{"line":14,"column":5}},"1":{"start":{"line":17,"column":0},"end":{"line":17,"column":33}}},"fnMap":{"0":{"name":"createEntry","decl":{"start":{"line":1,"column":15},"end":{"line":1,"column":26}},"loc":{"start":{"line":1,"column":137},"end":{"line":15,"column":1}},"line":1}},"branchMap":{},"s":{"0":0,"1":3},"f":{"0":0},"b":{},"_coverageSchema":"1a1c01bbd47fc00a2c39e90264f33305004495a9","hash":"6c8d7643235b66d8df857761a6b7477acaf7549a"}
,"/Users/ashishdubey/Desktop/coder/Bharatiya Bazaar/qewn/bb-backend/src/services/memberService.js": {"path":"/Users/ashishdubey/Desktop/coder/Bharatiya Bazaar/qewn/bb-backend/src/services/memberService.js","statementMap":{"0":{"start":{"line":1,"column":15},"end":{"line":1,"column":39}},"1":{"start":{"line":5,"column":2},"end":{"line":23,"column":3}},"2":{"start":{"line":6,"column":20},"end":{"line":10,"column":6}},"3":{"start":{"line":11,"column":4},"end":{"line":11,"column":39}},"4":{"start":{"line":14,"column":4},"end":{"line":21,"column":5}},"5":{"start":{"line":15,"column":21},"end":{"line":15,"column":37}},"6":{"start":{"line":16,"column":18},"end":{"line":16,"column":34}},"7":{"start":{"line":17,"column":6},"end":{"line":18,"column":58}},"8":{"start":{"line":17,"column":33},"end":{"line":17,"column":59}},"9":{"start":{"line":18,"column":11},"end":{"line":18,"column":58}},"10":{"start":{"line":18,"column":43},"end":{"line":18,"column":58}},"11":{"start":{"line":20,"column":6},"end":{"line":20,"column":61}},"12":{"start":{"line":22,"column":4},"end":{"line":22,"column":14}},"13":{"start":{"line":29,"column":13},"end":{"line":29,"column":25}},"14":{"start":{"line":30,"column":19},"end":{"line":30,"column":85}},"15":{"start":{"line":33,"column":17},"end":{"line":46,"column":4}},"16":{"start":{"line":49,"column":2},"end":{"line":54,"column":5}},"17":{"start":{"line":56,"column":2},"end":{"line":56,"column":16}},"18":{"start":{"line":60,"column":2},"end":{"line":66,"column":5}},"19":{"start":{"line":70,"column":2},"end":{"line":76,"column":5}},"20":{"start":{"line":81,"column":2},"end":{"line":87,"column":5}},"21":{"start":{"line":90,"column":0},"end":{"line":95,"column":2}}},"fnMap":{"0":{"name":"generateMemberCode","decl":{"start":{"line":4,"column":15},"end":{"line":4,"column":33}},"loc":{"start":{"line":4,"column":36},"end":{"line":24,"column":1}},"line":4},"1":{"name":"createMember","decl":{"start":{"line":28,"column":15},"end":{"line":28,"column":27}},"loc":{"start":{"line":28,"column":45},"end":{"line":57,"column":1}},"line":28},"2":{"name":"getMemberById","decl":{"start":{"line":59,"column":15},"end":{"line":59,"column":28}},"loc":{"start":{"line":59,"column":33},"end":{"line":67,"column":1}},"line":59},"3":{"name":"getMemberByMobile","decl":{"start":{"line":69,"column":15},"end":{"line":69,"column":32}},"loc":{"start":{"line":69,"column":41},"end":{"line":77,"column":1}},"line":69},"4":{"name":"getMemberByCode","decl":{"start":{"line":80,"column":15},"end":{"line":80,"column":30}},"loc":{"start":{"line":80,"column":43},"end":{"line":88,"column":1}},"line":80}},"branchMap":{"0":{"loc":{"start":{"line":14,"column":4},"end":{"line":21,"column":5}},"type":"if","locations":[{"start":{"line":14,"column":4},"end":{"line":21,"column":5}},{"start":{},"end":{}}],"line":14},"1":{"loc":{"start":{"line":17,"column":6},"end":{"line":18,"column":58}},"type":"if","locations":[{"start":{"line":17,"column":6},"end":{"line":18,"column":58}},{"start":{"line":18,"column":11},"end":{"line":18,"column":58}}],"line":17},"2":{"loc":{"start":{"line":18,"column":11},"end":{"line":18,"column":58}},"type":"if","locations":[{"start":{"line":18,"column":11},"end":{"line":18,"column":58}},{"start":{},"end":{}}],"line":18},"3":{"loc":{"start":{"line":28,"column":34},"end":{"line":28,"column":43}},"type":"default-arg","locations":[{"start":{"line":28,"column":39},"end":{"line":28,"column":43}}],"line":28},"4":{"loc":{"start":{"line":29,"column":13},"end":{"line":29,"column":25}},"type":"binary-expr","locations":[{"start":{"line":29,"column":13},"end":{"line":29,"column":15}},{"start":{"line":29,"column":19},"end":{"line":29,"column":25}}],"line":29},"5":{"loc":{"start":{"line":42,"column":15},"end":{"line":42,"column":37}},"type":"binary-expr","locations":[{"start":{"line":42,"column":15},"end":{"line":42,"column":27}},{"start":{"line":42,"column":31},"end":{"line":42,"column":37}}],"line":42},"6":{"loc":{"start":{"line":43,"column":17},"end":{"line":43,"column":44}},"type":"binary-expr","locations":[{"start":{"line":43,"column":17},"end":{"line":43,"column":31}},{"start":{"line":43,"column":35},"end":{"line":43,"column":44}}],"line":43}},"s":{"0":3,"1":0,"2":0,"3":0,"4":0,"5":0,"6":0,"7":0,"8":0,"9":0,"10":0,"11":0,"12":0,"13":55,"14":55,"15":55,"16":55,"17":55,"18":0,"19":0,"20":0,"21":3},"f":{"0":0,"1":55,"2":0,"3":0,"4":0},"b":{"0":[0,0],"1":[0,0],"2":[0,0],"3":[55],"4":[55,55],"5":[55,55],"6":[55,51]},"_coverageSchema":"1a1c01bbd47fc00a2c39e90264f33305004495a9","hash":"5077985781eb40ed60177c2bec6bd8999bfc8005"}
,"/Users/ashishdubey/Desktop/coder/Bharatiya Bazaar/qewn/bb-backend/src/services/payOnceService.js": {"path":"/Users/ashishdubey/Desktop/coder/Bharatiya Bazaar/qewn/bb-backend/src/services/payOnceService.js","statementMap":{"0":{"start":{"line":1,"column":15},"end":{"line":1,"column":39}},"1":{"start":{"line":4,"column":17},"end":{"line":11,"column":4}},"2":{"start":{"line":12,"column":2},"end":{"line":12,"column":18}},"3":{"start":{"line":16,"column":2},"end":{"line":22,"column":5}},"4":{"start":{"line":25,"column":0},"end":{"line":28,"column":2}}},"fnMap":{"0":{"name":"hasAlreadyPaid","decl":{"start":{"line":3,"column":15},"end":{"line":3,"column":29}},"loc":{"start":{"line":3,"column":51},"end":{"line":13,"column":1}},"line":3},"1":{"name":"recordPayment","decl":{"start":{"line":15,"column":15},"end":{"line":15,"column":28}},"loc":{"start":{"line":15,"column":59},"end":{"line":23,"column":1}},"line":15}},"branchMap":{},"s":{"0":3,"1":1,"2":1,"3":1,"4":3},"f":{"0":1,"1":1},"b":{},"_coverageSchema":"1a1c01bbd47fc00a2c39e90264f33305004495a9","hash":"526de6e5d08b3e520b9a1307b07a57d26c218ce7"}
,"/Users/ashishdubey/Desktop/coder/Bharatiya Bazaar/qewn/bb-backend/src/services/pinService.js": {"path":"/Users/ashishdubey/Desktop/coder/Bharatiya Bazaar/qewn/bb-backend/src/services/pinService.js","statementMap":{"0":{"start":{"line":1,"column":15},"end":{"line":1,"column":32}},"1":{"start":{"line":2,"column":15},"end":{"line":2,"column":39}},"2":{"start":{"line":3,"column":22},"end":{"line":3,"column":48}},"3":{"start":{"line":4,"column":21},"end":{"line":4,"column":46}},"4":{"start":{"line":5,"column":22},"end":{"line":5,"column":47}},"5":{"start":{"line":12,"column":14},"end":{"line":12,"column":36}},"6":{"start":{"line":13,"column":2},"end":{"line":18,"column":3}},"7":{"start":{"line":14,"column":16},"end":{"line":14,"column":63}},"8":{"start":{"line":15,"column":4},"end":{"line":15,"column":34}},"9":{"start":{"line":16,"column":4},"end":{"line":16,"column":21}},"10":{"start":{"line":17,"column":4},"end":{"line":17,"column":14}},"11":{"start":{"line":20,"column":23},"end":{"line":20,"column":88}},"12":{"start":{"line":21,"column":21},"end":{"line":21,"column":39}},"13":{"start":{"line":22,"column":26},"end":{"line":22,"column":101}},"14":{"start":{"line":24,"column":19},"end":{"line":68,"column":3}},"15":{"start":{"line":26,"column":22},"end":{"line":26,"column":73}},"16":{"start":{"line":27,"column":20},"end":{"line":27,"column":38}},"17":{"start":{"line":30,"column":4},"end":{"line":37,"column":6}},"18":{"start":{"line":40,"column":4},"end":{"line":47,"column":6}},"19":{"start":{"line":50,"column":16},"end":{"line":58,"column":6}},"20":{"start":{"line":60,"column":4},"end":{"line":67,"column":6}},"21":{"start":{"line":70,"column":2},"end":{"line":74,"column":3}},"22":{"start":{"line":71,"column":4},"end":{"line":71,"column":36}},"23":{"start":{"line":73,"column":4},"end":{"line":73,"column":67}},"24":{"start":{"line":81,"column":20},"end":{"line":81,"column":56}},"25":{"start":{"line":82,"column":2},"end":{"line":87,"column":3}},"26":{"start":{"line":83,"column":16},"end":{"line":83,"column":50}},"27":{"start":{"line":84,"column":4},"end":{"line":84,"column":30}},"28":{"start":{"line":85,"column":4},"end":{"line":85,"column":21}},"29":{"start":{"line":86,"column":4},"end":{"line":86,"column":14}},"30":{"start":{"line":89,"column":14},"end":{"line":96,"column":4}},"31":{"start":{"line":98,"column":2},"end":{"line":103,"column":3}},"32":{"start":{"line":99,"column":16},"end":{"line":99,"column":46}},"33":{"start":{"line":100,"column":4},"end":{"line":100,"column":29}},"34":{"start":{"line":101,"column":4},"end":{"line":101,"column":21}},"35":{"start":{"line":102,"column":4},"end":{"line":102,"column":14}},"36":{"start":{"line":105,"column":2},"end":{"line":110,"column":3}},"37":{"start":{"line":106,"column":16},"end":{"line":106,"column":74}},"38":{"start":{"line":107,"column":4},"end":{"line":107,"column":35}},"39":{"start":{"line":108,"column":4},"end":{"line":108,"column":21}},"40":{"start":{"line":109,"column":4},"end":{"line":109,"column":14}},"41":{"start":{"line":112,"column":2},"end":{"line":122,"column":4}},"42":{"start":{"line":129,"column":20},"end":{"line":129,"column":56}},"43":{"start":{"line":130,"column":2},"end":{"line":135,"column":3}},"44":{"start":{"line":131,"column":16},"end":{"line":131,"column":50}},"45":{"start":{"line":132,"column":4},"end":{"line":132,"column":30}},"46":{"start":{"line":133,"column":4},"end":{"line":133,"column":21}},"47":{"start":{"line":134,"column":4},"end":{"line":134,"column":14}},"48":{"start":{"line":138,"column":14},"end":{"line":140,"column":4}},"49":{"start":{"line":142,"column":2},"end":{"line":147,"column":3}},"50":{"start":{"line":143,"column":16},"end":{"line":143,"column":46}},"51":{"start":{"line":144,"column":4},"end":{"line":144,"column":29}},"52":{"start":{"line":145,"column":4},"end":{"line":145,"column":21}},"53":{"start":{"line":146,"column":4},"end":{"line":146,"column":14}},"54":{"start":{"line":149,"column":2},"end":{"line":154,"column":3}},"55":{"start":{"line":150,"column":16},"end":{"line":150,"column":123}},"56":{"start":{"line":151,"column":4},"end":{"line":151,"column":34}},"57":{"start":{"line":152,"column":4},"end":{"line":152,"column":21}},"58":{"start":{"line":153,"column":4},"end":{"line":153,"column":14}},"59":{"start":{"line":157,"column":23},"end":{"line":167,"column":4}},"60":{"start":{"line":169,"column":2},"end":{"line":174,"column":3}},"61":{"start":{"line":170,"column":16},"end":{"line":170,"column":64}},"62":{"start":{"line":171,"column":4},"end":{"line":171,"column":38}},"63":{"start":{"line":172,"column":4},"end":{"line":172,"column":21}},"64":{"start":{"line":173,"column":4},"end":{"line":173,"column":14}},"65":{"start":{"line":176,"column":2},"end":{"line":181,"column":4}},"66":{"start":{"line":188,"column":16},"end":{"line":188,"column":18}},"67":{"start":{"line":189,"column":2},"end":{"line":189,"column":64}},"68":{"start":{"line":189,"column":21},"end":{"line":189,"column":64}},"69":{"start":{"line":190,"column":2},"end":{"line":190,"column":89}},"70":{"start":{"line":190,"column":34},"end":{"line":190,"column":89}},"71":{"start":{"line":191,"column":2},"end":{"line":191,"column":86}},"72":{"start":{"line":191,"column":33},"end":{"line":191,"column":86}},"73":{"start":{"line":193,"column":2},"end":{"line":206,"column":5}},"74":{"start":{"line":213,"column":14},"end":{"line":215,"column":4}},"75":{"start":{"line":217,"column":2},"end":{"line":222,"column":3}},"76":{"start":{"line":218,"column":16},"end":{"line":218,"column":43}},"77":{"start":{"line":219,"column":4},"end":{"line":219,"column":27}},"78":{"start":{"line":220,"column":4},"end":{"line":220,"column":21}},"79":{"start":{"line":221,"column":4},"end":{"line":221,"column":14}},"80":{"start":{"line":224,"column":2},"end":{"line":229,"column":3}},"81":{"start":{"line":225,"column":16},"end":{"line":225,"column":73}},"82":{"start":{"line":226,"column":4},"end":{"line":226,"column":29}},"83":{"start":{"line":227,"column":4},"end":{"line":227,"column":21}},"84":{"start":{"line":228,"column":4},"end":{"line":228,"column":14}},"85":{"start":{"line":231,"column":18},"end":{"line":234,"column":4}},"86":{"start":{"line":236,"column":2},"end":{"line":246,"column":5}},"87":{"start":{"line":248,"column":2},"end":{"line":248,"column":17}},"88":{"start":{"line":251,"column":0},"end":{"line":257,"column":2}}},"fnMap":{"0":{"name":"generatePin","decl":{"start":{"line":11,"column":15},"end":{"line":11,"column":26}},"loc":{"start":{"line":11,"column":73},"end":{"line":75,"column":1}},"line":11},"1":{"name":"(anonymous_1)","decl":{"start":{"line":24,"column":19},"end":{"line":24,"column":20}},"loc":{"start":{"line":24,"column":33},"end":{"line":68,"column":3}},"line":24},"2":{"name":"validatePin","decl":{"start":{"line":80,"column":15},"end":{"line":80,"column":26}},"loc":{"start":{"line":80,"column":36},"end":{"line":123,"column":1}},"line":80},"3":{"name":"validateAndRedeemPin","decl":{"start":{"line":128,"column":15},"end":{"line":128,"column":35}},"loc":{"start":{"line":128,"column":89},"end":{"line":182,"column":1}},"line":128},"4":{"name":"listPins","decl":{"start":{"line":187,"column":15},"end":{"line":187,"column":23}},"loc":{"start":{"line":187,"column":37},"end":{"line":207,"column":1}},"line":187},"5":{"name":"revokePin","decl":{"start":{"line":212,"column":15},"end":{"line":212,"column":24}},"loc":{"start":{"line":212,"column":56},"end":{"line":249,"column":1}},"line":212}},"branchMap":{"0":{"loc":{"start":{"line":11,"column":56},"end":{"line":11,"column":71}},"type":"default-arg","locations":[{"start":{"line":11,"column":67},"end":{"line":11,"column":71}}],"line":11},"1":{"loc":{"start":{"line":13,"column":2},"end":{"line":18,"column":3}},"type":"if","locations":[{"start":{"line":13,"column":2},"end":{"line":18,"column":3}},{"start":{},"end":{}}],"line":13},"2":{"loc":{"start":{"line":13,"column":6},"end":{"line":13,"column":39}},"type":"binary-expr","locations":[{"start":{"line":13,"column":6},"end":{"line":13,"column":16}},{"start":{"line":13,"column":20},"end":{"line":13,"column":27}},{"start":{"line":13,"column":31},"end":{"line":13,"column":39}}],"line":13},"3":{"loc":{"start":{"line":70,"column":2},"end":{"line":74,"column":3}},"type":"if","locations":[{"start":{"line":70,"column":2},"end":{"line":74,"column":3}},{"start":{"line":72,"column":9},"end":{"line":74,"column":3}}],"line":70},"4":{"loc":{"start":{"line":81,"column":21},"end":{"line":81,"column":34}},"type":"binary-expr","locations":[{"start":{"line":81,"column":21},"end":{"line":81,"column":28}},{"start":{"line":81,"column":32},"end":{"line":81,"column":34}}],"line":81},"5":{"loc":{"start":{"line":82,"column":2},"end":{"line":87,"column":3}},"type":"if","locations":[{"start":{"line":82,"column":2},"end":{"line":87,"column":3}},{"start":{},"end":{}}],"line":82},"6":{"loc":{"start":{"line":98,"column":2},"end":{"line":103,"column":3}},"type":"if","locations":[{"start":{"line":98,"column":2},"end":{"line":103,"column":3}},{"start":{},"end":{}}],"line":98},"7":{"loc":{"start":{"line":105,"column":2},"end":{"line":110,"column":3}},"type":"if","locations":[{"start":{"line":105,"column":2},"end":{"line":110,"column":3}},{"start":{},"end":{}}],"line":105},"8":{"loc":{"start":{"line":118,"column":17},"end":{"line":121,"column":12}},"type":"cond-expr","locations":[{"start":{"line":118,"column":41},"end":{"line":121,"column":5}},{"start":{"line":121,"column":8},"end":{"line":121,"column":12}}],"line":118},"9":{"loc":{"start":{"line":128,"column":68},"end":{"line":128,"column":87}},"type":"default-arg","locations":[{"start":{"line":128,"column":83},"end":{"line":128,"column":87}}],"line":128},"10":{"loc":{"start":{"line":129,"column":21},"end":{"line":129,"column":34}},"type":"binary-expr","locations":[{"start":{"line":129,"column":21},"end":{"line":129,"column":28}},{"start":{"line":129,"column":32},"end":{"line":129,"column":34}}],"line":129},"11":{"loc":{"start":{"line":130,"column":2},"end":{"line":135,"column":3}},"type":"if","locations":[{"start":{"line":130,"column":2},"end":{"line":135,"column":3}},{"start":{},"end":{}}],"line":130},"12":{"loc":{"start":{"line":142,"column":2},"end":{"line":147,"column":3}},"type":"if","locations":[{"start":{"line":142,"column":2},"end":{"line":147,"column":3}},{"start":{},"end":{}}],"line":142},"13":{"loc":{"start":{"line":149,"column":2},"end":{"line":154,"column":3}},"type":"if","locations":[{"start":{"line":149,"column":2},"end":{"line":154,"column":3}},{"start":{},"end":{}}],"line":149},"14":{"loc":{"start":{"line":149,"column":6},"end":{"line":149,"column":60}},"type":"binary-expr","locations":[{"start":{"line":149,"column":6},"end":{"line":149,"column":27}},{"start":{"line":149,"column":31},"end":{"line":149,"column":60}}],"line":149},"15":{"loc":{"start":{"line":169,"column":2},"end":{"line":174,"column":3}},"type":"if","locations":[{"start":{"line":169,"column":2},"end":{"line":174,"column":3}},{"start":{},"end":{}}],"line":169},"16":{"loc":{"start":{"line":187,"column":24},"end":{"line":187,"column":35}},"type":"default-arg","locations":[{"start":{"line":187,"column":33},"end":{"line":187,"column":35}}],"line":187},"17":{"loc":{"start":{"line":189,"column":2},"end":{"line":189,"column":64}},"type":"if","locations":[{"start":{"line":189,"column":2},"end":{"line":189,"column":64}},{"start":{},"end":{}}],"line":189},"18":{"loc":{"start":{"line":190,"column":2},"end":{"line":190,"column":89}},"type":"if","locations":[{"start":{"line":190,"column":2},"end":{"line":190,"column":89}},{"start":{},"end":{}}],"line":190},"19":{"loc":{"start":{"line":191,"column":2},"end":{"line":191,"column":86}},"type":"if","locations":[{"start":{"line":191,"column":2},"end":{"line":191,"column":86}},{"start":{},"end":{}}],"line":191},"20":{"loc":{"start":{"line":204,"column":10},"end":{"line":204,"column":29}},"type":"binary-expr","locations":[{"start":{"line":204,"column":10},"end":{"line":204,"column":22}},{"start":{"line":204,"column":26},"end":{"line":204,"column":29}}],"line":204},"21":{"loc":{"start":{"line":205,"column":10},"end":{"line":205,"column":28}},"type":"binary-expr","locations":[{"start":{"line":205,"column":10},"end":{"line":205,"column":23}},{"start":{"line":205,"column":27},"end":{"line":205,"column":28}}],"line":205},"22":{"loc":{"start":{"line":212,"column":41},"end":{"line":212,"column":54}},"type":"default-arg","locations":[{"start":{"line":212,"column":50},"end":{"line":212,"column":54}}],"line":212},"23":{"loc":{"start":{"line":217,"column":2},"end":{"line":222,"column":3}},"type":"if","locations":[{"start":{"line":217,"column":2},"end":{"line":222,"column":3}},{"start":{},"end":{}}],"line":217},"24":{"loc":{"start":{"line":224,"column":2},"end":{"line":229,"column":3}},"type":"if","locations":[{"start":{"line":224,"column":2},"end":{"line":229,"column":3}},{"start":{},"end":{}}],"line":224}},"s":{"0":0,"1":0,"2":0,"3":0,"4":0,"5":0,"6":0,"7":0,"8":0,"9":0,"10":0,"11":0,"12":0,"13":0,"14":0,"15":0,"16":0,"17":0,"18":0,"19":0,"20":0,"21":0,"22":0,"23":0,"24":0,"25":0,"26":0,"27":0,"28":0,"29":0,"30":0,"31":0,"32":0,"33":0,"34":0,"35":0,"36":0,"37":0,"38":0,"39":0,"40":0,"41":0,"42":0,"43":0,"44":0,"45":0,"46":0,"47":0,"48":0,"49":0,"50":0,"51":0,"52":0,"53":0,"54":0,"55":0,"56":0,"57":0,"58":0,"59":0,"60":0,"61":0,"62":0,"63":0,"64":0,"65":0,"66":0,"67":0,"68":0,"69":0,"70":0,"71":0,"72":0,"73":0,"74":0,"75":0,"76":0,"77":0,"78":0,"79":0,"80":0,"81":0,"82":0,"83":0,"84":0,"85":0,"86":0,"87":0,"88":0},"f":{"0":0,"1":0,"2":0,"3":0,"4":0,"5":0},"b":{"0":[0],"1":[0,0],"2":[0,0,0],"3":[0,0],"4":[0,0],"5":[0,0],"6":[0,0],"7":[0,0],"8":[0,0],"9":[0],"10":[0,0],"11":[0,0],"12":[0,0],"13":[0,0],"14":[0,0],"15":[0,0],"16":[0],"17":[0,0],"18":[0,0],"19":[0,0],"20":[0,0],"21":[0,0],"22":[0],"23":[0,0],"24":[0,0]}}
[...]
type":"default-arg","locations":[{"start":{"line":33,"column":70},"end":{"line":33,"column":74}}],"line":33},"4":{"loc":{"start":{"line":33,"column":76},"end":{"line":33,"column":94}},"type":"default-arg","locations":[{"start":{"line":33,"column":90},"end":{"line":33,"column":94}}],"line":33},"5":{"loc":{"start":{"line":34,"column":2},"end":{"line":34,"column":36}},"type":"if","locations":[{"start":{"line":34,"column":2},"end":{"line":34,"column":36}},{"start":{},"end":{}}],"line":34},"6":{"loc":{"start":{"line":49,"column":4},"end":{"line":51,"column":5}},"type":"if","locations":[{"start":{"line":49,"column":4},"end":{"line":51,"column":5}},{"start":{},"end":{}}],"line":49},"7":{"loc":{"start":{"line":58,"column":2},"end":{"line":60,"column":3}},"type":"if","locations":[{"start":{"line":58,"column":2},"end":{"line":60,"column":3}},{"start":{},"end":{}}],"line":58},"8":{"loc":{"start":{"line":84,"column":2},"end":{"line":86,"column":3}},"type":"if","locations":[{"start":{"line":84,"column":2},"end":{"line":86,"column":3}},{"start":{},"end":{}}],"line":84},"9":{"loc":{"start":{"line":91,"column":42},"end":{"line":91,"column":52}},"type":"default-arg","locations":[{"start":{"line":91,"column":50},"end":{"line":91,"column":52}}],"line":91},"10":{"loc":{"start":{"line":91,"column":54},"end":{"line":91,"column":64}},"type":"default-arg","locations":[{"start":{"line":91,"column":63},"end":{"line":91,"column":64}}],"line":91},"11":{"loc":{"start":{"line":105,"column":2},"end":{"line":107,"column":3}},"type":"if","locations":[{"start":{"line":105,"column":2},"end":{"line":107,"column":3}},{"start":{},"end":{}}],"line":105}},"s":{"0":3,"1":0,"2":0,"3":0,"4":0,"5":0,"6":0,"7":0,"8":0,"9":0,"10":0,"11":0,"12":0,"13":0,"14":0,"15":0,"16":0,"17":0,"18":0,"19":0,"20":0,"21":0,"22":0,"23":0,"24":0,"25":0,"26":0,"27":0,"28":0,"29":0,"30":0,"31":3},"f":{"0":0,"1":0,"2":0,"3":0},"b":{"0":[0],"1":[0],"2":[0,0],"3":[0],"4":[0],"5":[0,0],"6":[0,0],"7":[0,0],"8":[0,0],"9":[0],"10":[0],"11":[0,0]},"_coverageSchema":"1a1c01bbd47fc00a2c39e90264f33305004495a9","hash":"5b01613457905e3b54a3cf354369eb14b712acc2"}
,"/Users/ashishdubey/Desktop/coder/Bharatiya Bazaar/qewn/bb-backend/src/services/withdrawalService.js": {"path":"/Users/ashishdubey/Desktop/coder/Bharatiya Bazaar/qewn/bb-backend/src/services/withdrawalService.js","statementMap":{"0":{"start":{"line":1,"column":15},"end":{"line":1,"column":39}},"1":{"start":{"line":2,"column":22},"end":{"line":2,"column":48}},"2":{"start":{"line":3,"column":19},"end":{"line":3,"column":42}},"3":{"start":{"line":5,"column":29},"end":{"line":11,"column":1}},"4":{"start":{"line":13,"column":29},"end":{"line":13,"column":34}},"5":{"start":{"line":20,"column":21},"end":{"line":20,"column":53}},"6":{"start":{"line":21,"column":23},"end":{"line":21,"column":63}},"7":{"start":{"line":24,"column":2},"end":{"line":56,"column":3}},"8":{"start":{"line":25,"column":27},"end":{"line":25,"column":34}},"9":{"start":{"line":26,"column":20},"end":{"line":26,"column":24}},"10":{"start":{"line":27,"column":31},"end":{"line":27,"column":32}},"11":{"start":{"line":28,"column":29},"end":{"line":28,"column":40}},"12":{"start":{"line":29,"column":19},"end":{"line":29,"column":20}},"13":{"start":{"line":31,"column":4},"end":{"line":33,"column":5}},"14":{"start":{"line":32,"column":6},"end":{"line":32,"column":77}},"15":{"start":{"line":35,"column":25},"end":{"line":35,"column":52}},"16":{"start":{"line":36,"column":29},"end":{"line":36,"column":84}},"17":{"start":{"line":37,"column":21},"end":{"line":37,"column":52}},"18":{"start":{"line":39,"column":4},"end":{"line":55,"column":6}},"19":{"start":{"line":58,"column":2},"end":{"line":95,"column":5}},"20":{"start":{"line":59,"column":19},"end":{"line":59,"column":74}},"21":{"start":{"line":60,"column":4},"end":{"line":60,"column":53}},"22":{"start":{"line":60,"column":17},"end":{"line":60,"column":53}},"23":{"start":{"line":63,"column":24},"end":{"line":63,"column":78}},"24":{"start":{"line":64,"column":31},"end":{"line":64,"column":65}},"25":{"start":{"line":65,"column":29},"end":{"line":65,"column":61}},"26":{"start":{"line":69,"column":6},"end":{"line":69,"column":71}},"27":{"start":{"line":72,"column":25},"end":{"line":72,"column":52}},"28":{"start":{"line":73,"column":29},"end":{"line":73,"column":84}},"29":{"start":{"line":76,"column":21},"end":{"line":76,"column":52}},"30":{"start":{"line":78,"column":4},"end":{"line":94,"column":6}},"31":{"start":{"line":102,"column":2},"end":{"line":104,"column":3}},"32":{"start":{"line":103,"column":4},"end":{"line":103,"column":60}},"33":{"start":{"line":106,"column":21},"end":{"line":106,"column":53}},"34":{"start":{"line":107,"column":2},"end":{"line":109,"column":3}},"35":{"start":{"line":108,"column":4},"end":{"line":108,"column":106}},"36":{"start":{"line":111,"column":2},"end":{"line":202,"column":5}},"37":{"start":{"line":113,"column":4},"end":{"line":118,"column":5}},"38":{"start":{"line":114,"column":23},"end":{"line":116,"column":8}},"39":{"start":{"line":117,"column":6},"end":{"line":117,"column":36}},"40":{"start":{"line":117,"column":20},"end":{"line":117,"column":36}},"41":{"start":{"line":121,"column":19},"end":{"line":123,"column":6}},"42":{"start":{"line":125,"column":4},"end":{"line":127,"column":5}},"43":{"start":{"line":126,"column":6},"end":{"line":126,"column":72}},"44":{"start":{"line":129,"column":4},"end":{"line":131,"column":5}},"45":{"start":{"line":130,"column":6},"end":{"line":130,"column":77}},"46":{"start":{"line":133,"column":4},"end":{"line":135,"column":5}},"47":{"start":{"line":134,"column":6},"end":{"line":134,"column":104}},"48":{"start":{"line":138,"column":20},"end":{"line":140,"column":5}},"49":{"start":{"line":141,"column":19},"end":{"line":141,"column":40}},"50":{"start":{"line":143,"column":4},"end":{"line":145,"column":5}},"51":{"start":{"line":144,"column":6},"end":{"line":144,"column":67}},"52":{"start":{"line":148,"column":24},"end":{"line":148,"column":78}},"53":{"start":{"line":149,"column":31},"end":{"line":149,"column":65}},"54":{"start":{"line":150,"column":29},"end":{"line":150,"column":61}},"55":{"start":{"line":153,"column":25},"end":{"line":153,"column":90}},"56":{"start":{"line":156,"column":25},"end":{"line":156,"column":52}},"57":{"start":{"line":157,"column":25},"end":{"line":157,"column":57}},"58":{"start":{"line":158,"column":29},"end":{"line":158,"column":84}},"59":{"start":{"line":161,"column":21},"end":{"line":161,"column":52}},"60":{"start":{"line":164,"column":4},"end":{"line":166,"column":5}},"61":{"start":{"line":165,"column":6},"end":{"line":165,"column":106}},"62":{"start":{"line":169,"column":4},"end":{"line":169,"column":113}},"63":{"start":{"line":172,"column":23},"end":{"line":186,"column":6}},"64":{"start":{"line":189,"column":4},"end":{"line":199,"column":5}},"65":{"start":{"line":190,"column":6},"end":{"line":198,"column":9}},"66":{"start":{"line":201,"column":4},"end":{"line":201,"column":22}},"67":{"start":{"line":209,"column":2},"end":{"line":287,"column":5}},"68":{"start":{"line":210,"column":23},"end":{"line":212,"column":6}},"69":{"start":{"line":214,"column":4},"end":{"line":214,"column":61}},"70":{"start":{"line":214,"column":21},"end":{"line":214,"column":61}},"71":{"start":{"line":215,"column":4},"end":{"line":217,"column":5}},"72":{"start":{"line":216,"column":6},"end":{"line":216,"column":85}},"73":{"start":{"line":220,"column":4},"end":{"line":222,"column":5}},"74":{"start":{"line":221,"column":6},"end":{"line":221,"column":100}},"75":{"start":{"line":225,"column":4},"end":{"line":232,"column":6}},"76":{"start":{"line":235,"column":4},"end":{"line":242,"column":6}},"77":{"start":{"line":244,"column":4},"end":{"line":255,"column":5}},"78":{"start":{"line":245,"column":6},"end":{"line":252,"column":8}},"79":{"start":{"line":254,"column":6},"end":{"line":254,"column":53}},"80":{"start":{"line":257,"column":4},"end":{"line":266,"column":5}},"81":{"start":{"line":258,"column":6},"end":{"line":265,"column":8}},"82":{"start":{"line":268,"column":4},"end":{"line":277,"column":5}},"83":{"start":{"line":269,"column":6},"end":{"line":276,"column":8}},"84":{"start":{"line":280,"column":4},"end":{"line":286,"column":7}},"85":{"start":{"line":294,"column":2},"end":{"line":326,"column":5}},"86":{"start":{"line":295,"column":23},"end":{"line":297,"column":6}},"87":{"start":{"line":299,"column":4},"end":{"line":299,"column":61}},"88":{"start":{"line":299,"column":21},"end":{"line":299,"column":61}},"89":{"start":{"line":300,"column":4},"end":{"line":302,"column":5}},"90":{"start":{"line":301,"column":6},"end":{"line":301,"column":85}},"91":{"start":{"line":305,"column":4},"end":{"line":312,"column":6}},"92":{"start":{"line":315,"column":4},"end":{"line":315,"column":51}},"93":{"start":{"line":318,"column":4},"end":{"line":325,"column":7}},"94":{"start":{"line":330,"column":2},"end":{"line":332,"column":3}},"95":{"start":{"line":331,"column":4},"end":{"line":331,"column":50}},"96":{"start":{"line":333,"column":2},"end":{"line":335,"column":3}},"97":{"start":{"line":334,"column":4},"end":{"line":334,"column":65}},"98":{"start":{"line":336,"column":2},"end":{"line":336,"column":64}},"99":{"start":{"line":339,"column":0},"end":{"line":347,"column":2}}},"fnMap":{"0":{"name":"previewWithdrawal","decl":{"start":{"line":19,"column":15},"end":{"line":19,"column":32}},"loc":{"start":{"line":19,"column":64},"end":{"line":96,"column":1}},"line":19},"1":{"name":"(anonymous_1)","decl":{"start":{"line":58,"column":35},"end":{"line":58,"column":36}},"loc":{"start":{"line":58,"column":49},"end":{"line":95,"column":3}},"line":58},"2":{"name":"requestWithdrawal","decl":{"start":{"line":101,"column":15},"end":{"line":101,"column":32}},"loc":{"start":{"line":101,"column":120},"end":{"line":203,"column":1}},"line":101},"3":{"name":"(anonymous_3)","decl":{"start":{"line":111,"column":35},"end":{"line":111,"column":36}},"loc":{"start":{"line":111,"column":49},"end":{"line":202,"column":3}},"line":111},"4":{"name":"completeWithdrawal","decl":{"start":{"line":208,"column":15},"end":{"line":208,"column":33}},"loc":{"start":{"line":208,"column":64},"end":{"line":288,"column":1}},"line":208},"5":{"name":"(anonymous_5)","decl":{"start":{"line":209,"column":35},"end":{"line":209,"column":36}},"loc":{"start":{"line":209,"column":49},"end":{"line":287,"column":3}},"line":209},"6":{"name":"rejectWithdrawal","decl":{"start":{"line":293,"column":15},"end":{"line":293,"column":31}},"loc":{"start":{"line":293,"column":101},"end":{"line":327,"column":1}},"line":293},"7":{"name":"(anonymous_7)","decl":{"start":{"line":294,"column":35},"end":{"line":294,"column":36}},"loc":{"start":{"line":294,"column":49},"end":{"line":326,"column":3}},"line":294},"8":{"name":"processWithdrawal","decl":{"start":{"line":329,"column":15},"end":{"line":329,"column":32}},"loc":{"start":{"line":329,"column":79},"end":{"line":337,"column":1}},"line":329}},"branchMap":{"0":{"loc":{"start":{"line":20,"column":22},"end":{"line":20,"column":38}},"type":"binary-expr","locations":[{"start":{"line":20,"column":22},"end":{"line":20,"column":28}},{"start":{"line":20,"column":32},"end":{"line":20,"column":38}}],"line":20},"1":{"loc":{"start":{"line":21,"column":23},"end":{"line":21,"column":63}},"type":"binary-expr","locations":[{"start":{"line":21,"column":23},"end":{"line":21,"column":55}},{"start":{"line":21,"column":59},"end":{"line":21,"column":63}}],"line":21},"2":{"loc":{"start":{"line":24,"column":2},"end":{"line":56,"column":3}},"type":"if","locations":[{"start":{"line":24,"column":2},"end":{"line":56,"column":3}},{"start":{},"end":{}}],"line":24},"3":{"loc":{"start":{"line":31,"column":4},"end":{"line":33,"column":5}},"type":"if","locations":[{"start":{"line":31,"column":4},"end":{"line":33,"column":5}},{"start":{},"end":{}}],"line":31},"4":{"loc":{"start":{"line":60,"column":4},"end":{"line":60,"column":53}},"type":"if","locations":[{"start":{"line":60,"column":4},"end":{"line":60,"column":53}},{"start":{},"end":{}}],"line":60},"5":{"loc":{"start":{"line":101,"column":74},"end":{"line":101,"column":95}},"type":"default-arg","locations":[{"start":{"line":101,"column":91},"end":{"line":101,"column":95}}],"line":101},"6":{"loc":{"start":{"line":101,"column":97},"end":{"line":101,"column":118}},"type":"default-arg","locations":[{"start":{"line":101,"column":114},"end":{"line":101,"column":118}}],"line":101},"7":{"loc":{"start":{"line":102,"column":2},"end":{"line":104,"column":3}},"type":"if","locations":[{"start":{"line":102,"column":2},"end":{"line":104,"column":3}},{"start":{},"end":{}}],"line":102},"8":{"loc":{"start":{"line":106,"column":22},"end":{"line":106,"column":38}},"type":"binary-expr","locations":[{"start":{"line":106,"column":22},"end":{"line":106,"column":28}},{"start":{"line":106,"column":32},"end":{"line":106,"column":38}}],"line":106},"9":{"loc":{"start":{"line":107,"column":2},"end":{"line":109,"column":3}},"type":"if","locations":[{"start":{"line":107,"column":2},"end":{"line":109,"column":3}},{"start":{},"end":{}}],"line":107},"10":{"loc":{"start":{"line":113,"column":4},"end":{"line":118,"column":5}},"type":"if","locations":[{"start":{"line":113,"column":4},"end":{"line":118,"column":5}},{"start":{},"end":{}}],"line":113},"11":{"loc":{"start":{"line":117,"column":6},"end":{"line":117,"column":36}},"type":"if","locations":[{"start":{"line":117,"column":6},"end":{"line":117,"column":36}},{"start":{},"end":{}}],"line":117},"12":{"loc":{"start":{"line":125,"column":4},"end":{"line":127,"column":5}},"type":"if","locations":[{"start":{"line":125,"column":4},"end":{"line":127,"column":5}},{"start":{},"end":{}}],"line":125},"13":{"loc":{"start":{"line":129,"column":4},"end":{"line":131,"column":5}},"type":"if","locations":[{"start":{"line":129,"column":4},"end":{"line":131,"column":5}},{"start":{},"end":{}}],"line":129},"14":{"loc":{"start":{"line":133,"column":4},"end":{"line":135,"column":5}},"type":"if","locations":[{"start":{"line":133,"column":4},"end":{"line":135,"column":5}},{"start":{},"end":{}}],"line":133},"15":{"loc":{"start":{"line":141,"column":19},"end":{"line":141,"column":40}},"type":"binary-expr","locations":[{"start":{"line":141,"column":19},"end":{"line":141,"column":26}},{"start":{"line":141,"column":30},"end":{"line":141,"column":40}}],"line":141},"16":{"loc":{"start":{"line":143,"column":4},"end":{"line":145,"column":5}},"type":"if","locations":[{"start":{"line":143,"column":4},"end":{"line":145,"column":5}},{"start":{},"end":{}}],"line":143},"17":{"loc":{"start":{"line":143,"column":8},"end":{"line":143,"column":52}},"type":"binary-expr","locations":[{"start":{"line":143,"column":8},"end":{"line":143,"column":15}},{"start":{"line":143,"column":19},"end":{"line":143,"column":52}}],"line":143},"18":{"loc":{"start":{"line":164,"column":4},"end":{"line":166,"column":5}},"type":"if","locations":[{"start":{"line":164,"column":4},"end":{"line":166,"column":5}},{"start":{},"end":{}}],"line":164},"19":{"loc":{"start":{"line":182,"column":24},"end":{"line":182,"column":46}},"type":"binary-expr","locations":[{"start":{"line":182,"column":24},"end":{"line":182,"column":38}},{"start":{"line":182,"column":42},"end":{"line":182,"column":46}}],"line":182},"20":{"loc":{"start":{"line":184,"column":24},"end":{"line":184,"column":78}},"type":"cond-expr","locations":[{"start":{"line":184,"column":41},"end":{"line":184,"column":71}},{"start":{"line":184,"column":74},"end":{"line":184,"column":78}}],"line":184},"21":{"loc":{"start":{"line":189,"column":4},"end":{"line":199,"column":5}},"type":"if","locations":[{"start":{"line":189,"column":4},"end":{"line":199,"column":5}},{"start":{},"end":{}}],"line":189},"22":{"loc":{"start":{"line":208,"column":48},"end":{"line":208,"column":62}},"type":"default-arg","locations":[{"start":{"line":208,"column":58},"end":{"line":208,"column":62}}],"line":208},"23":{"loc":{"start":{"line":214,"column":4},"end":{"line":214,"column":61}},"type":"if","locations":[{"start":{"line":214,"column":4},"end":{"line":214,"column":61}},{"start":{},"end":{}}],"line":214},"24":{"loc":{"start":{"line":215,"column":4},"end":{"line":217,"column":5}},"type":"if","locations":[{"start":{"line":215,"column":4},"end":{"line":217,"column":5}},{"start":{},"end":{}}],"line":215},"25":{"loc":{"start":{"line":220,"column":4},"end":{"line":222,"column":5}},"type":"if","locations":[{"start":{"line":220,"column":4},"end":{"line":222,"column":5}},{"start":{},"end":{}}],"line":220},"26":{"loc":{"start":{"line":244,"column":4},"end":{"line":255,"column":5}},"type":"if","locations":[{"start":{"line":244,"column":4},"end":{"line":255,"column":5}},{"start":{},"end":{}}],"line":244},"27":{"loc":{"start":{"line":257,"column":4},"end":{"line":266,"column":5}},"type":"if","locations":[{"start":{"line":257,"column":4},"end":{"line":266,"column":5}},{"start":{},"end":{}}],"line":257},"28":{"loc":{"start":{"line":268,"column":4},"end":{"line":277,"column":5}},"type":"if","locations":[{"start":{"line":268,"column":4},"end":{"line":277,"column":5}},{"start":{},"end":{}}],"line":268},"29":{"loc":{"start":{"line":293,"column":46},"end":{"line":293,"column":83}},"type":"default-arg","locations":[{"start":{"line":293,"column":64},"end":{"line":293,"column":83}}],"line":293},"30":{"loc":{"start":{"line":293,"column":85},"end":{"line":293,"column":99}},"type":"default-arg","locations":[{"start":{"line":293,"column":95},"end":{"line":293,"column":99}}],"line":293},"31":{"loc":{"start":{"line":299,"column":4},"end":{"line":299,"column":61}},"type":"if","locations":[{"start":{"line":299,"column":4},"end":{"line":299,"column":61}},{"start":{},"end":{}}],"line":299},"32":{"loc":{"start":{"line":300,"column":4},"end":{"line":302,"column":5}},"type":"if","locations":[{"start":{"line":300,"column":4},"end":{"line":302,"column":5}},{"start":{},"end":{}}],"line":300},"33":{"loc":{"start":{"line":329,"column":55},"end":{"line":329,"column":77}},"type":"default-arg","locations":[{"start":{"line":329,"column":73},"end":{"line":329,"column":77}}],"line":329},"34":{"loc":{"start":{"line":330,"column":2},"end":{"line":332,"column":3}},"type":"if","locations":[{"start":{"line":330,"column":2},"end":{"line":332,"column":3}},{"start":{},"end":{}}],"line":330},"35":{"loc":{"start":{"line":330,"column":6},"end":{"line":330,"column":51}},"type":"binary-expr","locations":[{"start":{"line":330,"column":6},"end":{"line":330,"column":26}},{"start":{"line":330,"column":30},"end":{"line":330,"column":51}}],"line":330},"36":{"loc":{"start":{"line":333,"column":2},"end":{"line":335,"column":3}},"type":"if","locations":[{"start":{"line":333,"column":2},"end":{"line":335,"column":3}},{"start":{},"end":{}}],"line":333}},"s":{"0":2,"1":2,"2":2,"3":2,"4":2,"5":0,"6":0,"7":0,"8":0,"9":0,"10":0,"11":0,"12":0,"13":0,"14":0,"15":0,"16":0,"17":0,"18":0,"19":0,"20":0,"21":0,"22":0,"23":0,"24":0,"25":0,"26":0,"27":0,"28":0,"29":0,"30":0,"31":3,"32":0,"33":3,"34":3,"35":0,"36":3,"37":3,"38":0,"39":0,"40":0,"41":3,"42":3,"43":0,"44":3,"45":0,"46":3,"47":3,"48":0,"49":0,"50":0,"51":0,"52":0,"53":0,"54":0,"55":0,"56":0,"57":0,"58":0,"59":0,"60":0,"61":0,"62":0,"63":0,"64":0,"65":0,"66":0,"67":0,"68":0,"69":0,"70":0,"71":0,"72":0,"73":0,"74":0,"75":0,"76":0,"77":0,"78":0,"79":0,"80":0,"81":0,"82":0,"83":0,"84":0,"85":0,"86":0,"87":0,"88":0,"89":0,"90":0,"91":0,"92":0,"93":0,"94":0,"95":0,"96":0,"97":0,"98":0,"99":2},"f":{"0":0,"1":0,"2":3,"3":3,"4":0,"5":0,"6":0,"7":0,"8":0},"b":{"0":[0,0],"1":[0,0],"2":[0,0],"3":[0,0],"4":[0,0],"5":[3],"6":[3],"7":[0,3],"8":[3,0],"9":[0,3],"10":[0,3],"11":[0,0],"12":[0,3],"13":[0,3],"14":[3,0],"15":[0,0],"16":[0,0],"17":[0,0],"18":[0,0],"19":[0,0],"20":[0,0],"21":[0,0],"22":[0],"23":[0,0],"24":[0,0],"25":[0,0],"26":[0,0],"27":[0,0],"28":[0,0],"29":[0],"30":[0],"31":[0,0],"32":[0,0],"33":[0],"34":[0,0],"35":[0,0],"36":[0,0]},"_coverageSchema":"1a1c01bbd47fc00a2c39e90264f33305004495a9","hash":"b5fd329f33143e386311120f2805ed8478af424e"}
}
