{"/Users/ashishdubey/Desktop/coder/Bharatiya Bazaar/qewn/bb-backend/src/services/acbService.js": {"path":"/Users/ashishdubey/Desktop/coder/Bharatiya Bazaar/qewn/bb-backend/src/services/acbService.js","statementMap":{"0":{"start":{"line":1,"column":15},"end":{"line":1,"column":39}},"1":{"start":{"line":2,"column":22},"end":{"line":2,"column":48}},"2":{"start":{"line":5,"column":23},"end":{"line":7,"column":4}},"3":{"start":{"line":9,"column":2},"end":{"line":11,"column":3}},"4":{"start":{"line":10,"column":4},"end":{"line":10,"column":17}},"5":{"start":{"line":13,"column":19},"end":{"line":15,"column":4}},"6":{"start":{"line":17,"column":18},"end":{"line":17,"column":55}},"7":{"start":{"line":17,"column":37},"end":{"line":17,"column":54}},"8":{"start":{"line":18,"column":19},"end":{"line":18,"column":57}},"9":{"start":{"line":18,"column":38},"end":{"line":18,"column":56}},"10":{"start":{"line":20,"column":2},"end":{"line":20,"column":29}},"11":{"start":{"line":24,"column":2},"end":{"line":30,"column":5}},"12":{"start":{"line":35,"column":28},"end":{"line":40,"column":4}},"13":{"start":{"line":42,"column":2},"end":{"line":42,"column":45}},"14":{"start":{"line":42,"column":38},"end":{"line":42,"column":45}},"15":{"start":{"line":44,"column":17},"end":{"line":44,"column":77}},"16":{"start":{"line":46,"column":2},"end":{"line":55,"column":3}},"17":{"start":{"line":48,"column":4},"end":{"line":51,"column":7}},"18":{"start":{"line":54,"column":4},"end":{"line":54,"column":173}},"19":{"start":{"line":58,"column":0},"end":{"line":62,"column":2}}},"fnMap":{"0":{"name":"checkAcbStatus","decl":{"start":{"line":4,"column":15},"end":{"line":4,"column":29}},"loc":{"start":{"line":4,"column":44},"end":{"line":21,"column":1}},"line":4},"1":{"name":"(anonymous_1)","decl":{"start":{"line":17,"column":32},"end":{"line":17,"column":33}},"loc":{"start":{"line":17,"column":37},"end":{"line":17,"column":54}},"line":17},"2":{"name":"(anonymous_2)","decl":{"start":{"line":18,"column":33},"end":{"line":18,"column":34}},"loc":{"start":{"line":18,"column":38},"end":{"line":18,"column":56}},"line":18},"3":{"name":"unlockAcb","decl":{"start":{"line":23,"column":15},"end":{"line":23,"column":24}},"loc":{"start":{"line":23,"column":39},"end":{"line":31,"column":1}},"line":23},"4":{"name":"unlockLockedEarnings","decl":{"start":{"line":33,"column":15},"end":{"line":33,"column":35}},"loc":{"start":{"line":33,"column":50},"end":{"line":56,"column":1}},"line":33}},"branchMap":{"0":{"loc":{"start":{"line":9,"column":2},"end":{"line":11,"column":3}},"type":"if","locations":[{"start":{"line":9,"column":2},"end":{"line":11,"column":3}},{"start":{},"end":{}}],"line":9},"1":{"loc":{"start":{"line":20,"column":9},"end":{"line":20,"column":28}},"type":"binary-expr","locations":[{"start":{"line":20,"column":9},"end":{"line":20,"column":16}},{"start":{"line":20,"column":20},"end":{"line":20,"column":28}}],"line":20},"2":{"loc":{"start":{"line":42,"column":2},"end":{"line":42,"column":45}},"type":"if","locations":[{"start":{"line":42,"column":2},"end":{"line":42,"column":45}},{"start":{},"end":{}}],"line":42}},"s":{"0":3,"1":3,"2":54,"3":54,"4":0,"5":54,"6":54,"7":0,"8":54,"9":0,"10":54,"11":0,"12":0,"13":0,"14":0,"15":0,"16":0,"17":0,"18":0,"19":3},"f":{"0":54,"1":0,"2":0,"3":0,"4":0},"b":{"0":[0,54],"1":[54,0],"2":[0,0]},"_coverageSchema":"1a1c01bbd47fc00a2c39e90264f33305004495a9","hash":"f1fb6baaf243eda4d587e91df90f3f7a8006b209"}
,"/Users/ashishdubey/Desktop/coder/Bharatiya Bazaar/qewn/bb-backend/src/services/adminService.js": {"path":"/Users/ashishdubey/Desktop/coder/Bharatiya Bazaar/qewn/bb-backend/src/services/adminService.js","statementMap":{"0":{"start":{"line":1,"column":15},"end":{"line":1,"column":39}},"1":{"start":{"line":2,"column":22},"end":{"line":2,"column":47}},"2":{"start":{"line":4,"column":27},"end":{"line":8,"column":1}},"3":{"start":{"line":19,"column":18},"end":{"line":21,"column":4}},"4":{"start":{"line":23,"column":2},"end":{"line":23,"column":36}},"5":{"start":{"line":23,"column":16},"end":{"line":23,"column":36}},"6":{"start":{"line":25,"column":2},"end":{"line":34,"column":3}},"7":{"start":{"line":27,"column":6},"end":{"line":27,"column":41}},"8":{"start":{"line":29,"column":6},"end":{"line":29,"column":38}},"9":{"start":{"line":31,"column":6},"end":{"line":31,"column":39}},"10":{"start":{"line":33,"column":6},"end":{"line":33,"column":27}},"11":{"start":{"line":46,"column":16},"end":{"line":48,"column":4}},"12":{"start":{"line":50,"column":2},"end":{"line":52,"column":3}},"13":{"start":{"line":51,"column":4},"end":{"line":51,"column":45}},"14":{"start":{"line":55,"column":2},"end":{"line":57,"column":3}},"15":{"start":{"line":56,"column":4},"end":{"line":56,"column":91}},"16":{"start":{"line":59,"column":26},"end":{"line":61,"column":4}},"17":{"start":{"line":63,"column":19},"end":{"line":63,"column":65}},"18":{"start":{"line":66,"column":2},"end":{"line":68,"column":3}},"19":{"start":{"line":67,"column":4},"end":{"line":67,"column":27}},"20":{"start":{"line":70,"column":25},"end":{"line":83,"column":4}},"21":{"start":{"line":86,"column":2},"end":{"line":98,"column":5}},"22":{"start":{"line":100,"column":2},"end":{"line":100,"column":24}},"23":{"start":{"line":103,"column":0},"end":{"line":107,"column":2}}},"fnMap":{"0":{"name":"getSetting","decl":{"start":{"line":18,"column":15},"end":{"line":18,"column":25}},"loc":{"start":{"line":18,"column":62},"end":{"line":35,"column":1}},"line":18},"1":{"name":"updateSetting","decl":{"start":{"line":45,"column":15},"end":{"line":45,"column":28}},"loc":{"start":{"line":45,"column":70},"end":{"line":101,"column":1}},"line":45}},"branchMap":{"0":{"loc":{"start":{"line":18,"column":45},"end":{"line":18,"column":60}},"type":"default-arg","locations":[{"start":{"line":18,"column":52},"end":{"line":18,"column":60}}],"line":18},"1":{"loc":{"start":{"line":23,"column":2},"end":{"line":23,"column":36}},"type":"if","locations":[{"start":{"line":23,"column":2},"end":{"line":23,"column":36}},{"start":{},"end":{}}],"line":23},"2":{"loc":{"start":{"line":25,"column":2},"end":{"line":34,"column":3}},"type":"switch","locations":[{"start":{"line":26,"column":4},"end":{"line":27,"column":41}},{"start":{"line":28,"column":4},"end":{"line":29,"column":38}},{"start":{"line":30,"column":4},"end":{"line":31,"column":39}},{"start":{"line":32,"column":4},"end":{"line":33,"column":27}}],"line":25},"3":{"loc":{"start":{"line":45,"column":50},"end":{"line":45,"column":68}},"type":"default-arg","locations":[{"start":{"line":45,"column":64},"end":{"line":45,"column":68}}],"line":45},"4":{"loc":{"start":{"line":50,"column":2},"end":{"line":52,"column":3}},"type":"if","locations":[{"start":{"line":50,"column":2},"end":{"line":52,"column":3}},{"start":{},"end":{}}],"line":50},"5":{"loc":{"start":{"line":55,"column":2},"end":{"line":57,"column":3}},"type":"if","locations":[{"start":{"line":55,"column":2},"end":{"line":57,"column":3}},{"start":{},"end":{}}],"line":55},"6":{"loc":{"start":{"line":55,"column":6},"end":{"line":55,"column":70}},"type":"binary-expr","locations":[{"start":{"line":55,"column":6},"end":{"line":55,"column":38}},{"start":{"line":55,"column":42},"end":{"line":55,"column":70}}],"line":55},"7":{"loc":{"start":{"line":63,"column":19},"end":{"line":63,"column":65}},"type":"cond-expr","locations":[{"start":{"line":63,"column":37},"end":{"line":63,"column":58}},{"start":{"line":63,"column":61},"end":{"line":63,"column":65}}],"line":63},"8":{"loc":{"start":{"line":66,"column":2},"end":{"line":68,"column":3}},"type":"if","locations":[{"start":{"line":66,"column":2},"end":{"line":68,"column":3}},{"start":{},"end":{}}],"line":66},"9":{"loc":{"start":{"line":74,"column":19},"end":{"line":74,"column":62}},"type":"binary-expr","locations":[{"start":{"line":74,"column":19},"end":{"line":74,"column":30}},{"start":{"line":74,"column":34},"end":{"line":74,"column":62}}],"line":74}},"s":{"0":2,"1":2,"2":2,"3":3,"4":3,"5":2,"6":1,"7":0,"8":0,"9":0,"10":1,"11":1,"12":1,"13":0,"14":1,"15":0,"16":1,"17":1,"18":1,"19":0,"20":1,"21":1,"22":1,"23":2},"f":{"0":3,"1":1},"b":{"0":[3],"1":[2,1],"2":[0,0,0,1],"3":[0],"4":[0,1],"5":[0,1],"6":[1,1],"7":[0,1],"8":[0,1],"9":[1,0]},"_coverageSchema":"1a1c01bbd47fc00a2c39e90264f33305004495a9","hash":"ddfa82c02ebe8d828f12b8d7dac4921b9d3afc08"}
,"/Users/ashishdubey/Desktop/coder/Bharatiya Bazaar/qewn/bb-backend/src/services/auditService.js": {"path":"/Users/ashishdubey/Desktop/coder/Bharatiya Bazaar/qewn/bb-backend/src/services/auditService.js","statementMap":{"0":{"start":{"line":1,"column":15},"end":{"line":1,"column":39}},"1":{"start":{"line":24,"column":2},"end":{"line":34,"column":5}},"2":{"start":{"line":37,"column":0},"end":{"line":39,"column":2}}},"fnMap":{"0":{"name":"logAction","decl":{"start":{"line":15,"column":15},"end":{"line":15,"column":24}},"loc":{"start":{"line":23,"column":3},"end":{"line":35,"column":1}},"line":23}},"branchMap":{"0":{"loc":{"start":{"line":18,"column":2},"end":{"line":18,"column":16}},"type":"default-arg","locations":[{"start":{"line":18,"column":12},"end":{"line":18,"column":16}}],"line":18},"1":{"loc":{"start":{"line":19,"column":2},"end":{"line":19,"column":19}},"type":"default-arg","locations":[{"start":{"line":19,"column":15},"end":{"line":19,"column":19}}],"line":19},"2":{"loc":{"start":{"line":20,"column":2},"end":{"line":20,"column":17}},"type":"default-arg","locations":[{"start":{"line":20,"column":13},"end":{"line":20,"column":17}}],"line":20},"3":{"loc":{"start":{"line":21,"column":2},"end":{"line":21,"column":17}},"type":"default-arg","locations":[{"start":{"line":21,"column":13},"end":{"line":21,"column":17}}],"line":21},"4":{"loc":{"start":{"line":22,"column":2},"end":{"line":22,"column":18}},"type":"default-arg","locations":[{"start":{"line":22,"column":14},"end":{"line":22,"column":18}}],"line":22},"5":{"loc":{"start":{"line":31,"column":16},"end":{"line":31,"column":37}},"type":"binary-expr","locations":[{"start":{"line":31,"column":16},"end":{"line":31,"column":24}},{"start":{"line":31,"column":28},"end":{"line":31,"column":37}}],"line":31}},"s":{"0":2,"1":1,"2":2},"f":{"0":1},"b":{"0":[0],"1":[0],"2":[0],"3":[0],"4":[1],"5":[1,0]},"_coverageSchema":"1a1c01bbd47fc00a2c39e90264f33305004495a9","hash":"de8e6d8b8ab34287d3e7855db4126eb3788e6096"}
,"/Users/ashishdubey/Desktop/coder/Bharatiya Bazaar/qewn/bb-backend/src/services/commissionService.js": {"path":"/Users/ashishdubey/Desktop/coder/Bharatiya Bazaar/qewn/bb-backend/src/services/commissionService.js","statementMap":{"0":{"start":{"line":1,"column":15},"end":{"line":1,"column":39}},"1":{"start":{"line":2,"column":23},"end":{"line":2,"column":50}},"2":{"start":{"line":3,"column":22},"end":{"line":3,"column":48}},"3":{"start":{"line":5,"column":18},"end":{"line":9,"column":1}},"4":{"start":{"line":13,"column":2},"end":{"line":35,"column":3}},"5":{"start":{"line":13,"column":15},"end":{"line":13,"column":16}},"6":{"start":{"line":14,"column":22},"end":{"line":14,"column":60}},"7":{"start":{"line":15,"column":24},"end":{"line":15,"column":38}},"8":{"start":{"line":17,"column":4},"end":{"line":34,"column":5}},"9":{"start":{"line":18,"column":26},"end":{"line":18,"column":49}},"10":{"start":{"line":20,"column":6},"end":{"line":33,"column":7}},"11":{"start":{"line":22,"column":29},"end":{"line":24,"column":10}},"12":{"start":{"line":26,"column":8},"end":{"line":32,"column":9}},"13":{"start":{"line":27,"column":10},"end":{"line":31,"column":11}},"14":{"start":{"line":28,"column":12},"end":{"line":28,"column":104}},"15":{"start":{"line":40,"column":24},"end":{"line":40,"column":32}},"16":{"start":{"line":41,"column":2},"end":{"line":47,"column":3}},"17":{"start":{"line":41,"column":15},"end":{"line":41,"column":16}},"18":{"start":{"line":42,"column":21},"end":{"line":44,"column":6}},"19":{"start":{"line":45,"column":4},"end":{"line":45,"column":40}},"20":{"start":{"line":45,"column":31},"end":{"line":45,"column":40}},"21":{"start":{"line":46,"column":4},"end":{"line":46,"column":46}},"22":{"start":{"line":46,"column":40},"end":{"line":46,"column":44}},"23":{"start":{"line":48,"column":2},"end":{"line":48,"column":32}},"24":{"start":{"line":53,"column":23},"end":{"line":53,"column":43}},"25":{"start":{"line":54,"column":20},"end":{"line":54,"column":82}},"26":{"start":{"line":56,"column":2},"end":{"line":82,"column":3}},"27":{"start":{"line":56,"column":15},"end":{"line":56,"column":16}},"28":{"start":{"line":57,"column":4},"end":{"line":57,"column":57}},"29":{"start":{"line":57,"column":51},"end":{"line":57,"column":57}},"30":{"start":{"line":59,"column":25},"end":{"line":61,"column":6}},"31":{"start":{"line":63,"column":4},"end":{"line":79,"column":5}},"32":{"start":{"line":64,"column":20},"end":{"line":64,"column":75}},"33":{"start":{"line":66,"column":6},"end":{"line":78,"column":7}},"34":{"start":{"line":67,"column":35},"end":{"line":73,"column":10}},"35":{"start":{"line":75,"column":8},"end":{"line":77,"column":9}},"36":{"start":{"line":76,"column":10},"end":{"line":76,"column":103}},"37":{"start":{"line":81,"column":4},"end":{"line":81,"column":31}},"38":{"start":{"line":88,"column":22},"end":{"line":88,"column":78}},"39":{"start":{"line":91,"column":17},"end":{"line":91,"column":78}},"40":{"start":{"line":93,"column":2},"end":{"line":143,"column":3}},"41":{"start":{"line":95,"column":4},"end":{"line":103,"column":7}},"42":{"start":{"line":106,"column":4},"end":{"line":106,"column":68}},"43":{"start":{"line":109,"column":24},"end":{"line":109,"column":35}},"44":{"start":{"line":111,"column":4},"end":{"line":126,"column":5}},"45":{"start":{"line":113,"column":6},"end":{"line":113,"column":38}},"46":{"start":{"line":114,"column":11},"end":{"line":126,"column":5}},"47":{"start":{"line":117,"column":28},"end":{"line":119,"column":8}},"48":{"start":{"line":121,"column":6},"end":{"line":125,"column":7}},"49":{"start":{"line":122,"column":8},"end":{"line":122,"column":37}},"50":{"start":{"line":124,"column":8},"end":{"line":124,"column":39}},"51":{"start":{"line":129,"column":23},"end":{"line":137,"column":6}},"52":{"start":{"line":140,"column":4},"end":{"line":142,"column":5}},"53":{"start":{"line":141,"column":6},"end":{"line":141,"column":133}},"54":{"start":{"line":146,"column":0},"end":{"line":150,"column":2}}},"fnMap":{"0":{"name":"checkAutoPoolLevelCompletion","decl":{"start":{"line":12,"column":15},"end":{"line":12,"column":43}},"loc":{"start":{"line":12,"column":67},"end":{"line":36,"column":1}},"line":12},"1":{"name":"countMySystemNodesAtDepth","decl":{"start":{"line":39,"column":15},"end":{"line":39,"column":40}},"loc":{"start":{"line":39,"column":66},"end":{"line":49,"column":1}},"line":39},"2":{"name":"(anonymous_2)","decl":{"start":{"line":46,"column":35},"end":{"line":46,"column":36}},"loc":{"start":{"line":46,"column":40},"end":{"line":46,"column":44}},"line":46},"3":{"name":"checkMySystemLevelCompletion","decl":{"start":{"line":52,"column":15},"end":{"line":52,"column":43}},"loc":{"start":{"line":52,"column":59},"end":{"line":83,"column":1}},"line":52},"4":{"name":"calculateAndCreateCommissions","decl":{"start":{"line":86,"column":15},"end":{"line":86,"column":44}},"loc":{"start":{"line":86,"column":87},"end":{"line":144,"column":1}},"line":86}},"branchMap":{"0":{"loc":{"start":{"line":17,"column":4},"end":{"line":34,"column":5}},"type":"if","locations":[{"start":{"line":17,"column":4},"end":{"line":34,"column":5}},{"start":{},"end":{}}],"line":17},"1":{"loc":{"start":{"line":20,"column":6},"end":{"line":33,"column":7}},"type":"if","locations":[{"start":{"line":20,"column":6},"end":{"line":33,"column":7}},{"start":{},"end":{}}],"line":20},"2":{"loc":{"start":{"line":26,"column":8},"end":{"line":32,"column":9}},"type":"if","locations":[{"start":{"line":26,"column":8},"end":{"line":32,"column":9}},{"start":{},"end":{}}],"line":26},"3":{"loc":{"start":{"line":27,"column":10},"end":{"line":31,"column":11}},"type":"if","locations":[{"start":{"line":27,"column":10},"end":{"line":31,"column":11}},{"start":{"line":29,"column":17},"end":{"line":31,"column":11}}],"line":27},"4":{"loc":{"start":{"line":27,"column":14},"end":{"line":27,"column":30}},"type":"binary-expr","locations":[{"start":{"line":27,"column":14},"end":{"line":27,"column":20}},{"start":{"line":27,"column":24},"end":{"line":27,"column":30}}],"line":27},"5":{"loc":{"start":{"line":45,"column":4},"end":{"line":45,"column":40}},"type":"if","locations":[{"start":{"line":45,"column":4},"end":{"line":45,"column":40}},{"start":{},"end":{}}],"line":45},"6":{"loc":{"start":{"line":57,"column":4},"end":{"line":57,"column":57}},"type":"if","locations":[{"start":{"line":57,"column":4},"end":{"line":57,"column":57}},{"start":{},"end":{}}],"line":57},"7":{"loc":{"start":{"line":57,"column":8},"end":{"line":57,"column":49}},"type":"binary-expr","locations":[{"start":{"line":57,"column":8},"end":{"line":57,"column":20}},{"start":{"line":57,"column":24},"end":{"line":57,"column":49}}],"line":57},"8":{"loc":{"start":{"line":63,"column":4},"end":{"line":79,"column":5}},"type":"if","locations":[{"start":{"line":63,"column":4},"end":{"line":79,"column":5}},{"start":{},"end":{}}],"line":63},"9":{"loc":{"start":{"line":66,"column":6},"end":{"line":78,"column":7}},"type":"if","locations":[{"start":{"line":66,"column":6},"end":{"line":78,"column":7}},{"start":{},"end":{}}],"line":66},"10":{"loc":{"start":{"line":75,"column":8},"end":{"line":77,"column":9}},"type":"if","locations":[{"start":{"line":75,"column":8},"end":{"line":77,"column":9}},{"start":{},"end":{}}],"line":75},"11":{"loc":{"start":{"line":93,"column":2},"end":{"line":143,"column":3}},"type":"if","locations":[{"start":{"line":93,"column":2},"end":{"line":143,"column":3}},{"start":{"line":104,"column":9},"end":{"line":143,"column":3}}],"line":93},"12":{"loc":{"start":{"line":111,"column":4},"end":{"line":126,"column":5}},"type":"if","locations":[{"start":{"line":111,"column":4},"end":{"line":126,"column":5}},{"start":{"line":114,"column":11},"end":{"line":126,"column":5}}],"line":111},"13":{"loc":{"start":{"line":114,"column":11},"end":{"line":126,"column":5}},"type":"if","locations":[{"start":{"line":114,"column":11},"end":{"line":126,"column":5}},{"start":{},"end":{}}],"line":114},"14":{"loc":{"start":{"line":121,"column":6},"end":{"line":125,"column":7}},"type":"if","locations":[{"start":{"line":121,"column":6},"end":{"line":125,"column":7}},{"start":{"line":123,"column":13},"end":{"line":125,"column":7}}],"line":121},"15":{"loc":{"start":{"line":121,"column":10},"end":{"line":121,"column":51}},"type":"binary-expr","locations":[{"start":{"line":121,"column":10},"end":{"line":121,"column":23}},{"start":{"line":121,"column":27},"end":{"line":121,"column":51}}],"line":121},"16":{"loc":{"start":{"line":140,"column":4},"end":{"line":142,"column":5}},"type":"if","locations":[{"start":{"line":140,"column":4},"end":{"line":142,"column":5}},{"start":{},"end":{}}],"line":140}},"s":{"0":3,"1":3,"2":3,"3":3,"4":54,"5":54,"6":378,"7":378,"8":378,"9":50,"10":50,"11":44,"12":44,"13":44,"14":42,"15":0,"16":0,"17":0,"18":0,"19":0,"20":0,"21":0,"22":0,"23":0,"24":52,"25":52,"26":52,"27":52,"28":52,"29":52,"30":0,"31":0,"32":0,"33":0,"34":0,"35":0,"36":0,"37":0,"38":42,"39":42,"40":42,"41":0,"42":42,"43":42,"44":42,"45":0,"46":42,"47":42,"48":42,"49":42,"50":0,"51":42,"52":42,"53":0,"54":3},"f":{"0":54,"1":0,"2":0,"3":52,"4":42},"b":{"0":[50,328],"1":[44,6],"2":[44,0],"3":[42,2],"4":[44,44],"5":[0,0],"6":[52,0],"7":[52,52],"8":[0,0],"9":[0,0],"10":[0,0],"11":[0,42],"12":[0,42],"13":[42,0],"14":[42,0],"15":[42,42],"16":[0,42]},"_coverageSchema":"1a1c01bbd47fc00a2c39e90264f33305004495a9","hash":"6c886bc2b44cbd44bc379facc391ce74aedee057"}
,"/Users/ashishdubey/Desktop/coder/Bharatiya Bazaar/qewn/bb-backend/src/services/idCardService.js": {"path":"/Users/ashishdubey/Desktop/coder/Bharatiya Bazaar/qewn/bb-backend/src/services/idCardService.js","statementMap":{"0":{"start":{"line":1,"column":15},"end":{"line":1,"column":39}},"1":{"start":{"line":2,"column":26},"end":{"line":2,"column":56}},"2":{"start":{"line":3,"column":19},"end":{"line":3,"column":42}},"3":{"start":{"line":4,"column":23},"end":{"line":4,"column":50}},"4":{"start":{"line":8,"column":24},"end":{"line":10,"column":4}},"5":{"start":{"line":11,"column":18},"end":{"line":11,"column":60}},"6":{"start":{"line":11,"column":42},"end":{"line":11,"column":59}},"7":{"start":{"line":13,"column":19},"end":{"line":13,"column":21}},"8":{"start":{"line":15,"column":2},"end":{"line":152,"column":25}},"9":{"start":{"line":17,"column":24},"end":{"line":19,"column":6}},"10":{"start":{"line":21,"column":4},"end":{"line":43,"column":5}},"11":{"start":{"line":22,"column":22},"end":{"line":24,"column":8}},"12":{"start":{"line":25,"column":27},"end":{"line":25,"column":63}},"13":{"start":{"line":27,"column":6},"end":{"line":42,"column":7}},"14":{"start":{"line":28,"column":8},"end":{"line":32,"column":11}},"15":{"start":{"line":34,"column":8},"end":{"line":41,"column":9}},"16":{"start":{"line":36,"column":10},"end":{"line":38,"column":13}},"17":{"start":{"line":40,"column":10},"end":{"line":40,"column":18}},"18":{"start":{"line":46,"column":18},"end":{"line":46,"column":20}},"19":{"start":{"line":47,"column":4},"end":{"line":55,"column":5}},"20":{"start":{"line":47,"column":17},"end":{"line":47,"column":18}},"21":{"start":{"line":48,"column":19},"end":{"line":48,"column":57}},"22":{"start":{"line":49,"column":6},"end":{"line":54,"column":9}},"23":{"start":{"line":57,"column":25},"end":{"line":57,"column":26}},"24":{"start":{"line":59,"column":4},"end":{"line":151,"column":5}},"25":{"start":{"line":60,"column":6},"end":{"line":62,"column":7}},"26":{"start":{"line":61,"column":8},"end":{"line":61,"column":92}},"27":{"start":{"line":64,"column":19},"end":{"line":64,"column":32}},"28":{"start":{"line":65,"column":6},"end":{"line":65,"column":23}},"29":{"start":{"line":68,"column":22},"end":{"line":71,"column":8}},"30":{"start":{"line":72,"column":29},"end":{"line":72,"column":49}},"31":{"start":{"line":75,"column":33},"end":{"line":75,"column":37}},"32":{"start":{"line":76,"column":25},"end":{"line":76,"column":29}},"33":{"start":{"line":78,"column":6},"end":{"line":88,"column":7}},"34":{"start":{"line":79,"column":31},"end":{"line":79,"column":61}},"35":{"start":{"line":80,"column":27},"end":{"line":82,"column":10}},"36":{"start":{"line":84,"column":8},"end":{"line":87,"column":9}},"37":{"start":{"line":85,"column":10},"end":{"line":85,"column":47}},"38":{"start":{"line":86,"column":10},"end":{"line":86,"column":71}},"39":{"start":{"line":90,"column":25},"end":{"line":90,"column":62}},"40":{"start":{"line":93,"column":21},"end":{"line":101,"column":8}},"41":{"start":{"line":104,"column":6},"end":{"line":112,"column":9}},"42":{"start":{"line":115,"column":25},"end":{"line":115,"column":29}},"43":{"start":{"line":116,"column":6},"end":{"line":118,"column":7}},"44":{"start":{"line":117,"column":8},"end":{"line":117,"column":123}},"45":{"start":{"line":122,"column":6},"end":{"line":122,"column":79}},"46":{"start":{"line":125,"column":6},"end":{"line":127,"column":7}},"47":{"start":{"line":126,"column":8},"end":{"line":126,"column":82}},"48":{"start":{"line":131,"column":23},"end":{"line":133,"column":8}},"49":{"start":{"line":135,"column":6},"end":{"line":141,"column":7}},"50":{"start":{"line":136,"column":22},"end":{"line":136,"column":70}},"51":{"start":{"line":137,"column":8},"end":{"line":140,"column":9}},"52":{"start":{"line":138,"column":10},"end":{"line":138,"column":54}},"53":{"start":{"line":139,"column":10},"end":{"line":139,"column":65}},"54":{"start":{"line":144,"column":23},"end":{"line":144,"column":87}},"55":{"start":{"line":145,"column":6},"end":{"line":148,"column":7}},"56":{"start":{"line":147,"column":8},"end":{"line":147,"column":35}},"57":{"start":{"line":150,"column":6},"end":{"line":150,"column":28}},"58":{"start":{"line":154,"column":2},"end":{"line":154,"column":18}},"59":{"start":{"line":159,"column":2},"end":{"line":159,"column":45}},"60":{"start":{"line":159,"column":33},"end":{"line":159,"column":45}},"61":{"start":{"line":162,"column":2},"end":{"line":192,"column":3}},"62":{"start":{"line":164,"column":4},"end":{"line":180,"column":5}},"63":{"start":{"line":165,"column":26},"end":{"line":167,"column":8}},"64":{"start":{"line":169,"column":6},"end":{"line":179,"column":7}},"65":{"start":{"line":170,"column":24},"end":{"line":177,"column":10}},"66":{"start":{"line":178,"column":8},"end":{"line":178,"column":23}},"67":{"start":{"line":183,"column":20},"end":{"line":190,"column":6}},"68":{"start":{"line":191,"column":4},"end":{"line":191,"column":19}},"69":{"start":{"line":195,"column":19},"end":{"line":200,"column":4}},"70":{"start":{"line":202,"column":2},"end":{"line":204,"column":3}},"71":{"start":{"line":203,"column":4},"end":{"line":203,"column":59}},"72":{"start":{"line":206,"column":19},"end":{"line":208,"column":4}},"73":{"start":{"line":210,"column":2},"end":{"line":212,"column":3}},"74":{"start":{"line":211,"column":4},"end":{"line":211,"column":56}},"75":{"start":{"line":215,"column":19},"end":{"line":215,"column":66}},"76":{"start":{"line":217,"column":18},"end":{"line":224,"column":4}},"77":{"start":{"line":225,"column":2},"end":{"line":225,"column":17}},"78":{"start":{"line":230,"column":19},"end":{"line":230,"column":51}},"79":{"start":{"line":233,"column":22},"end":{"line":233,"column":24}},"80":{"start":{"line":234,"column":2},"end":{"line":241,"column":3}},"81":{"start":{"line":235,"column":4},"end":{"line":240,"column":5}},"82":{"start":{"line":236,"column":6},"end":{"line":238,"column":7}},"83":{"start":{"line":237,"column":8},"end":{"line":237,"column":44}},"84":{"start":{"line":239,"column":6},"end":{"line":239,"column":48}},"85":{"start":{"line":244,"column":16},"end":{"line":244,"column":28}},"86":{"start":{"line":246,"column":2},"end":{"line":264,"column":3}},"87":{"start":{"line":247,"column":26},"end":{"line":247,"column":39}},"88":{"start":{"line":248,"column":21},"end":{"line":248,"column":53}},"89":{"start":{"line":250,"column":20},"end":{"line":250,"column":57}},"90":{"start":{"line":250,"column":39},"end":{"line":250,"column":56}},"91":{"start":{"line":251,"column":21},"end":{"line":251,"column":59}},"92":{"start":{"line":251,"column":40},"end":{"line":251,"column":58}},"93":{"start":{"line":253,"column":4},"end":{"line":255,"column":5}},"94":{"start":{"line":254,"column":6},"end":{"line":254,"column":59}},"95":{"start":{"line":256,"column":4},"end":{"line":258,"column":5}},"96":{"start":{"line":257,"column":6},"end":{"line":257,"column":60}},"97":{"start":{"line":261,"column":4},"end":{"line":263,"column":5}},"98":{"start":{"line":262,"column":6},"end":{"line":262,"column":27}},"99":{"start":{"line":266,"column":2},"end":{"line":266,"column":67}},"100":{"start":{"line":269,"column":0},"end":{"line":271,"column":2}}},"fnMap":{"0":{"name":"purchaseIds","decl":{"start":{"line":6,"column":15},"end":{"line":6,"column":26}},"loc":{"start":{"line":6,"column":88},"end":{"line":155,"column":1}},"line":6},"1":{"name":"(anonymous_1)","decl":{"start":{"line":11,"column":37},"end":{"line":11,"column":38}},"loc":{"start":{"line":11,"column":42},"end":{"line":11,"column":59}},"line":11},"2":{"name":"(anonymous_2)","decl":{"start":{"line":15,"column":28},"end":{"line":15,"column":29}},"loc":{"start":{"line":15,"column":42},"end":{"line":152,"column":3}},"line":15},"3":{"name":"placeInMySystem","decl":{"start":{"line":157,"column":15},"end":{"line":157,"column":30}},"loc":{"start":{"line":157,"column":89},"end":{"line":226,"column":1}},"line":157},"4":{"name":"findNextMySystemPosition","decl":{"start":{"line":228,"column":15},"end":{"line":228,"column":39}},"loc":{"start":{"line":228,"column":56},"end":{"line":267,"column":1}},"line":228},"5":{"name":"(anonymous_5)","decl":{"start":{"line":250,"column":34},"end":{"line":250,"column":35}},"loc":{"start":{"line":250,"column":39},"end":{"line":250,"column":56}},"line":250},"6":{"name":"(anonymous_6)","decl":{"start":{"line":251,"column":35},"end":{"line":251,"column":36}},"loc":{"start":{"line":251,"column":40},"end":{"line":251,"column":58}},"line":251}},"branchMap":{"0":{"loc":{"start":{"line":6,"column":44},"end":{"line":6,"column":66}},"type":"default-arg","locations":[{"start":{"line":6,"column":62},"end":{"line":6,"column":66}}],"line":6},"1":{"loc":{"start":{"line":6,"column":68},"end":{"line":6,"column":86}},"type":"default-arg","locations":[{"start":{"line":6,"column":82},"end":{"line":6,"column":86}}],"line":6},"2":{"loc":{"start":{"line":21,"column":4},"end":{"line":43,"column":5}},"type":"if","locations":[{"start":{"line":21,"column":4},"end":{"line":43,"column":5}},{"start":{},"end":{}}],"line":21},"3":{"loc":{"start":{"line":25,"column":27},"end":{"line":25,"column":63}},"type":"cond-expr","locations":[{"start":{"line":25,"column":37},"end":{"line":25,"column":59}},{"start":{"line":25,"column":62},"end":{"line":25,"column":63}}],"line":25},"4":{"loc":{"start":{"line":34,"column":8},"end":{"line":41,"column":9}},"type":"if","locations":[{"start":{"line":34,"column":8},"end":{"line":41,"column":9}},{"start":{"line":39,"column":15},"end":{"line":41,"column":9}}],"line":34},"5":{"loc":{"start":{"line":48,"column":19},"end":{"line":48,"column":57}},"type":"cond-expr","locations":[{"start":{"line":48,"column":43},"end":{"line":48,"column":49}},{"start":{"line":48,"column":52},"end":{"line":48,"column":57}}],"line":48},"6":{"loc":{"start":{"line":48,"column":20},"end":{"line":48,"column":39}},"type":"binary-expr","locations":[{"start":{"line":48,"column":20},"end":{"line":48,"column":28}},{"start":{"line":48,"column":32},"end":{"line":48,"column":39}}],"line":48},"7":{"loc":{"start":{"line":60,"column":6},"end":{"line":62,"column":7}},"type":"if","locations":[{"start":{"line":60,"column":6},"end":{"line":62,"column":7}},{"start":{},"end":{}}],"line":60},"8":{"loc":{"start":{"line":78,"column":6},"end":{"line":88,"column":7}},"type":"if","locations":[{"start":{"line":78,"column":6},"end":{"line":88,"column":7}},{"start":{},"end":{}}],"line":78},"9":{"loc":{"start":{"line":84,"column":8},"end":{"line":87,"column":9}},"type":"if","locations":[{"start":{"line":84,"column":8},"end":{"line":87,"column":9}},{"start":{},"end":{}}],"line":84},"10":{"loc":{"start":{"line":86,"column":25},"end":{"line":86,"column":70}},"type":"cond-expr","locations":[{"start":{"line":86,"column":54},"end":{"line":86,"column":60}},{"start":{"line":86,"column":63},"end":{"line":86,"column":70}}],"line":86},"11":{"loc":{"start":{"line":116,"column":6},"end":{"line":118,"column":7}},"type":"if","locations":[{"start":{"line":116,"column":6},"end":{"line":118,"column":7}},{"start":{},"end":{}}],"line":116},"12":{"loc":{"start":{"line":125,"column":6},"end":{"line":127,"column":7}},"type":"if","locations":[{"start":{"line":125,"column":6},"end":{"line":127,"column":7}},{"start":{},"end":{}}],"line":125},"13":{"loc":{"start":{"line":135,"column":6},"end":{"line":141,"column":7}},"type":"if","locations":[{"start":{"line":135,"column":6},"end":{"line":141,"column":7}},{"start":{},"end":{}}],"line":135},"14":{"loc":{"start":{"line":135,"column":10},"end":{"line":135,"column":41}},"type":"binary-expr","locations":[{"start":{"line":135,"column":10},"end":{"line":135,"column":18}},{"start":{"line":135,"column":22},"end":{"line":135,"column":41}}],"line":135},"15":{"loc":{"start":{"line":137,"column":8},"end":{"line":140,"column":9}},"type":"if","locations":[{"start":{"line":137,"column":8},"end":{"line":140,"column":9}},{"start":{},"end":{}}],"line":137},"16":{"loc":{"start":{"line":145,"column":6},"end":{"line":148,"column":7}},"type":"if","locations":[{"start":{"line":145,"column":6},"end":{"line":148,"column":7}},{"start":{},"end":{}}],"line":145},"17":{"loc":{"start":{"line":159,"column":2},"end":{"line":159,"column":45}},"type":"if","locations":[{"start":{"line":159,"column":2},"end":{"line":159,"column":45}},{"start":{},"end":{}}],"line":159},"18":{"loc":{"start":{"line":162,"column":2},"end":{"line":192,"column":3}},"type":"if","locations":[{"start":{"line":162,"column":2},"end":{"line":192,"column":3}},{"start":{},"end":{}}],"line":162},"19":{"loc":{"start":{"line":164,"column":4},"end":{"line":180,"column":5}},"type":"if","locations":[{"start":{"line":164,"column":4},"end":{"line":180,"column":5}},{"start":{},"end":{}}],"line":164},"20":{"loc":{"start":{"line":164,"column":8},"end":{"line":164,"column":38}},"type":"binary-expr","locations":[{"start":{"line":164,"column":8},"end":{"line":164,"column":23}},{"start":{"line":164,"column":27},"end":{"line":164,"column":38}}],"line":164},"21":{"loc":{"start":{"line":169,"column":6},"end":{"line":179,"column":7}},"type":"if","locations":[{"start":{"line":169,"column":6},"end":{"line":179,"column":7}},{"start":{},"end":{}}],"line":169},"22":{"loc":{"start":{"line":202,"column":2},"end":{"line":204,"column":3}},"type":"if","locations":[{"start":{"line":202,"column":2},"end":{"line":204,"column":3}},{"start":{},"end":{}}],"line":202},"23":{"loc":{"start":{"line":210,"column":2},"end":{"line":212,"column":3}},"type":"if","locations":[{"start":{"line":210,"column":2},"end":{"line":212,"column":3}},{"start":{},"end":{}}],"line":210},"24":{"loc":{"start":{"line":235,"column":4},"end":{"line":240,"column":5}},"type":"if","locations":[{"start":{"line":235,"column":4},"end":{"line":240,"column":5}},{"start":{},"end":{}}],"line":235},"25":{"loc":{"start":{"line":236,"column":6},"end":{"line":238,"column":7}},"type":"if","locations":[{"start":{"line":236,"column":6},"end":{"line":238,"column":7}},{"start":{},"end":{}}],"line":236},"26":{"loc":{"start":{"line":248,"column":21},"end":{"line":248,"column":53}},"type":"binary-expr","locations":[{"start":{"line":248,"column":21},"end":{"line":248,"column":47}},{"start":{"line":248,"column":51},"end":{"line":248,"column":53}}],"line":248},"27":{"loc":{"start":{"line":253,"column":4},"end":{"line":255,"column":5}},"type":"if","locations":[{"start":{"line":253,"column":4},"end":{"line":255,"column":5}},{"start":{},"end":{}}],"line":253},"28":{"loc":{"start":{"line":256,"column":4},"end":{"line":258,"column":5}},"type":"if","locations":[{"start":{"line":256,"column":4},"end":{"line":258,"column":5}},{"start":{},"end":{}}],"line":256}},"s":{"0":3,"1":3,"2":3,"3":3,"4":52,"5":52,"6":0,"7":52,"8":52,"9":52,"10":52,"11":1,"12":1,"13":1,"14":1,"15":0,"16":0,"17":0,"18":52,"19":52,"20":52,"21":52,"22":52,"23":52,"24":52,"25":54,"26":0,"27":54,"28":54,"29":54,"30":54,"31":54,"32":54,"33":54,"34":52,"35":52,"36":52,"37":52,"38":52,"39":54,"40":54,"41":54,"42":54,"43":54,"44":52,"45":54,"46":54,"47":52,"48":54,"49":54,"50":54,"51":54,"52":0,"53":0,"54":54,"55":54,"56":2,"57":54,"58":52,"59":52,"60":0,"61":52,"62":52,"63":0,"64":0,"65":0,"66":0,"67":52,"68":52,"69":0,"70":0,"71":0,"72":0,"73":0,"74":0,"75":0,"76":0,"77":0,"78":0,"79":0,"80":0,"81":0,"82":0,"83":0,"84":0,"85":0,"86":0,"87":0,"88":0,"89":0,"90":0,"91":0,"92":0,"93":0,"94":0,"95":0,"96":0,"97":0,"98":0,"99":0,"100":3},"f":{"0":52,"1":0,"2":52,"3":52,"4":0,"5":0,"6":0},"b":{"0":[52],"1":[52],"2":[1,51],"3":[0,1],"4":[0,0],"5":[52,0],"6":[52,52],"7":[0,54],"8":[52,2],"9":[52,0],"10":[27,25],"11":[52,2],"12":[52,2],"13":[54,0],"14":[54,54],"15":[0,54],"16":[2,52],"17":[0,52],"18":[52,0],"19":[0,52],"20":[52,0],"21":[0,0],"22":[0,0],"23":[0,0],"24":[0,0],"25":[0,0],"26":[0,0],"27":[0,0],"28":[0,0]},"_coverageSchema":"1a1c01bbd47fc00a2c39e90264f33305004495a9","hash":"bd5f7cf48510bfe7dbd003fcf08aeda72b793afc"}
,"/Users/ashishdubey/Desktop/coder/Bharatiya Bazaar/qewn/bb-backend/src/services/ledgerService.js": {"path":"/Users/ashishdubey/Desktop/coder/Bharatiya Bazaar/qewn/bb-backend/src/services/ledgerService.js","statementMap":{"0":{"start":{"line":3,"column":2},"end":{"line":14,"column":5}},"1":{"start":{"line":17,"column":0},"end":{"line":17,"column":33}}},"fnMap":{"0":{"name":"createEntry","decl":{"start":{"line":1,"column":15},"end":{"line":1,"column":26}},"loc":{"start":{"line":1,"column":137},"end":{"line":15,"column":1}},"line":1}},"branchMap":{},"s":{"0":13,"1":3},"f":{"0":13},"b":{},"_coverageSchema":"1a1c01bbd47fc00a2c39e90264f33305004495a9","hash":"6c8d7643235b66d8df857761a6b7477acaf7549a"}
,"/Users/ashishdubey/Desktop/coder/Bharatiya Bazaar/qewn/bb-backend/src/services/memberService.js": {"path":"/Users/ashishdubey/Desktop/coder/Bharatiya Bazaar/qewn/bb-backend/src/services/memberService.js","statementMap":{"0":{"start":{"line":1,"column":15},"end":{"line":1,"column":39}},"1":{"start":{"line":5,"column":17},"end":{"line":16,"column":4}},"2":{"start":{"line":19,"column":2},"end":{"line":24,"column":5}},"3":{"start":{"line":26,"column":2},"end":{"line":26,"column":16}},"4":{"start":{"line":30,"column":2},"end":{"line":36,"column":5}},"5":{"start":{"line":40,"column":2},"end":{"line":46,"column":5}},"6":{"start":{"line":49,"column":0},"end":{"line":53,"column":2}}},"fnMap":{"0":{"name":"createMember","decl":{"start":{"line":3,"column":15},"end":{"line":3,"column":27}},"loc":{"start":{"line":3,"column":34},"end":{"line":27,"column":1}},"line":3},"1":{"name":"getMemberById","decl":{"start":{"line":29,"column":15},"end":{"line":29,"column":28}},"loc":{"start":{"line":29,"column":33},"end":{"line":37,"column":1}},"line":29},"2":{"name":"getMemberByMobile","decl":{"start":{"line":39,"column":15},"end":{"line":39,"column":32}},"loc":{"start":{"line":39,"column":41},"end":{"line":47,"column":1}},"line":39}},"branchMap":{"0":{"loc":{"start":{"line":13,"column":17},"end":{"line":13,"column":44}},"type":"binary-expr","locations":[{"start":{"line":13,"column":17},"end":{"line":13,"column":31}},{"start":{"line":13,"column":35},"end":{"line":13,"column":44}}],"line":13}},"s":{"0":3,"1":55,"2":55,"3":55,"4":0,"5":0,"6":3},"f":{"0":55,"1":0,"2":0},"b":{"0":[55,51]},"_coverageSchema":"1a1c01bbd47fc00a2c39e90264f33305004495a9","hash":"79f91a36f3d0ff3dc52a32b083b79893866e039e"}
,"/Users/ashishdubey/Desktop/coder/Bharatiya Bazaar/qewn/bb-backend/src/services/payOnceService.js": {"path":"/Users/ashishdubey/Desktop/coder/Bharatiya Bazaar/qewn/bb-backend/src/services/payOnceService.js","statementMap":{"0":{"start":{"line":1,"column":15},"end":{"line":1,"column":39}},"1":{"start":{"line":4,"column":17},"end":{"line":11,"column":4}},"2":{"start":{"line":12,"column":2},"end":{"line":12,"column":18}},"3":{"start":{"line":16,"column":2},"end":{"line":22,"column":5}},"4":{"start":{"line":25,"column":0},"end":{"line":28,"column":2}}},"fnMap":{"0":{"name":"hasAlreadyPaid","decl":{"start":{"line":3,"column":15},"end":{"line":3,"column":29}},"loc":{"start":{"line":3,"column":51},"end":{"line":13,"column":1}},"line":3},"1":{"name":"recordPayment","decl":{"start":{"line":15,"column":15},"end":{"line":15,"column":28}},"loc":{"start":{"line":15,"column":59},"end":{"line":23,"column":1}},"line":15}},"branchMap":{},"s":{"0":3,"1":42,"2":42,"3":42,"4":3},"f":{"0":42,"1":42},"b":{},"_coverageSchema":"1a1c01bbd47fc00a2c39e90264f33305004495a9","hash":"526de6e5d08b3e520b9a1307b07a57d26c218ce7"}
,"/Users/ashishdubey/Desktop/coder/Bharatiya Bazaar/qewn/bb-backend/src/services/rebirthService.js": {"path":"/Users/ashishdubey/Desktop/coder/Bharatiya Bazaar/qewn/bb-backend/src/services/rebirthService.js","statementMap":{"0":{"start":{"line":2,"column":26},"end":{"line":2,"column":28}},"1":{"start":{"line":5,"column":2},"end":{"line":46,"column":3}},"2":{"start":{"line":5,"column":15},"end":{"line":5,"column":16}},"3":{"start":{"line":6,"column":22},"end":{"line":6,"column":68}},"4":{"start":{"line":7,"column":24},"end":{"line":7,"column":38}},"5":{"start":{"line":9,"column":4},"end":{"line":45,"column":5}},"6":{"start":{"line":10,"column":26},"end":{"line":10,"column":49}},"7":{"start":{"line":12,"column":6},"end":{"line":44,"column":7}},"8":{"start":{"line":14,"column":29},"end":{"line":17,"column":10}},"9":{"start":{"line":19,"column":8},"end":{"line":43,"column":9}},"10":{"start":{"line":20,"column":10},"end":{"line":29,"column":13}},"11":{"start":{"line":32,"column":10},"end":{"line":42,"column":11}},"12":{"start":{"line":33,"column":12},"end":{"line":41,"column":15}},"13":{"start":{"line":51,"column":2},"end":{"line":56,"column":5}},"14":{"start":{"line":52,"column":4},"end":{"line":54,"column":5}},"15":{"start":{"line":53,"column":6},"end":{"line":53,"column":41}},"16":{"start":{"line":55,"column":4},"end":{"line":55,"column":41}},"17":{"start":{"line":58,"column":2},"end":{"line":58,"column":25}},"18":{"start":{"line":61,"column":0},"end":{"line":63,"column":2}}},"fnMap":{"0":{"name":"checkAndProcessRebirths","decl":{"start":{"line":1,"column":15},"end":{"line":1,"column":38}},"loc":{"start":{"line":1,"column":70},"end":{"line":59,"column":1}},"line":1},"1":{"name":"(anonymous_1)","decl":{"start":{"line":51,"column":23},"end":{"line":51,"column":24}},"loc":{"start":{"line":51,"column":33},"end":{"line":56,"column":3}},"line":51}},"branchMap":{"0":{"loc":{"start":{"line":9,"column":4},"end":{"line":45,"column":5}},"type":"if","locations":[{"start":{"line":9,"column":4},"end":{"line":45,"column":5}},{"start":{},"end":{}}],"line":9},"1":{"loc":{"start":{"line":12,"column":6},"end":{"line":44,"column":7}},"type":"if","locations":[{"start":{"line":12,"column":6},"end":{"line":44,"column":7}},{"start":{},"end":{}}],"line":12},"2":{"loc":{"start":{"line":19,"column":8},"end":{"line":43,"column":9}},"type":"if","locations":[{"start":{"line":19,"column":8},"end":{"line":43,"column":9}},{"start":{},"end":{}}],"line":19},"3":{"loc":{"start":{"line":32,"column":10},"end":{"line":42,"column":11}},"type":"if","locations":[{"start":{"line":32,"column":10},"end":{"line":42,"column":11}},{"start":{},"end":{}}],"line":32},"4":{"loc":{"start":{"line":32,"column":14},"end":{"line":32,"column":30}},"type":"binary-expr","locations":[{"start":{"line":32,"column":14},"end":{"line":32,"column":20}},{"start":{"line":32,"column":24},"end":{"line":32,"column":30}}],"line":32},"5":{"loc":{"start":{"line":52,"column":4},"end":{"line":54,"column":5}},"type":"if","locations":[{"start":{"line":52,"column":4},"end":{"line":54,"column":5}},{"start":{},"end":{}}],"line":52}},"s":{"0":54,"1":54,"2":54,"3":216,"4":216,"5":216,"6":4,"7":4,"8":2,"9":2,"10":2,"11":2,"12":0,"13":54,"14":0,"15":0,"16":0,"17":54,"18":3},"f":{"0":54,"1":0},"b":{"0":[4,212],"1":[2,2],"2":[2,0],"3":[0,2],"4":[2,0],"5":[0,0]},"_coverageSchema":"1a1c01bbd47fc00a2c39e90264f33305004495a9","hash":"765c13c816b48cd6c99f6989984d61d8e9b3ff01"}
,"/Users/ashishdubey/Desktop/coder/Bharatiya Bazaar/qewn/bb-backend/src/services/settlementService.js": {"path":"/Users/ashishdubey/Desktop/coder/Bharatiya Bazaar/qewn/bb-backend/src/services/settlementService.js","statementMap":{"0":{"start":{"line":1,"column":15},"end":{"line":1,"column":39}},"1":{"start":{"line":7,"column":21},"end":{"line":7,"column":79}},"2":{"start":{"line":8,"column":20},"end":{"line":18,"column":4}},"3":{"start":{"line":20,"column":23},"end":{"line":20,"column":54}},"4":{"start":{"line":22,"column":2},"end":{"line":22,"column":42}},"5":{"start":{"line":22,"column":32},"end":{"line":22,"column":42}},"6":{"start":{"line":23,"column":2},"end":{"line":23,"column":42}},"7":{"start":{"line":23,"column":32},"end":{"line":23,"column":42}},"8":{"start":{"line":24,"column":2},"end":{"line":24,"column":42}},"9":{"start":{"line":24,"column":32},"end":{"line":24,"column":42}},"10":{"start":{"line":25,"column":2},"end":{"line":25,"column":41}},"11":{"start":{"line":25,"column":31},"end":{"line":25,"column":41}},"12":{"start":{"line":26,"column":2},"end":{"line":26,"column":11}},"13":{"start":{"line":35,"column":21},"end":{"line":35,"column":42}},"14":{"start":{"line":37,"column":2},"end":{"line":49,"column":3}},"15":{"start":{"line":38,"column":4},"end":{"line":43,"column":7}},"16":{"start":{"line":45,"column":4},"end":{"line":47,"column":5}},"17":{"start":{"line":46,"column":6},"end":{"line":46,"column":95}},"18":{"start":{"line":48,"column":4},"end":{"line":48,"column":16}},"19":{"start":{"line":51,"column":2},"end":{"line":277,"column":3}},"20":{"start":{"line":52,"column":24},"end":{"line":52,"column":41}},"21":{"start":{"line":53,"column":4},"end":{"line":53,"column":51}},"22":{"start":{"line":54,"column":22},"end":{"line":54,"column":39}},"23":{"start":{"line":55,"column":4},"end":{"line":55,"column":34}},"24":{"start":{"line":57,"column":23},"end":{"line":57,"column":24}},"25":{"start":{"line":58,"column":21},"end":{"line":58,"column":22}},"26":{"start":{"line":61,"column":20},"end":{"line":63,"column":6}},"27":{"start":{"line":65,"column":4},"end":{"line":145,"column":5}},"28":{"start":{"line":66,"column":6},"end":{"line":144,"column":9}},"29":{"start":{"line":68,"column":22},"end":{"line":77,"column":10}},"30":{"start":{"line":79,"column":8},"end":{"line":79,"column":39}},"31":{"start":{"line":79,"column":32},"end":{"line":79,"column":39}},"32":{"start":{"line":81,"column":32},"end":{"line":81,"column":86}},"33":{"start":{"line":81,"column":60},"end":{"line":81,"column":82}},"34":{"start":{"line":84,"column":28},"end":{"line":84,"column":86}},"35":{"start":{"line":85,"column":32},"end":{"line":85,"column":61}},"36":{"start":{"line":87,"column":35},"end":{"line":87,"column":37}},"37":{"start":{"line":88,"column":37},"end":{"line":88,"column":93}},"38":{"start":{"line":90,"column":28},"end":{"line":90,"column":76}},"39":{"start":{"line":91,"column":36},"end":{"line":91,"column":90}},"40":{"start":{"line":93,"column":38},"end":{"line":93,"column":80}},"41":{"start":{"line":94,"column":37},"end":{"line":94,"column":76}},"42":{"start":{"line":98,"column":25},"end":{"line":98,"column":64}},"43":{"start":{"line":100,"column":32},"end":{"line":100,"column":63}},"44":{"start":{"line":102,"column":8},"end":{"line":116,"column":11}},"45":{"start":{"line":119,"column":21},"end":{"line":119,"column":88}},"46":{"start":{"line":120,"column":8},"end":{"line":122,"column":9}},"47":{"start":{"line":121,"column":10},"end":{"line":121,"column":82}},"48":{"start":{"line":124,"column":8},"end":{"line":127,"column":11}},"49":{"start":{"line":129,"column":8},"end":{"line":140,"column":11}},"50":{"start":{"line":142,"column":8},"end":{"line":142,"column":23}},"51":{"start":{"line":143,"column":8},"end":{"line":143,"column":38}},"52":{"start":{"line":148,"column":23},"end":{"line":148,"column":26}},"53":{"start":{"line":151,"column":29},"end":{"line":151,"column":33}},"54":{"start":{"line":152,"column":4},"end":{"line":205,"column":5}},"55":{"start":{"line":153,"column":6},"end":{"line":204,"column":9}},"56":{"start":{"line":154,"column":28},"end":{"line":160,"column":10}},"57":{"start":{"line":162,"column":8},"end":{"line":165,"column":9}},"58":{"start":{"line":163,"column":10},"end":{"line":163,"column":37}},"59":{"start":{"line":164,"column":10},"end":{"line":164,"column":17}},"60":{"start":{"line":167,"column":8},"end":{"line":203,"column":9}},"61":{"start":{"line":168,"column":10},"end":{"line":174,"column":13}},"62":{"start":{"line":176,"column":25},"end":{"line":176,"column":96}},"63":{"start":{"line":178,"column":23},"end":{"line":178,"column":90}},"64":{"start":{"line":179,"column":10},"end":{"line":181,"column":11}},"65":{"start":{"line":180,"column":12},"end":{"line":180,"column":84}},"66":{"start":{"line":183,"column":10},"end":{"line":186,"column":13}},"67":{"start":{"line":188,"column":10},"end":{"line":199,"column":13}},"68":{"start":{"line":201,"column":10},"end":{"line":201,"column":25}},"69":{"start":{"line":202,"column":10},"end":{"line":202,"column":47}},"70":{"start":{"line":208,"column":25},"end":{"line":208,"column":29}},"71":{"start":{"line":209,"column":4},"end":{"line":257,"column":5}},"72":{"start":{"line":210,"column":6},"end":{"line":256,"column":9}},"73":{"start":{"line":211,"column":24},"end":{"line":217,"column":10}},"74":{"start":{"line":219,"column":8},"end":{"line":222,"column":9}},"75":{"start":{"line":220,"column":10},"end":{"line":220,"column":33}},"76":{"start":{"line":221,"column":10},"end":{"line":221,"column":17}},"77":{"start":{"line":224,"column":8},"end":{"line":255,"column":9}},"78":{"start":{"line":225,"column":10},"end":{"line":228,"column":13}},"79":{"start":{"line":230,"column":23},"end":{"line":230,"column":89}},"80":{"start":{"line":231,"column":10},"end":{"line":233,"column":11}},"81":{"start":{"line":232,"column":12},"end":{"line":232,"column":83}},"82":{"start":{"line":235,"column":10},"end":{"line":238,"column":13}},"83":{"start":{"line":240,"column":10},"end":{"line":251,"column":13}},"84":{"start":{"line":253,"column":10},"end":{"line":253,"column":25}},"85":{"start":{"line":254,"column":10},"end":{"line":254,"column":41}},"86":{"start":{"line":259,"column":4},"end":{"line":267,"column":7}},"87":{"start":{"line":269,"column":4},"end":{"line":269,"column":40}},"88":{"start":{"line":272,"column":4},"end":{"line":275,"column":7}},"89":{"start":{"line":276,"column":4},"end":{"line":276,"column":16}},"90":{"start":{"line":280,"column":0},"end":{"line":282,"column":2}}},"fnMap":{"0":{"name":"getVolumeDiscountPct","decl":{"start":{"line":6,"column":15},"end":{"line":6,"column":35}},"loc":{"start":{"line":6,"column":57},"end":{"line":27,"column":1}},"line":6},"1":{"name":"processWeeklySettlement","decl":{"start":{"line":33,"column":15},"end":{"line":33,"column":38}},"loc":{"start":{"line":33,"column":48},"end":{"line":278,"column":1}},"line":33},"2":{"name":"(anonymous_2)","decl":{"start":{"line":66,"column":32},"end":{"line":66,"column":33}},"loc":{"start":{"line":66,"column":46},"end":{"line":144,"column":7}},"line":66},"3":{"name":"(anonymous_3)","decl":{"start":{"line":81,"column":45},"end":{"line":81,"column":46}},"loc":{"start":{"line":81,"column":60},"end":{"line":81,"column":82}},"line":81},"4":{"name":"(anonymous_4)","decl":{"start":{"line":153,"column":32},"end":{"line":153,"column":33}},"loc":{"start":{"line":153,"column":46},"end":{"line":204,"column":7}},"line":153},"5":{"name":"(anonymous_5)","decl":{"start":{"line":210,"column":32},"end":{"line":210,"column":33}},"loc":{"start":{"line":210,"column":46},"end":{"line":256,"column":7}},"line":210}},"branchMap":{"0":{"loc":{"start":{"line":20,"column":23},"end":{"line":20,"column":54}},"type":"binary-expr","locations":[{"start":{"line":20,"column":23},"end":{"line":20,"column":49}},{"start":{"line":20,"column":53},"end":{"line":20,"column":54}}],"line":20},"1":{"loc":{"start":{"line":22,"column":2},"end":{"line":22,"column":42}},"type":"if","locations":[{"start":{"line":22,"column":2},"end":{"line":22,"column":42}},{"start":{},"end":{}}],"line":22},"2":{"loc":{"start":{"line":23,"column":2},"end":{"line":23,"column":42}},"type":"if","locations":[{"start":{"line":23,"column":2},"end":{"line":23,"column":42}},{"start":{},"end":{}}],"line":23},"3":{"loc":{"start":{"line":24,"column":2},"end":{"line":24,"column":42}},"type":"if","locations":[{"start":{"line":24,"column":2},"end":{"line":24,"column":42}},{"start":{},"end":{}}],"line":24},"4":{"loc":{"start":{"line":25,"column":2},"end":{"line":25,"column":41}},"type":"if","locations":[{"start":{"line":25,"column":2},"end":{"line":25,"column":41}},{"start":{},"end":{}}],"line":25},"5":{"loc":{"start":{"line":45,"column":4},"end":{"line":47,"column":5}},"type":"if","locations":[{"start":{"line":45,"column":4},"end":{"line":47,"column":5}},{"start":{},"end":{}}],"line":45},"6":{"loc":{"start":{"line":79,"column":8},"end":{"line":79,"column":39}},"type":"if","locations":[{"start":{"line":79,"column":8},"end":{"line":79,"column":39}},{"start":{},"end":{}}],"line":79},"7":{"loc":{"start":{"line":120,"column":8},"end":{"line":122,"column":9}},"type":"if","locations":[{"start":{"line":120,"column":8},"end":{"line":122,"column":9}},{"start":{},"end":{}}],"line":120},"8":{"loc":{"start":{"line":162,"column":8},"end":{"line":165,"column":9}},"type":"if","locations":[{"start":{"line":162,"column":8},"end":{"line":165,"column":9}},{"start":{},"end":{}}],"line":162},"9":{"loc":{"start":{"line":179,"column":10},"end":{"line":181,"column":11}},"type":"if","locations":[{"start":{"line":179,"column":10},"end":{"line":181,"column":11}},{"start":{},"end":{}}],"line":179},"10":{"loc":{"start":{"line":219,"column":8},"end":{"line":222,"column":9}},"type":"if","locations":[{"start":{"line":219,"column":8},"end":{"line":222,"column":9}},{"start":{},"end":{}}],"line":219},"11":{"loc":{"start":{"line":231,"column":10},"end":{"line":233,"column":11}},"type":"if","locations":[{"start":{"line":231,"column":10},"end":{"line":233,"column":11}},{"start":{},"end":{}}],"line":231}},"s":{"0":1,"1":1,"2":1,"3":1,"4":1,"5":0,"6":1,"7":0,"8":1,"9":0,"10":1,"11":0,"12":1,"13":1,"14":1,"15":1,"16":0,"17":0,"18":0,"19":1,"20":1,"21":1,"22":1,"23":1,"24":1,"25":1,"26":1,"27":1,"28":1,"29":1,"30":1,"31":0,"32":1,"33":2,"34":1,"35":1,"36":1,"37":1,"38":1,"39":1,"40":1,"41":1,"42":1,"43":1,"44":1,"45":1,"46":1,"47":0,"48":1,"49":1,"50":1,"51":1,"52":1,"53":1,"54":1,"55":2,"56":2,"57":2,"58":1,"59":1,"60":1,"61":1,"62":1,"63":1,"64":1,"65":0,"66":1,"67":1,"68":1,"69":1,"70":1,"71":1,"72":1,"73":1,"74":1,"75":1,"76":1,"77":0,"78":0,"79":0,"80":0,"81":0,"82":0,"83":0,"84":0,"85":0,"86":1,"87":1,"88":0,"89":0,"90":1},"f":{"0":1,"1":1,"2":1,"3":2,"4":2,"5":1},"b":{"0":[1,0],"1":[0,1],"2":[0,1],"3":[0,1],"4":[0,1],"5":[0,0],"6":[0,1],"7":[0,1],"8":[1,1],"9":[0,1],"10":[1,0],"11":[0,0]},"_coverageSchema":"1a1c01bbd47fc00a2c39e90264f33305004495a9","hash":"22937231b530cbd61a783aef4e58428ca947d358"}
,"/Users/ashishdubey/Desktop/coder/Bharatiya Bazaar/qewn/bb-backend/src/services/setuKoshService.js": {"path":"/Users/ashishdubey/Desktop/coder/Bharatiya Bazaar/qewn/bb-backend/src/services/setuKoshService.js","statementMap":{"0":{"start":{"line":1,"column":15},"end":{"line":1,"column":39}},"1":{"start":{"line":2,"column":22},"end":{"line":2,"column":48}},"2":{"start":{"line":4,"column":29},"end":{"line":4,"column":35}},"3":{"start":{"line":5,"column":26},"end":{"line":5,"column":45}},"4":{"start":{"line":21,"column":27},"end":{"line":21,"column":93}},"5":{"start":{"line":22,"column":24},"end":{"line":22,"column":63}},"6":{"start":{"line":23,"column":24},"end":{"line":23,"column":53}},"7":{"start":{"line":25,"column":22},"end":{"line":25,"column":47}},"8":{"start":{"line":26,"column":21},"end":{"line":26,"column":22}},"9":{"start":{"line":28,"column":2},"end":{"line":69,"column":3}},"10":{"start":{"line":29,"column":21},"end":{"line":32,"column":6}},"11":{"start":{"line":34,"column":4},"end":{"line":34,"column":25}},"12":{"start":{"line":34,"column":19},"end":{"line":34,"column":25}},"13":{"start":{"line":37,"column":24},"end":{"line":37,"column":98}},"14":{"start":{"line":43,"column":23},"end":{"line":45,"column":6}},"15":{"start":{"line":47,"column":4},"end":{"line":65,"column":5}},"16":{"start":{"line":48,"column":6},"end":{"line":56,"column":9}},"17":{"start":{"line":67,"column":4},"end":{"line":67,"column":42}},"18":{"start":{"line":68,"column":4},"end":{"line":68,"column":19}},"19":{"start":{"line":79,"column":18},"end":{"line":83,"column":4}},"20":{"start":{"line":85,"column":25},"end":{"line":85,"column":45}},"21":{"start":{"line":87,"column":21},"end":{"line":87,"column":25}},"22":{"start":{"line":88,"column":13},"end":{"line":88,"column":17}},"23":{"start":{"line":89,"column":19},"end":{"line":89,"column":20}},"24":{"start":{"line":92,"column":2},"end":{"line":106,"column":3}},"25":{"start":{"line":93,"column":27},"end":{"line":93,"column":57}},"26":{"start":{"line":94,"column":4},"end":{"line":94,"column":57}},"27":{"start":{"line":96,"column":23},"end":{"line":98,"column":6}},"28":{"start":{"line":100,"column":4},"end":{"line":102,"column":5}},"29":{"start":{"line":101,"column":6},"end":{"line":101,"column":114}},"30":{"start":{"line":104,"column":4},"end":{"line":104,"column":33}},"31":{"start":{"line":105,"column":4},"end":{"line":105,"column":43}},"32":{"start":{"line":109,"column":18},"end":{"line":117,"column":4}},"33":{"start":{"line":120,"column":2},"end":{"line":122,"column":3}},"34":{"start":{"line":121,"column":4},"end":{"line":121,"column":70}},"35":{"start":{"line":124,"column":2},"end":{"line":124,"column":17}},"36":{"start":{"line":127,"column":0},"end":{"line":130,"column":2}}},"fnMap":{"0":{"name":"distributeCommissions","decl":{"start":{"line":12,"column":15},"end":{"line":12,"column":36}},"loc":{"start":{"line":12,"column":80},"end":{"line":70,"column":1}},"line":12},"1":{"name":"generateSetuKoshNode","decl":{"start":{"line":77,"column":15},"end":{"line":77,"column":35}},"loc":{"start":{"line":77,"column":75},"end":{"line":125,"column":1}},"line":77}},"branchMap":{"0":{"loc":{"start":{"line":28,"column":9},"end":{"line":28,"column":44}},"type":"binary-expr","locations":[{"start":{"line":28,"column":9},"end":{"line":28,"column":22}},{"start":{"line":28,"column":26},"end":{"line":28,"column":44}}],"line":28},"1":{"loc":{"start":{"line":34,"column":4},"end":{"line":34,"column":25}},"type":"if","locations":[{"start":{"line":34,"column":4},"end":{"line":34,"column":25}},{"start":{},"end":{}}],"line":34},"2":{"loc":{"start":{"line":37,"column":24},"end":{"line":37,"column":98}},"type":"cond-expr","locations":[{"start":{"line":37,"column":69},"end":{"line":37,"column":82}},{"start":{"line":37,"column":85},"end":{"line":37,"column":98}}],"line":37},"3":{"loc":{"start":{"line":37,"column":25},"end":{"line":37,"column":65}},"type":"binary-expr","locations":[{"start":{"line":37,"column":25},"end":{"line":37,"column":43}},{"start":{"line":37,"column":47},"end":{"line":37,"column":65}}],"line":37},"4":{"loc":{"start":{"line":47,"column":4},"end":{"line":65,"column":5}},"type":"if","locations":[{"start":{"line":47,"column":4},"end":{"line":65,"column":5}},{"start":{},"end":{}}],"line":47},"5":{"loc":{"start":{"line":92,"column":2},"end":{"line":106,"column":3}},"type":"if","locations":[{"start":{"line":92,"column":2},"end":{"line":106,"column":3}},{"start":{},"end":{}}],"line":92},"6":{"loc":{"start":{"line":94,"column":11},"end":{"line":94,"column":56}},"type":"cond-expr","locations":[{"start":{"line":94,"column":40},"end":{"line":94,"column":46}},{"start":{"line":94,"column":49},"end":{"line":94,"column":56}}],"line":94},"7":{"loc":{"start":{"line":100,"column":4},"end":{"line":102,"column":5}},"type":"if","locations":[{"start":{"line":100,"column":4},"end":{"line":102,"column":5}},{"start":{},"end":{}}],"line":100},"8":{"loc":{"start":{"line":120,"column":2},"end":{"line":122,"column":3}},"type":"if","locations":[{"start":{"line":120,"column":2},"end":{"line":122,"column":3}},{"start":{},"end":{}}],"line":120}},"s":{"0":1,"1":1,"2":1,"3":1,"4":1,"5":1,"6":1,"7":1,"8":1,"9":1,"10":1,"11":1,"12":0,"13":1,"14":1,"15":1,"16":1,"17":1,"18":1,"19":2,"20":2,"21":2,"22":2,"23":2,"24":2,"25":1,"26":1,"27":1,"28":1,"29":0,"30":1,"31":1,"32":2,"33":2,"34":1,"35":2,"36":1},"f":{"0":1,"1":2},"b":{"0":[2,1],"1":[0,1],"2":[0,1],"3":[1,1],"4":[1,0],"5":[1,1],"6":[1,0],"7":[0,1],"8":[1,1]},"_coverageSchema":"1a1c01bbd47fc00a2c39e90264f33305004495a9","hash":"db5e10202ab5cece5743dce40fa6ed6327c3e425"}
,"/Users/ashishdubey/Desktop/coder/Bharatiya Bazaar/qewn/bb-backend/src/services/tdsService.js": {"path":"/Users/ashishdubey/Desktop/coder/Bharatiya Bazaar/qewn/bb-backend/src/services/tdsService.js","statementMap":{"0":{"start":{"line":1,"column":15},"end":{"line":1,"column":39}},"1":{"start":{"line":2,"column":21},"end":{"line":2,"column":46}},"2":{"start":{"line":5,"column":24},"end":{"line":5,"column":31}},"3":{"start":{"line":8,"column":13},"end":{"line":8,"column":31}},"4":{"start":{"line":9,"column":14},"end":{"line":9,"column":29}},"5":{"start":{"line":11,"column":2},"end":{"line":14,"column":3}},"6":{"start":{"line":13,"column":4},"end":{"line":13,"column":20}},"7":{"start":{"line":16,"column":20},"end":{"line":16,"column":40}},"8":{"start":{"line":17,"column":18},"end":{"line":17,"column":60}},"9":{"start":{"line":19,"column":2},"end":{"line":19,"column":32}},"10":{"start":{"line":23,"column":17},"end":{"line":23,"column":71}},"11":{"start":{"line":25,"column":13},"end":{"line":25,"column":17}},"12":{"start":{"line":26,"column":2},"end":{"line":32,"column":3}},"13":{"start":{"line":27,"column":24},"end":{"line":27,"column":70}},"14":{"start":{"line":28,"column":4},"end":{"line":28,"column":62}},"15":{"start":{"line":30,"column":27},"end":{"line":30,"column":79}},"16":{"start":{"line":31,"column":4},"end":{"line":31,"column":68}},"17":{"start":{"line":34,"column":33},"end":{"line":34,"column":63}},"18":{"start":{"line":37,"column":26},"end":{"line":46,"column":4}},"19":{"start":{"line":48,"column":26},"end":{"line":48,"column":83}},"20":{"start":{"line":48,"column":61},"end":{"line":48,"column":79}},"21":{"start":{"line":49,"column":26},"end":{"line":49,"column":61}},"22":{"start":{"line":51,"column":21},"end":{"line":51,"column":22}},"23":{"start":{"line":53,"column":2},"end":{"line":61,"column":3}},"24":{"start":{"line":54,"column":4},"end":{"line":60,"column":5}},"25":{"start":{"line":56,"column":6},"end":{"line":56,"column":39}},"26":{"start":{"line":59,"column":6},"end":{"line":59,"column":55}},"27":{"start":{"line":63,"column":19},"end":{"line":63,"column":50}},"28":{"start":{"line":65,"column":2},"end":{"line":68,"column":4}},"29":{"start":{"line":71,"column":0},"end":{"line":74,"column":2}}},"fnMap":{"0":{"name":"getCurrentFinancialYearRange","decl":{"start":{"line":7,"column":9},"end":{"line":7,"column":37}},"loc":{"start":{"line":7,"column":57},"end":{"line":20,"column":1}},"line":7},"1":{"name":"calculate194HTds","decl":{"start":{"line":22,"column":15},"end":{"line":22,"column":31}},"loc":{"start":{"line":22,"column":65},"end":{"line":69,"column":1}},"line":22},"2":{"name":"(anonymous_2)","decl":{"start":{"line":48,"column":49},"end":{"line":48,"column":50}},"loc":{"start":{"line":48,"column":61},"end":{"line":48,"column":79}},"line":48}},"branchMap":{"0":{"loc":{"start":{"line":7,"column":38},"end":{"line":7,"column":55}},"type":"default-arg","locations":[{"start":{"line":7,"column":45},"end":{"line":7,"column":55}}],"line":7},"1":{"loc":{"start":{"line":11,"column":2},"end":{"line":14,"column":3}},"type":"if","locations":[{"start":{"line":11,"column":2},"end":{"line":14,"column":3}},{"start":{},"end":{}}],"line":11},"2":{"loc":{"start":{"line":26,"column":2},"end":{"line":32,"column":3}},"type":"if","locations":[{"start":{"line":26,"column":2},"end":{"line":32,"column":3}},{"start":{"line":29,"column":9},"end":{"line":32,"column":3}}],"line":26},"3":{"loc":{"start":{"line":28,"column":11},"end":{"line":28,"column":61}},"type":"cond-expr","locations":[{"start":{"line":28,"column":25},"end":{"line":28,"column":54}},{"start":{"line":28,"column":57},"end":{"line":28,"column":61}}],"line":28},"4":{"loc":{"start":{"line":31,"column":11},"end":{"line":31,"column":67}},"type":"cond-expr","locations":[{"start":{"line":31,"column":28},"end":{"line":31,"column":60}},{"start":{"line":31,"column":63},"end":{"line":31,"column":67}}],"line":31},"5":{"loc":{"start":{"line":53,"column":2},"end":{"line":61,"column":3}},"type":"if","locations":[{"start":{"line":53,"column":2},"end":{"line":61,"column":3}},{"start":{},"end":{}}],"line":53},"6":{"loc":{"start":{"line":54,"column":4},"end":{"line":60,"column":5}},"type":"if","locations":[{"start":{"line":54,"column":4},"end":{"line":60,"column":5}},{"start":{"line":57,"column":11},"end":{"line":60,"column":5}}],"line":54}},"s":{"0":2,"1":2,"2":2,"3":3,"4":3,"5":3,"6":0,"7":3,"8":3,"9":3,"10":3,"11":3,"12":3,"13":3,"14":3,"15":0,"16":0,"17":3,"18":3,"19":3,"20":0,"21":3,"22":3,"23":3,"24":1,"25":0,"26":1,"27":3,"28":3,"29":2},"f":{"0":3,"1":3,"2":0},"b":{"0":[3],"1":[0,3],"2":[3,0],"3":[1,2],"4":[0,0],"5":[1,2],"6":[0,1]},"_coverageSchema":"1a1c01bbd47fc00a2c39e90264f33305004495a9","hash":"2d28c47367077d7a4863d9e2d07f721747ece771"}
,"/Users/ashishdubey/Desktop/coder/Bharatiya Bazaar/qewn/bb-backend/src/services/vendorService.js": {"path":"/Users/ashishdubey/Desktop/coder/Bharatiya Bazaar/qewn/bb-backend/src/services/vendorService.js","statementMap":{"0":{"start":{"line":1,"column":15},"end":{"line":1,"column":39}},"1":{"start":{"line":2,"column":33},"end":{"line":2,"column":61}},"2":{"start":{"line":4,"column":29},"end":{"line":4,"column":35}},"3":{"start":{"line":12,"column":2},"end":{"line":132,"column":5}},"4":{"start":{"line":14,"column":19},"end":{"line":17,"column":6}},"5":{"start":{"line":19,"column":4},"end":{"line":21,"column":5}},"6":{"start":{"line":20,"column":6},"end":{"line":20,"column":70}},"7":{"start":{"line":24,"column":23},"end":{"line":30,"column":6}},"8":{"start":{"line":36,"column":39},"end":{"line":39,"column":6}},"9":{"start":{"line":41,"column":4},"end":{"line":71,"column":5}},"10":{"start":{"line":42,"column":26},"end":{"line":45,"column":8}},"11":{"start":{"line":47,"column":6},"end":{"line":70,"column":7}},"12":{"start":{"line":48,"column":27},"end":{"line":48,"column":59}},"13":{"start":{"line":49,"column":8},"end":{"line":69,"column":9}},"14":{"start":{"line":50,"column":10},"end":{"line":58,"column":13}},"15":{"start":{"line":61,"column":10},"end":{"line":68,"column":13}},"16":{"start":{"line":75,"column":24},"end":{"line":75,"column":78}},"17":{"start":{"line":77,"column":20},"end":{"line":88,"column":6}},"18":{"start":{"line":91,"column":32},"end":{"line":91,"column":52}},"19":{"start":{"line":92,"column":31},"end":{"line":92,"column":61}},"20":{"start":{"line":93,"column":23},"end":{"line":93,"column":24}},"21":{"start":{"line":95,"column":4},"end":{"line":115,"column":5}},"22":{"start":{"line":99,"column":30},"end":{"line":99,"column":31}},"23":{"start":{"line":100,"column":6},"end":{"line":102,"column":7}},"24":{"start":{"line":101,"column":9},"end":{"line":101,"column":94}},"25":{"start":{"line":105,"column":6},"end":{"line":105,"column":66}},"26":{"start":{"line":106,"column":6},"end":{"line":106,"column":21}},"27":{"start":{"line":109,"column":6},"end":{"line":109,"column":52}},"28":{"start":{"line":113,"column":29},"end":{"line":113,"column":89}},"29":{"start":{"line":114,"column":6},"end":{"line":114,"column":45}},"30":{"start":{"line":118,"column":4},"end":{"line":127,"column":5}},"31":{"start":{"line":119,"column":6},"end":{"line":126,"column":9}},"32":{"start":{"line":129,"column":4},"end":{"line":129,"column":22}},"33":{"start":{"line":135,"column":0},"end":{"line":137,"column":2}}},"fnMap":{"0":{"name":"processMemberPurchase","decl":{"start":{"line":11,"column":15},"end":{"line":11,"column":36}},"loc":{"start":{"line":11,"column":70},"end":{"line":133,"column":1}},"line":11},"1":{"name":"(anonymous_1)","decl":{"start":{"line":12,"column":35},"end":{"line":12,"column":36}},"loc":{"start":{"line":12,"column":49},"end":{"line":130,"column":3}},"line":12}},"branchMap":{"0":{"loc":{"start":{"line":19,"column":4},"end":{"line":21,"column":5}},"type":"if","locations":[{"start":{"line":19,"column":4},"end":{"line":21,"column":5}},{"start":{},"end":{}}],"line":19},"1":{"loc":{"start":{"line":19,"column":8},"end":{"line":19,"column":47}},"type":"binary-expr","locations":[{"start":{"line":19,"column":8},"end":{"line":19,"column":15}},{"start":{"line":19,"column":19},"end":{"line":19,"column":47}}],"line":19},"2":{"loc":{"start":{"line":41,"column":4},"end":{"line":71,"column":5}},"type":"if","locations":[{"start":{"line":41,"column":4},"end":{"line":71,"column":5}},{"start":{},"end":{}}],"line":41},"3":{"loc":{"start":{"line":41,"column":8},"end":{"line":41,"column":133}},"type":"binary-expr","locations":[{"start":{"line":41,"column":8},"end":{"line":41,"column":34}},{"start":{"line":41,"column":38},"end":{"line":41,"column":77}},{"start":{"line":41,"column":81},"end":{"line":41,"column":133}}],"line":41},"4":{"loc":{"start":{"line":47,"column":6},"end":{"line":70,"column":7}},"type":"if","locations":[{"start":{"line":47,"column":6},"end":{"line":70,"column":7}},{"start":{},"end":{}}],"line":47},"5":{"loc":{"start":{"line":49,"column":8},"end":{"line":69,"column":9}},"type":"if","locations":[{"start":{"line":49,"column":8},"end":{"line":69,"column":9}},{"start":{},"end":{}}],"line":49},"6":{"loc":{"start":{"line":100,"column":6},"end":{"line":102,"column":7}},"type":"if","locations":[{"start":{"line":100,"column":6},"end":{"line":102,"column":7}},{"start":{},"end":{}}],"line":100},"7":{"loc":{"start":{"line":118,"column":4},"end":{"line":127,"column":5}},"type":"if","locations":[{"start":{"line":118,"column":4},"end":{"line":127,"column":5}},{"start":{},"end":{}}],"line":118}},"s":{"0":1,"1":1,"2":1,"3":2,"4":2,"5":2,"6":0,"7":2,"8":2,"9":2,"10":0,"11":0,"12":0,"13":0,"14":0,"15":0,"16":2,"17":2,"18":2,"19":2,"20":2,"21":2,"22":2,"23":2,"24":2,"25":2,"26":2,"27":2,"28":2,"29":2,"30":2,"31":2,"32":2,"33":1},"f":{"0":2,"1":2},"b":{"0":[0,2],"1":[2,2],"2":[0,2],"3":[2,2,2],"4":[0,0],"5":[0,0],"6":[2,0],"7":[2,0]},"_coverageSchema":"1a1c01bbd47fc00a2c39e90264f33305004495a9","hash":"5f7bf4a70a04c450771672c9f2e47221fbb0cff0"}
,"/Users/ashishdubey/Desktop/coder/Bharatiya Bazaar/qewn/bb-backend/src/services/walletService.js": {"path":"/Users/ashishdubey/Desktop/coder/Bharatiya Bazaar/qewn/bb-backend/src/services/walletService.js","statementMap":{"0":{"start":{"line":1,"column":22},"end":{"line":1,"column":48}},"1":{"start":{"line":4,"column":2},"end":{"line":4,"column":36}},"2":{"start":{"line":4,"column":24},"end":{"line":4,"column":36}},"3":{"start":{"line":9,"column":24},"end":{"line":13,"column":4}},"4":{"start":{"line":15,"column":23},"end":{"line":15,"column":49}},"5":{"start":{"line":16,"column":24},"end":{"line":16,"column":50}},"6":{"start":{"line":19,"column":17},"end":{"line":28,"column":4}},"7":{"start":{"line":30,"column":2},"end":{"line":30,"column":43}},"8":{"start":{"line":34,"column":2},"end":{"line":34,"column":36}},"9":{"start":{"line":34,"column":24},"end":{"line":34,"column":36}},"10":{"start":{"line":39,"column":2},"end":{"line":53,"column":3}},"11":{"start":{"line":40,"column":4},"end":{"line":47,"column":7}},"12":{"start":{"line":49,"column":4},"end":{"line":51,"column":5}},"13":{"start":{"line":50,"column":6},"end":{"line":50,"column":68}},"14":{"start":{"line":52,"column":4},"end":{"line":52,"column":16}},"15":{"start":{"line":58,"column":2},"end":{"line":60,"column":3}},"16":{"start":{"line":59,"column":4},"end":{"line":59,"column":66}},"17":{"start":{"line":62,"column":23},"end":{"line":62,"column":49}},"18":{"start":{"line":63,"column":24},"end":{"line":63,"column":50}},"19":{"start":{"line":65,"column":17},"end":{"line":74,"column":4}},"20":{"start":{"line":76,"column":2},"end":{"line":76,"column":43}},"21":{"start":{"line":79,"column":0},"end":{"line":79,"column":35}}},"fnMap":{"0":{"name":"credit","decl":{"start":{"line":3,"column":15},"end":{"line":3,"column":21}},"loc":{"start":{"line":3,"column":97},"end":{"line":31,"column":1}},"line":3},"1":{"name":"debit","decl":{"start":{"line":33,"column":15},"end":{"line":33,"column":20}},"loc":{"start":{"line":33,"column":96},"end":{"line":77,"column":1}},"line":33}},"branchMap":{"0":{"loc":{"start":{"line":3,"column":57},"end":{"line":3,"column":75}},"type":"default-arg","locations":[{"start":{"line":3,"column":71},"end":{"line":3,"column":75}}],"line":3},"1":{"loc":{"start":{"line":3,"column":77},"end":{"line":3,"column":95}},"type":"default-arg","locations":[{"start":{"line":3,"column":91},"end":{"line":3,"column":95}}],"line":3},"2":{"loc":{"start":{"line":4,"column":2},"end":{"line":4,"column":36}},"type":"if","locations":[{"start":{"line":4,"column":2},"end":{"line":4,"column":36}},{"start":{},"end":{}}],"line":4},"3":{"loc":{"start":{"line":33,"column":56},"end":{"line":33,"column":74}},"type":"default-arg","locations":[{"start":{"line":33,"column":70},"end":{"line":33,"column":74}}],"line":33},"4":{"loc":{"start":{"line":33,"column":76},"end":{"line":33,"column":94}},"type":"default-arg","locations":[{"start":{"line":33,"column":90},"end":{"line":33,"column":94}}],"line":33},"5":{"loc":{"start":{"line":34,"column":2},"end":{"line":34,"column":36}},"type":"if","locations":[{"start":{"line":34,"column":2},"end":{"line":34,"column":36}},{"start":{},"end":{}}],"line":34},"6":{"loc":{"start":{"line":49,"column":4},"end":{"line":51,"column":5}},"type":"if","locations":[{"start":{"line":49,"column":4},"end":{"line":51,"column":5}},{"start":{},"end":{}}],"line":49},"7":{"loc":{"start":{"line":58,"column":2},"end":{"line":60,"column":3}},"type":"if","locations":[{"start":{"line":58,"column":2},"end":{"line":60,"column":3}},{"start":{},"end":{}}],"line":58}},"s":{"0":3,"1":3,"2":0,"3":3,"4":3,"5":3,"6":3,"7":3,"8":10,"9":0,"10":10,"11":10,"12":0,"13":0,"14":0,"15":10,"16":0,"17":10,"18":10,"19":10,"20":10,"21":3},"f":{"0":3,"1":10},"b":{"0":[0],"1":[0],"2":[0,3],"3":[0],"4":[0],"5":[0,10],"6":[0,0],"7":[0,10]},"_coverageSchema":"1a1c01bbd47fc00a2c39e90264f33305004495a9","hash":"573cb5e65bb948d654139eaa9505893b2d68fa89"}
,"/Users/ashishdubey/Desktop/coder/Bharatiya Bazaar/qewn/bb-backend/src/services/withdrawalService.js": {"path":"/Users/ashishdubey/Desktop/coder/Bharatiya Bazaar/qewn/bb-backend/src/services/withdrawalService.js","statementMap":{"0":{"start":{"line":1,"column":15},"end":{"line":1,"column":39}},"1":{"start":{"line":2,"column":22},"end":{"line":2,"column":48}},"2":{"start":{"line":3,"column":19},"end":{"line":3,"column":42}},"3":{"start":{"line":5,"column":29},"end":{"line":9,"column":1}},"4":{"start":{"line":12,"column":2},"end":{"line":14,"column":3}},"5":{"start":{"line":13,"column":4},"end":{"line":13,"column":60}},"6":{"start":{"line":16,"column":2},"end":{"line":18,"column":3}},"7":{"start":{"line":17,"column":4},"end":{"line":17,"column":49}},"8":{"start":{"line":20,"column":2},"end":{"line":39,"column":5}},"9":{"start":{"line":23,"column":4},"end":{"line":23,"column":113}},"10":{"start":{"line":26,"column":4},"end":{"line":38,"column":7}},"11":{"start":{"line":43,"column":2},"end":{"line":119,"column":5}},"12":{"start":{"line":44,"column":23},"end":{"line":46,"column":6}},"13":{"start":{"line":48,"column":4},"end":{"line":48,"column":61}},"14":{"start":{"line":48,"column":21},"end":{"line":48,"column":61}},"15":{"start":{"line":49,"column":4},"end":{"line":49,"column":122}},"16":{"start":{"line":49,"column":43},"end":{"line":49,"column":122}},"17":{"start":{"line":51,"column":4},"end":{"line":63,"column":5}},"18":{"start":{"line":53,"column":6},"end":{"line":53,"column":160}},"19":{"start":{"line":55,"column":6},"end":{"line":62,"column":9}},"20":{"start":{"line":65,"column":4},"end":{"line":116,"column":5}},"21":{"start":{"line":67,"column":41},"end":{"line":67,"column":122}},"22":{"start":{"line":70,"column":27},"end":{"line":70,"column":59}},"23":{"start":{"line":71,"column":27},"end":{"line":71,"column":66}},"24":{"start":{"line":74,"column":31},"end":{"line":74,"column":86}},"25":{"start":{"line":75,"column":23},"end":{"line":75,"column":54}},"26":{"start":{"line":78,"column":6},"end":{"line":80,"column":7}},"27":{"start":{"line":79,"column":8},"end":{"line":79,"column":97}},"28":{"start":{"line":83,"column":6},"end":{"line":83,"column":159}},"29":{"start":{"line":86,"column":6},"end":{"line":86,"column":142}},"30":{"start":{"line":87,"column":6},"end":{"line":100,"column":7}},"31":{"start":{"line":88,"column":8},"end":{"line":88,"column":120}},"32":{"start":{"line":91,"column":8},"end":{"line":99,"column":11}},"33":{"start":{"line":101,"column":6},"end":{"line":103,"column":7}},"34":{"start":{"line":102,"column":8},"end":{"line":102,"column":121}},"35":{"start":{"line":106,"column":6},"end":{"line":115,"column":9}},"36":{"start":{"line":118,"column":4},"end":{"line":118,"column":66}},"37":{"start":{"line":122,"column":0},"end":{"line":125,"column":2}}},"fnMap":{"0":{"name":"requestWithdrawal","decl":{"start":{"line":11,"column":15},"end":{"line":11,"column":32}},"loc":{"start":{"line":11,"column":97},"end":{"line":40,"column":1}},"line":11},"1":{"name":"(anonymous_1)","decl":{"start":{"line":20,"column":35},"end":{"line":20,"column":36}},"loc":{"start":{"line":20,"column":49},"end":{"line":39,"column":3}},"line":20},"2":{"name":"processWithdrawal","decl":{"start":{"line":42,"column":15},"end":{"line":42,"column":32}},"loc":{"start":{"line":42,"column":79},"end":{"line":120,"column":1}},"line":42},"3":{"name":"(anonymous_3)","decl":{"start":{"line":43,"column":35},"end":{"line":43,"column":36}},"loc":{"start":{"line":43,"column":49},"end":{"line":119,"column":3}},"line":43}},"branchMap":{"0":{"loc":{"start":{"line":11,"column":74},"end":{"line":11,"column":95}},"type":"default-arg","locations":[{"start":{"line":11,"column":91},"end":{"line":11,"column":95}}],"line":11},"1":{"loc":{"start":{"line":12,"column":2},"end":{"line":14,"column":3}},"type":"if","locations":[{"start":{"line":12,"column":2},"end":{"line":14,"column":3}},{"start":{},"end":{}}],"line":12},"2":{"loc":{"start":{"line":16,"column":2},"end":{"line":18,"column":3}},"type":"if","locations":[{"start":{"line":16,"column":2},"end":{"line":18,"column":3}},{"start":{},"end":{}}],"line":16},"3":{"loc":{"start":{"line":42,"column":55},"end":{"line":42,"column":77}},"type":"default-arg","locations":[{"start":{"line":42,"column":73},"end":{"line":42,"column":77}}],"line":42},"4":{"loc":{"start":{"line":48,"column":4},"end":{"line":48,"column":61}},"type":"if","locations":[{"start":{"line":48,"column":4},"end":{"line":48,"column":61}},{"start":{},"end":{}}],"line":48},"5":{"loc":{"start":{"line":49,"column":4},"end":{"line":49,"column":122}},"type":"if","locations":[{"start":{"line":49,"column":4},"end":{"line":49,"column":122}},{"start":{},"end":{}}],"line":49},"6":{"loc":{"start":{"line":51,"column":4},"end":{"line":63,"column":5}},"type":"if","locations":[{"start":{"line":51,"column":4},"end":{"line":63,"column":5}},{"start":{},"end":{}}],"line":51},"7":{"loc":{"start":{"line":65,"column":4},"end":{"line":116,"column":5}},"type":"if","locations":[{"start":{"line":65,"column":4},"end":{"line":116,"column":5}},{"start":{},"end":{}}],"line":65},"8":{"loc":{"start":{"line":78,"column":6},"end":{"line":80,"column":7}},"type":"if","locations":[{"start":{"line":78,"column":6},"end":{"line":80,"column":7}},{"start":{},"end":{}}],"line":78},"9":{"loc":{"start":{"line":87,"column":6},"end":{"line":100,"column":7}},"type":"if","locations":[{"start":{"line":87,"column":6},"end":{"line":100,"column":7}},{"start":{},"end":{}}],"line":87},"10":{"loc":{"start":{"line":101,"column":6},"end":{"line":103,"column":7}},"type":"if","locations":[{"start":{"line":101,"column":6},"end":{"line":103,"column":7}},{"start":{},"end":{}}],"line":101}},"s":{"0":2,"1":2,"2":2,"3":2,"4":3,"5":0,"6":3,"7":0,"8":3,"9":3,"10":3,"11":3,"12":3,"13":3,"14":0,"15":3,"16":0,"17":3,"18":0,"19":0,"20":3,"21":3,"22":3,"23":3,"24":3,"25":3,"26":3,"27":0,"28":3,"29":3,"30":3,"31":1,"32":1,"33":3,"34":3,"35":3,"36":0,"37":2},"f":{"0":3,"1":3,"2":3,"3":3},"b":{"0":[3],"1":[0,3],"2":[0,3],"3":[0],"4":[0,3],"5":[0,3],"6":[0,3],"7":[3,0],"8":[0,3],"9":[1,2],"10":[3,0]},"_coverageSchema":"1a1c01bbd47fc00a2c39e90264f33305004495a9","hash":"84e2d7c4cbae5b86d45d7059458e605a4fb7df12"}
}
