TN:
SF:src/services/acbService.js
FN:4,checkAcbStatus
FN:17,(anonymous_1)
FN:18,(anonymous_2)
FN:23,unlockAcb
FN:33,unlockLockedEarnings
FNF:5
FNH:1
FNDA:54,checkAcbStatus
FNDA:0,(anonymous_1)
FNDA:0,(anonymous_2)
FNDA:0,unlockAcb
FNDA:0,unlockLockedEarnings
DA:1,3
DA:2,3
DA:5,54
DA:9,54
DA:10,0
DA:13,54
DA:17,54
DA:18,54
DA:20,54
DA:24,0
DA:35,0
DA:42,0
DA:44,0
DA:46,0
DA:48,0
DA:54,0
DA:58,3
LF:17
LH:9
BRDA:9,0,0,0
BRDA:9,0,1,54
BRDA:20,1,0,54
BRDA:20,1,1,0
BRDA:42,2,0,0
BRDA:42,2,1,0
BRF:6
BRH:2
end_of_record
TN:
SF:src/services/adminService.js
FN:18,getSetting
FN:45,updateSetting
FNF:2
FNH:2
FNDA:3,getSetting
FNDA:1,updateSetting
DA:1,2
DA:2,2
DA:4,2
DA:19,3
DA:23,3
DA:25,1
DA:27,0
DA:29,0
DA:31,0
DA:33,1
DA:46,1
DA:50,1
DA:51,0
DA:55,1
DA:56,0
DA:59,1
DA:63,1
DA:66,1
DA:67,0
DA:70,1
DA:86,1
DA:100,1
DA:103,2
LF:23
LH:17
BRDA:18,0,0,3
BRDA:23,1,0,2
BRDA:23,1,1,1
BRDA:25,2,0,0
BRDA:25,2,1,0
BRDA:25,2,2,0
BRDA:25,2,3,1
BRDA:45,3,0,0
BRDA:50,4,0,0
BRDA:50,4,1,1
BRDA:55,5,0,0
BRDA:55,5,1,1
BRDA:55,6,0,1
BRDA:55,6,1,1
BRDA:63,7,0,0
BRDA:63,7,1,1
BRDA:66,8,0,0
BRDA:66,8,1,1
BRDA:74,9,0,1
BRDA:74,9,1,0
BRF:20
BRH:11
end_of_record
TN:
SF:src/services/auditService.js
FN:15,logAction
FNF:1
FNH:1
FNDA:1,logAction
DA:1,2
DA:24,1
DA:37,2
LF:3
LH:3
BRDA:18,0,0,0
BRDA:19,1,0,0
BRDA:20,2,0,0
BRDA:21,3,0,0
BRDA:22,4,0,1
BRDA:31,5,0,1
BRDA:31,5,1,0
BRF:7
BRH:2
end_of_record
TN:
SF:src/services/commissionService.js
FN:12,checkAutoPoolLevelCompletion
FN:39,countMySystemNodesAtDepth
FN:46,(anonymous_2)
FN:52,checkMySystemLevelCompletion
FN:86,calculateAndCreateCommissions
FNF:5
FNH:3
FNDA:54,checkAutoPoolLevelCompletion
FNDA:0,countMySystemNodesAtDepth
FNDA:0,(anonymous_2)
FNDA:52,checkMySystemLevelCompletion
FNDA:42,calculateAndCreateCommissions
DA:1,3
DA:2,3
DA:3,3
DA:5,3
DA:13,54
DA:14,378
DA:15,378
DA:17,378
DA:18,50
DA:20,50
DA:22,44
DA:26,44
DA:27,44
DA:28,42
DA:40,0
DA:41,0
DA:42,0
DA:45,0
DA:46,0
DA:48,0
DA:53,52
DA:54,52
DA:56,52
DA:57,52
DA:59,0
DA:63,0
DA:64,0
DA:66,0
DA:67,0
DA:75,0
DA:76,0
DA:81,0
DA:88,42
DA:91,42
DA:93,42
DA:95,0
DA:106,42
DA:109,42
DA:111,42
DA:113,0
DA:114,42
DA:117,42
DA:121,42
DA:122,42
DA:124,0
DA:129,42
DA:140,42
DA:141,0
DA:146,3
LF:49
LH:31
BRDA:17,0,0,50
BRDA:17,0,1,328
BRDA:20,1,0,44
BRDA:20,1,1,6
BRDA:26,2,0,44
BRDA:26,2,1,0
BRDA:27,3,0,42
BRDA:27,3,1,2
BRDA:27,4,0,44
BRDA:27,4,1,44
BRDA:45,5,0,0
BRDA:45,5,1,0
BRDA:57,6,0,52
BRDA:57,6,1,0
BRDA:57,7,0,52
BRDA:57,7,1,52
BRDA:63,8,0,0
BRDA:63,8,1,0
BRDA:66,9,0,0
BRDA:66,9,1,0
BRDA:75,10,0,0
BRDA:75,10,1,0
BRDA:93,11,0,0
BRDA:93,11,1,42
BRDA:111,12,0,0
BRDA:111,12,1,42
BRDA:114,13,0,42
BRDA:114,13,1,0
BRDA:121,14,0,42
BRDA:121,14,1,0
BRDA:121,15,0,42
BRDA:121,15,1,42
BRDA:140,16,0,0
BRDA:140,16,1,42
BRF:34
BRH:19
end_of_record
TN:
SF:src/services/idCardService.js
FN:6,purchaseIds
FN:11,(anonymous_1)
FN:15,(anonymous_2)
FN:157,placeInMySystem
FN:228,findNextMySystemPosition
FN:250,(anonymous_5)
FN:251,(anonymous_6)
FNF:7
FNH:3
FNDA:52,purchaseIds
FNDA:0,(anonymous_1)
FNDA:52,(anonymous_2)
FNDA:52,placeInMySystem
FNDA:0,findNextMySystemPosition
FNDA:0,(anonymous_5)
FNDA:0,(anonymous_6)
DA:1,3
DA:2,3
DA:3,3
DA:4,3
DA:8,52
DA:11,52
DA:13,52
DA:15,52
DA:17,52
DA:21,52
DA:22,1
DA:25,1
DA:27,1
DA:28,1
DA:34,0
DA:36,0
DA:40,0
DA:46,52
DA:47,52
DA:48,52
DA:49,52
DA:57,52
DA:59,52
DA:60,54
DA:61,0
DA:64,54
DA:65,54
DA:68,54
DA:72,54
DA:75,54
DA:76,54
DA:78,54
DA:79,52
DA:80,52
DA:84,52
DA:85,52
DA:86,52
DA:90,54
DA:93,54
DA:104,54
DA:115,54
DA:116,54
DA:117,52
DA:122,54
DA:125,54
DA:126,52
DA:131,54
DA:135,54
DA:136,54
DA:137,54
DA:138,0
DA:139,0
DA:144,54
DA:145,54
DA:147,2
DA:150,54
DA:154,52
DA:159,52
DA:162,52
DA:164,52
DA:165,0
DA:169,0
DA:170,0
DA:178,0
DA:183,52
DA:191,52
DA:195,0
DA:202,0
DA:203,0
DA:206,0
DA:210,0
DA:211,0
DA:215,0
DA:217,0
DA:225,0
DA:230,0
DA:233,0
DA:234,0
DA:235,0
DA:236,0
DA:237,0
DA:239,0
DA:244,0
DA:246,0
DA:247,0
DA:248,0
DA:250,0
DA:251,0
DA:253,0
DA:254,0
DA:256,0
DA:257,0
DA:261,0
DA:262,0
DA:266,0
DA:269,3
LF:96
LH:57
BRDA:6,0,0,52
BRDA:6,1,0,52
BRDA:21,2,0,1
BRDA:21,2,1,51
BRDA:25,3,0,0
BRDA:25,3,1,1
BRDA:34,4,0,0
BRDA:34,4,1,0
BRDA:48,5,0,52
BRDA:48,5,1,0
BRDA:48,6,0,52
BRDA:48,6,1,52
BRDA:60,7,0,0
BRDA:60,7,1,54
BRDA:78,8,0,52
BRDA:78,8,1,2
BRDA:84,9,0,52
BRDA:84,9,1,0
BRDA:86,10,0,27
BRDA:86,10,1,25
BRDA:116,11,0,52
BRDA:116,11,1,2
BRDA:125,12,0,52
BRDA:125,12,1,2
BRDA:135,13,0,54
BRDA:135,13,1,0
BRDA:135,14,0,54
BRDA:135,14,1,54
BRDA:137,15,0,0
BRDA:137,15,1,54
BRDA:145,16,0,2
BRDA:145,16,1,52
BRDA:159,17,0,0
BRDA:159,17,1,52
BRDA:162,18,0,52
BRDA:162,18,1,0
BRDA:164,19,0,0
BRDA:164,19,1,52
BRDA:164,20,0,52
BRDA:164,20,1,0
BRDA:169,21,0,0
BRDA:169,21,1,0
BRDA:202,22,0,0
BRDA:202,22,1,0
BRDA:210,23,0,0
BRDA:210,23,1,0
BRDA:235,24,0,0
BRDA:235,24,1,0
BRDA:236,25,0,0
BRDA:236,25,1,0
BRDA:248,26,0,0
BRDA:248,26,1,0
BRDA:253,27,0,0
BRDA:253,27,1,0
BRDA:256,28,0,0
BRDA:256,28,1,0
BRF:56
BRH:28
end_of_record
TN:
SF:src/services/ledgerService.js
FN:1,createEntry
FNF:1
FNH:1
FNDA:13,createEntry
DA:3,13
DA:17,3
LF:2
LH:2
BRF:0
BRH:0
end_of_record
TN:
SF:src/services/memberService.js
FN:3,createMember
FN:29,getMemberById
FN:39,getMemberByMobile
FNF:3
FNH:1
FNDA:55,createMember
FNDA:0,getMemberById
FNDA:0,getMemberByMobile
DA:1,3
DA:5,55
DA:19,55
DA:26,55
DA:30,0
DA:40,0
DA:49,3
LF:7
LH:5
BRDA:13,0,0,55
BRDA:13,0,1,51
BRF:2
BRH:2
end_of_record
TN:
SF:src/services/payOnceService.js
FN:3,hasAlreadyPaid
FN:15,recordPayment
FNF:2
FNH:2
FNDA:42,hasAlreadyPaid
FNDA:42,recordPayment
DA:1,3
DA:4,42
DA:12,42
DA:16,42
DA:25,3
LF:5
LH:5
BRF:0
BRH:0
end_of_record
TN:
SF:src/services/rebirthService.js
FN:1,checkAndProcessRebirths
FN:51,(anonymous_1)
FNF:2
FNH:1
FNDA:54,checkAndProcessRebirths
FNDA:0,(anonymous_1)
DA:2,54
DA:5,54
DA:6,216
DA:7,216
DA:9,216
DA:10,4
DA:12,4
DA:14,2
DA:19,2
DA:20,2
DA:32,2
DA:33,0
DA:51,54
DA:52,0
DA:53,0
DA:55,0
DA:58,54
DA:61,3
LF:18
LH:14
BRDA:9,0,0,4
BRDA:9,0,1,212
BRDA:12,1,0,2
BRDA:12,1,1,2
BRDA:19,2,0,2
BRDA:19,2,1,0
BRDA:32,3,0,0
BRDA:32,3,1,2
BRDA:32,4,0,2
BRDA:32,4,1,0
BRDA:52,5,0,0
BRDA:52,5,1,0
BRF:12
BRH:7
end_of_record
TN:
SF:src/services/settlementService.js
FN:6,getVolumeDiscountPct
FN:33,processWeeklySettlement
FN:66,(anonymous_2)
FN:81,(anonymous_3)
FN:153,(anonymous_4)
FN:210,(anonymous_5)
FNF:6
FNH:6
FNDA:1,getVolumeDiscountPct
FNDA:1,processWeeklySettlement
FNDA:1,(anonymous_2)
FNDA:2,(anonymous_3)
FNDA:2,(anonymous_4)
FNDA:1,(anonymous_5)
DA:1,1
DA:7,1
DA:8,1
DA:20,1
DA:22,1
DA:23,1
DA:24,1
DA:25,1
DA:26,1
DA:35,1
DA:37,1
DA:38,1
DA:45,0
DA:46,0
DA:48,0
DA:51,1
DA:52,1
DA:53,1
DA:54,1
DA:55,1
DA:57,1
DA:58,1
DA:61,1
DA:65,1
DA:66,1
DA:68,1
DA:79,1
DA:81,2
DA:84,1
DA:85,1
DA:87,1
DA:88,1
DA:90,1
DA:91,1
DA:93,1
DA:94,1
DA:98,1
DA:100,1
DA:102,1
DA:119,1
DA:120,1
DA:121,0
DA:124,1
DA:129,1
DA:142,1
DA:143,1
DA:148,1
DA:151,1
DA:152,1
DA:153,2
DA:154,2
DA:162,2
DA:163,1
DA:164,1
DA:167,1
DA:168,1
DA:176,1
DA:178,1
DA:179,1
DA:180,0
DA:183,1
DA:188,1
DA:201,1
DA:202,1
DA:208,1
DA:209,1
DA:210,1
DA:211,1
DA:219,1
DA:220,1
DA:221,1
DA:224,0
DA:225,0
DA:230,0
DA:231,0
DA:232,0
DA:235,0
DA:240,0
DA:253,0
DA:254,0
DA:259,1
DA:269,1
DA:272,0
DA:276,0
DA:280,1
LF:85
LH:69
BRDA:20,0,0,1
BRDA:20,0,1,0
BRDA:22,1,0,0
BRDA:22,1,1,1
BRDA:23,2,0,0
BRDA:23,2,1,1
BRDA:24,3,0,0
BRDA:24,3,1,1
BRDA:25,4,0,0
BRDA:25,4,1,1
BRDA:45,5,0,0
BRDA:45,5,1,0
BRDA:79,6,0,0
BRDA:79,6,1,1
BRDA:120,7,0,0
BRDA:120,7,1,1
BRDA:162,8,0,1
BRDA:162,8,1,1
BRDA:179,9,0,0
BRDA:179,9,1,1
BRDA:219,10,0,1
BRDA:219,10,1,0
BRDA:231,11,0,0
BRDA:231,11,1,0
BRF:24
BRH:11
end_of_record
TN:
SF:src/services/setuKoshService.js
FN:12,distributeCommissions
FN:77,generateSetuKoshNode
FNF:2
FNH:2
FNDA:1,distributeCommissions
FNDA:2,generateSetuKoshNode
DA:1,1
DA:2,1
DA:4,1
DA:5,1
DA:21,1
DA:22,1
DA:23,1
DA:25,1
DA:26,1
DA:28,1
DA:29,1
DA:34,1
DA:37,1
DA:43,1
DA:47,1
DA:48,1
DA:67,1
DA:68,1
DA:79,2
DA:85,2
DA:87,2
DA:88,2
DA:89,2
DA:92,2
DA:93,1
DA:94,1
DA:96,1
DA:100,1
DA:101,0
DA:104,1
DA:105,1
DA:109,2
DA:120,2
DA:121,1
DA:124,2
DA:127,1
LF:36
LH:35
BRDA:28,0,0,2
BRDA:28,0,1,1
BRDA:34,1,0,0
BRDA:34,1,1,1
BRDA:37,2,0,0
BRDA:37,2,1,1
BRDA:37,3,0,1
BRDA:37,3,1,1
BRDA:47,4,0,1
BRDA:47,4,1,0
BRDA:92,5,0,1
BRDA:92,5,1,1
BRDA:94,6,0,1
BRDA:94,6,1,0
BRDA:100,7,0,0
BRDA:100,7,1,1
BRDA:120,8,0,1
BRDA:120,8,1,1
BRF:18
BRH:13
end_of_record
TN:
SF:src/services/tdsService.js
FN:7,getCurrentFinancialYearRange
FN:22,calculate194HTds
FN:48,(anonymous_2)
FNF:3
FNH:2
FNDA:3,getCurrentFinancialYearRange
FNDA:3,calculate194HTds
FNDA:0,(anonymous_2)
DA:1,2
DA:2,2
DA:5,2
DA:8,3
DA:9,3
DA:11,3
DA:13,0
DA:16,3
DA:17,3
DA:19,3
DA:23,3
DA:25,3
DA:26,3
DA:27,3
DA:28,3
DA:30,0
DA:31,0
DA:34,3
DA:37,3
DA:48,3
DA:49,3
DA:51,3
DA:53,3
DA:54,1
DA:56,0
DA:59,1
DA:63,3
DA:65,3
DA:71,2
LF:29
LH:25
BRDA:7,0,0,3
BRDA:11,1,0,0
BRDA:11,1,1,3
BRDA:26,2,0,3
BRDA:26,2,1,0
BRDA:28,3,0,1
BRDA:28,3,1,2
BRDA:31,4,0,0
BRDA:31,4,1,0
BRDA:53,5,0,1
BRDA:53,5,1,2
BRDA:54,6,0,0
BRDA:54,6,1,1
BRF:13
BRH:8
end_of_record
TN:
SF:src/services/vendorService.js
FN:11,processMemberPurchase
FN:12,(anonymous_1)
FNF:2
FNH:2
FNDA:2,processMemberPurchase
FNDA:2,(anonymous_1)
DA:1,1
DA:2,1
DA:4,1
DA:12,2
DA:14,2
DA:19,2
DA:20,0
DA:24,2
DA:36,2
DA:41,2
DA:42,0
DA:47,0
DA:48,0
DA:49,0
DA:50,0
DA:61,0
DA:75,2
DA:77,2
DA:91,2
DA:92,2
DA:93,2
DA:95,2
DA:99,2
DA:100,2
DA:101,2
DA:105,2
DA:106,2
DA:109,2
DA:113,2
DA:114,2
DA:118,2
DA:119,2
DA:129,2
DA:135,1
LF:34
LH:27
BRDA:19,0,0,0
BRDA:19,0,1,2
BRDA:19,1,0,2
BRDA:19,1,1,2
BRDA:41,2,0,0
BRDA:41,2,1,2
BRDA:41,3,0,2
BRDA:41,3,1,2
BRDA:41,3,2,2
BRDA:47,4,0,0
BRDA:47,4,1,0
BRDA:49,5,0,0
BRDA:49,5,1,0
BRDA:100,6,0,2
BRDA:100,6,1,0
BRDA:118,7,0,2
BRDA:118,7,1,0
BRF:17
BRH:9
end_of_record
TN:
SF:src/services/walletService.js
FN:3,credit
FN:33,debit
FNF:2
FNH:2
FNDA:3,credit
FNDA:10,debit
DA:1,3
DA:4,3
DA:9,3
DA:15,3
DA:16,3
DA:19,3
DA:30,3
DA:34,10
DA:39,10
DA:40,10
DA:49,0
DA:50,0
DA:52,0
DA:58,10
DA:59,0
DA:62,10
DA:63,10
DA:65,10
DA:76,10
DA:79,3
LF:20
LH:16
BRDA:3,0,0,0
BRDA:3,1,0,0
BRDA:4,2,0,0
BRDA:4,2,1,3
BRDA:33,3,0,0
BRDA:33,4,0,0
BRDA:34,5,0,0
BRDA:34,5,1,10
BRDA:49,6,0,0
BRDA:49,6,1,0
BRDA:58,7,0,0
BRDA:58,7,1,10
BRF:12
BRH:3
end_of_record
TN:
SF:src/services/withdrawalService.js
FN:11,requestWithdrawal
FN:20,(anonymous_1)
FN:42,processWithdrawal
FN:43,(anonymous_3)
FNF:4
FNH:4
FNDA:3,requestWithdrawal
FNDA:3,(anonymous_1)
FNDA:3,processWithdrawal
FNDA:3,(anonymous_3)
DA:1,2
DA:2,2
DA:3,2
DA:5,2
DA:12,3
DA:13,0
DA:16,3
DA:17,0
DA:20,3
DA:23,3
DA:26,3
DA:43,3
DA:44,3
DA:48,3
DA:49,3
DA:51,3
DA:53,0
DA:55,0
DA:65,3
DA:67,3
DA:70,3
DA:71,3
DA:74,3
DA:75,3
DA:78,3
DA:79,0
DA:83,3
DA:86,3
DA:87,3
DA:88,1
DA:91,1
DA:101,3
DA:102,3
DA:106,3
DA:118,0
DA:122,2
LF:36
LH:30
BRDA:11,0,0,3
BRDA:12,1,0,0
BRDA:12,1,1,3
BRDA:16,2,0,0
BRDA:16,2,1,3
BRDA:42,3,0,0
BRDA:48,4,0,0
BRDA:48,4,1,3
BRDA:49,5,0,0
BRDA:49,5,1,3
BRDA:51,6,0,0
BRDA:51,6,1,3
BRDA:65,7,0,3
BRDA:65,7,1,0
BRDA:78,8,0,0
BRDA:78,8,1,3
BRDA:87,9,0,1
BRDA:87,9,1,2
BRDA:101,10,0,3
BRDA:101,10,1,0
BRF:20
BRH:11
end_of_record
