TN:
SF:src/services/acbService.js
FN:4,checkAcbStatus
FN:14,(anonymous_1)
FN:15,(anonymous_2)
FN:20,unlockAcb
FN:30,unlockLockedEarnings
FNF:5
FNH:1
FNDA:4,checkAcbStatus
FNDA:0,(anonymous_1)
FNDA:0,(anonymous_2)
FNDA:0,unlockAcb
FNDA:0,unlockLockedEarnings
DA:1,3
DA:2,3
DA:6,4
DA:10,4
DA:11,4
DA:14,0
DA:15,0
DA:17,0
DA:21,0
DA:32,0
DA:39,0
DA:41,0
DA:43,0
DA:45,0
DA:51,0
DA:55,3
LF:16
LH:6
BRDA:10,0,0,4
BRDA:10,0,1,0
BRDA:17,1,0,0
BRDA:17,1,1,0
BRDA:39,2,0,0
BRDA:39,2,1,0
BRF:6
BRH:1
end_of_record
TN:
SF:src/services/adminService.js
FN:16,isSuperAdminOnly
FN:18,(anonymous_1)
FN:22,parseSettingValue
FN:46,getSetting
FN:68,getSettingNumber
FN:72,getSettingBoolean
FN:76,invalidateCache
FN:87,getAllSettings
FN:96,updateSetting
FN:166,updateCategoryMargin
FNF:10
FNH:6
FNDA:1,isSuperAdminOnly
FNDA:1,(anonymous_1)
FNDA:0,parseSettingValue
FNDA:70,getSetting
FNDA:0,getSettingNumber
FNDA:1,getSettingBoolean
FNDA:1,invalidateCache
FNDA:0,getAllSettings
FNDA:1,updateSetting
FNDA:0,updateCategoryMargin
DA:1,3
DA:2,3
DA:5,3
DA:6,3
DA:8,3
DA:9,3
DA:17,1
DA:18,1
DA:19,0
DA:23,0
DA:24,0
DA:26,0
DA:29,0
DA:31,0
DA:33,0
DA:34,0
DA:36,0
DA:39,0
DA:47,70
DA:48,70
DA:49,0
DA:52,70
DA:56,69
DA:57,69
DA:60,0
DA:65,0
DA:69,0
DA:73,1
DA:77,1
DA:78,1
DA:80,0
DA:88,0
DA:97,1
DA:101,1
DA:102,0
DA:103,0
DA:104,0
DA:105,0
DA:108,1
DA:111,1
DA:112,0
DA:113,0
DA:114,0
DA:115,0
DA:118,1
DA:122,1
DA:123,1
DA:125,1
DA:141,1
DA:144,1
DA:158,1
DA:167,0
DA:171,0
DA:172,0
DA:173,0
DA:174,0
DA:175,0
DA:178,0
DA:179,0
DA:180,0
DA:183,0
DA:185,0
DA:188,0
DA:189,0
DA:193,0
DA:197,0
DA:211,0
DA:220,3
LF:68
LH:28
BRDA:17,0,0,0
BRDA:17,0,1,1
BRDA:18,1,0,1
BRDA:18,1,1,0
BRDA:23,2,0,0
BRDA:23,2,1,0
BRDA:23,3,0,0
BRDA:23,3,1,0
BRDA:24,4,0,0
BRDA:24,4,1,0
BRDA:24,4,2,0
BRDA:24,4,3,0
BRDA:24,4,4,0
BRDA:24,4,5,0
BRDA:31,5,0,0
BRDA:31,5,1,0
BRDA:31,5,2,0
BRDA:31,5,3,0
BRDA:34,6,0,0
BRDA:34,6,1,0
BRDA:46,7,0,0
BRDA:48,8,0,0
BRDA:48,8,1,70
BRDA:48,9,0,70
BRDA:48,9,1,0
BRDA:56,10,0,69
BRDA:56,10,1,0
BRDA:76,11,0,0
BRDA:77,12,0,1
BRDA:77,12,1,0
BRDA:96,13,0,0
BRDA:101,14,0,0
BRDA:101,14,1,1
BRDA:108,15,0,1
BRDA:108,15,1,0
BRDA:111,16,0,0
BRDA:111,16,1,1
BRDA:111,17,0,1
BRDA:111,17,1,1
BRDA:111,17,2,0
BRDA:122,18,0,0
BRDA:122,18,1,1
BRDA:129,19,0,1
BRDA:129,19,1,0
BRDA:166,20,0,0
BRDA:166,21,0,0
BRDA:171,22,0,0
BRDA:171,22,1,0
BRDA:178,23,0,0
BRDA:178,23,1,0
BRDA:183,24,0,0
BRDA:183,24,1,0
BRDA:188,25,0,0
BRDA:188,25,1,0
BRF:54
BRH:13
end_of_record
TN:
SF:src/services/auditService.js
FN:15,logAction
FNF:1
FNH:1
FNDA:1,logAction
DA:1,3
DA:24,1
DA:37,3
LF:3
LH:3
BRDA:18,0,0,0
BRDA:19,1,0,0
BRDA:20,2,0,0
BRDA:21,3,0,0
BRDA:22,4,0,1
BRDA:31,5,0,1
BRDA:31,5,1,0
BRF:7
BRH:2
end_of_record
TN:
SF:src/services/commissionService.js
FN:12,checkAutoPoolLevelCompletion
FN:38,countMySystemNodesAtDepth
FN:45,(anonymous_2)
FN:51,checkMySystemLevelCompletion
FN:87,calculateAndCreateCommissions
FNF:5
FNH:3
FNDA:5,checkAutoPoolLevelCompletion
FNDA:0,countMySystemNodesAtDepth
FNDA:0,(anonymous_2)
FNDA:4,checkMySystemLevelCompletion
FNDA:1,calculateAndCreateCommissions
DA:1,3
DA:2,3
DA:3,3
DA:5,3
DA:13,5
DA:14,29
DA:15,29
DA:17,29
DA:18,3
DA:20,3
DA:21,1
DA:25,1
DA:26,1
DA:27,1
DA:39,0
DA:40,0
DA:41,0
DA:44,0
DA:45,0
DA:47,0
DA:52,4
DA:53,4
DA:55,4
DA:56,4
DA:58,0
DA:62,0
DA:63,0
DA:65,0
DA:66,0
DA:74,0
DA:75,0
DA:80,0
DA:84,3
DA:89,1
DA:91,1
DA:93,1
DA:95,0
DA:98,0
DA:100,0
DA:111,1
DA:114,1
DA:115,0
DA:116,0
DA:118,0
DA:119,0
DA:123,0
DA:124,0
DA:125,0
DA:127,0
DA:130,0
DA:132,0
DA:133,0
DA:134,0
DA:136,0
DA:138,0
DA:139,0
DA:140,0
DA:141,0
DA:142,0
DA:144,0
DA:149,0
DA:160,0
DA:161,0
DA:166,3
LF:64
LH:25
BRDA:17,0,0,3
BRDA:17,0,1,26
BRDA:20,1,0,1
BRDA:20,1,1,2
BRDA:25,2,0,1
BRDA:25,2,1,0
BRDA:26,3,0,1
BRDA:26,3,1,0
BRDA:26,4,0,1
BRDA:26,4,1,1
BRDA:44,5,0,0
BRDA:44,5,1,0
BRDA:56,6,0,4
BRDA:56,6,1,0
BRDA:56,7,0,4
BRDA:56,7,1,4
BRDA:62,8,0,0
BRDA:62,8,1,0
BRDA:65,9,0,0
BRDA:65,9,1,0
BRDA:74,10,0,0
BRDA:74,10,1,0
BRDA:93,11,0,0
BRDA:93,11,1,1
BRDA:98,12,0,0
BRDA:98,12,1,0
BRDA:124,13,0,0
BRDA:124,13,1,0
BRDA:125,14,0,0
BRDA:125,14,1,0
BRDA:127,15,0,0
BRDA:127,15,1,0
BRDA:132,16,0,0
BRDA:132,16,1,0
BRDA:133,17,0,0
BRDA:133,17,1,0
BRDA:136,18,0,0
BRDA:136,18,1,0
BRDA:138,19,0,0
BRDA:138,19,1,0
BRDA:139,20,0,0
BRDA:139,20,1,0
BRDA:141,21,0,0
BRDA:141,21,1,0
BRDA:160,22,0,0
BRDA:160,22,1,0
BRF:46
BRH:12
end_of_record
TN:
SF:src/services/idCardService.js
FN:7,purchaseIds
FN:13,(anonymous_1)
FN:21,(anonymous_2)
FN:38,(anonymous_3)
FN:39,(anonymous_4)
FN:46,(anonymous_5)
FN:151,findSpillSlot
FN:160,nextSlot
FN:165,(anonymous_8)
FN:166,(anonymous_9)
FN:172,placeInMySystem
FNF:11
FNH:3
FNDA:52,purchaseIds
FNDA:0,(anonymous_1)
FNDA:0,(anonymous_2)
FNDA:0,(anonymous_3)
FNDA:0,(anonymous_4)
FNDA:14,(anonymous_5)
FNDA:0,findSpillSlot
FNDA:0,nextSlot
FNDA:0,(anonymous_8)
FNDA:0,(anonymous_9)
FNDA:5,placeInMySystem
DA:1,3
DA:2,3
DA:3,3
DA:4,3
DA:5,3
DA:8,52
DA:9,52
DA:12,52
DA:13,52
DA:14,52
DA:15,0
DA:16,0
DA:17,0
DA:18,0
DA:21,52
DA:22,52
DA:25,52
DA:26,50
DA:27,50
DA:28,50
DA:29,0
DA:30,0
DA:31,0
DA:32,0
DA:36,50
DA:37,50
DA:38,0
DA:39,0
DA:40,0
DA:43,50
DA:44,50
DA:46,50
DA:47,14
DA:48,14
DA:49,1
DA:50,1
DA:51,1
DA:58,14
DA:59,14
DA:60,14
DA:63,14
DA:64,14
DA:65,14
DA:66,14
DA:68,14
DA:69,5
DA:71,5
DA:72,5
DA:73,3
DA:74,3
DA:77,5
DA:78,5
DA:81,5
DA:82,5
DA:88,5
DA:92,5
DA:96,5
DA:97,5
DA:98,5
DA:99,5
DA:102,5
DA:103,4
DA:106,4
DA:107,0
DA:108,0
DA:109,0
DA:110,0
DA:111,0
DA:117,4
DA:118,4
DA:119,4
DA:120,0
DA:121,0
DA:126,4
DA:127,0
DA:128,0
DA:129,0
DA:130,0
DA:131,0
DA:136,4
DA:137,4
DA:138,4
DA:142,50
DA:143,0
DA:145,50
DA:148,4
DA:152,0
DA:153,0
DA:154,0
DA:155,0
DA:156,0
DA:161,0
DA:162,0
DA:163,0
DA:164,0
DA:165,0
DA:166,0
DA:167,0
DA:169,0
DA:173,5
DA:175,5
DA:176,5
DA:177,0
DA:178,0
DA:179,0
DA:180,0
DA:181,0
DA:182,0
DA:183,0
DA:184,0
DA:187,5
DA:188,5
DA:189,5
DA:193,0
DA:194,0
DA:195,0
DA:196,0
DA:197,0
DA:198,0
DA:199,0
DA:200,0
DA:201,0
DA:202,0
DA:204,0
DA:207,0
DA:208,0
DA:210,0
DA:215,0
DA:216,0
DA:217,0
DA:219,0
DA:222,3
LF:132
LH:69
BRDA:7,0,0,52
BRDA:7,1,0,52
BRDA:7,2,0,52
BRDA:8,3,0,52
BRDA:8,3,1,52
BRDA:14,4,0,0
BRDA:14,4,1,52
BRDA:30,5,0,0
BRDA:30,5,1,0
BRDA:31,6,0,0
BRDA:31,6,1,0
BRDA:37,7,0,0
BRDA:37,7,1,50
BRDA:40,8,0,0
BRDA:40,8,1,0
BRDA:48,9,0,1
BRDA:48,9,1,13
BRDA:50,10,0,0
BRDA:50,10,1,1
BRDA:60,11,0,14
BRDA:60,11,1,0
BRDA:60,12,0,14
BRDA:60,12,1,14
BRDA:65,13,0,0
BRDA:65,13,1,14
BRDA:72,14,0,3
BRDA:72,14,1,2
BRDA:74,15,0,3
BRDA:74,15,1,0
BRDA:74,16,0,2
BRDA:74,16,1,1
BRDA:77,17,0,0
BRDA:77,17,1,5
BRDA:77,18,0,0
BRDA:77,18,1,5
BRDA:81,19,0,5
BRDA:81,19,1,0
BRDA:97,20,0,5
BRDA:97,20,1,0
BRDA:99,21,0,5
BRDA:99,21,1,0
BRDA:99,22,0,5
BRDA:99,22,1,5
BRDA:103,23,0,4
BRDA:103,23,1,0
BRDA:106,24,0,0
BRDA:106,24,1,4
BRDA:106,25,0,4
BRDA:106,25,1,4
BRDA:108,26,0,0
BRDA:108,26,1,0
BRDA:108,27,0,0
BRDA:108,27,1,0
BRDA:109,28,0,0
BRDA:109,28,1,0
BRDA:118,29,0,4
BRDA:118,29,1,0
BRDA:118,30,0,4
BRDA:118,30,1,4
BRDA:119,31,0,0
BRDA:119,31,1,4
BRDA:126,32,0,0
BRDA:126,32,1,4
BRDA:126,33,0,4
BRDA:126,33,1,0
BRDA:126,33,2,0
BRDA:128,34,0,0
BRDA:128,34,1,0
BRDA:128,35,0,0
BRDA:128,35,1,0
BRDA:129,36,0,0
BRDA:129,36,1,0
BRDA:137,37,0,0
BRDA:137,37,1,4
BRDA:142,38,0,0
BRDA:142,38,1,50
BRDA:155,39,0,0
BRDA:155,39,1,0
BRDA:164,40,0,0
BRDA:164,40,1,0
BRDA:165,41,0,0
BRDA:165,41,1,0
BRDA:166,42,0,0
BRDA:166,42,1,0
BRDA:173,43,0,0
BRDA:173,43,1,5
BRDA:175,44,0,5
BRDA:175,44,1,0
BRDA:176,45,0,0
BRDA:176,45,1,5
BRDA:176,46,0,5
BRDA:176,46,1,0
BRDA:178,47,0,0
BRDA:178,47,1,0
BRDA:181,48,0,0
BRDA:181,48,1,0
BRDA:194,49,0,0
BRDA:194,49,1,0
BRDA:196,50,0,0
BRDA:196,50,1,0
BRDA:198,51,0,0
BRDA:198,51,1,0
BRDA:199,52,0,0
BRDA:199,52,1,0
BRDA:201,53,0,0
BRDA:201,53,1,0
BRDA:208,54,0,0
BRDA:208,54,1,0
BRDA:215,55,0,0
BRDA:215,55,1,0
BRF:110
BRH:42
end_of_record
TN:
SF:src/services/ledgerService.js
FN:1,createEntry
FNF:1
FNH:0
FNDA:0,createEntry
DA:3,0
DA:17,3
LF:2
LH:1
BRF:0
BRH:0
end_of_record
TN:
SF:src/services/memberService.js
FN:4,generateMemberCode
FN:28,createMember
FN:59,getMemberById
FN:69,getMemberByMobile
FN:80,getMemberByCode
FNF:5
FNH:1
FNDA:0,generateMemberCode
FNDA:55,createMember
FNDA:0,getMemberById
FNDA:0,getMemberByMobile
FNDA:0,getMemberByCode
DA:1,3
DA:5,0
DA:6,0
DA:11,0
DA:14,0
DA:15,0
DA:16,0
DA:17,0
DA:18,0
DA:20,0
DA:22,0
DA:29,55
DA:30,55
DA:33,55
DA:49,55
DA:56,55
DA:60,0
DA:70,0
DA:81,0
DA:90,3
LF:20
LH:7
BRDA:14,0,0,0
BRDA:14,0,1,0
BRDA:17,1,0,0
BRDA:17,1,1,0
BRDA:18,2,0,0
BRDA:18,2,1,0
BRDA:28,3,0,55
BRDA:29,4,0,55
BRDA:29,4,1,55
BRDA:42,5,0,55
BRDA:42,5,1,55
BRDA:43,6,0,55
BRDA:43,6,1,51
BRF:13
BRH:7
end_of_record
TN:
SF:src/services/payOnceService.js
FN:3,hasAlreadyPaid
FN:15,recordPayment
FNF:2
FNH:2
FNDA:1,hasAlreadyPaid
FNDA:1,recordPayment
DA:1,3
DA:4,1
DA:12,1
DA:16,1
DA:25,3
LF:5
LH:5
BRF:0
BRH:0
end_of_record
TN:
SF:src/services/pinService.js
FN:11,generatePin
FN:24,(anonymous_1)
FN:80,validatePin
FN:128,validateAndRedeemPin
FN:187,listPins
FN:212,revokePin
FNF:6
FNH:0
FNDA:0,generatePin
FNDA:0,(anonymous_1)
FNDA:0,validatePin
FNDA:0,validateAndRedeemPin
FNDA:0,listPins
FNDA:0,revokePin
DA:1,0
DA:2,0
DA:3,0
DA:4,0
DA:5,0
DA:12,0
DA:13,0
DA:14,0
DA:15,0
DA:16,0
DA:17,0
DA:20,0
DA:21,0
DA:22,0
DA:24,0
DA:26,0
DA:27,0
DA:30,0
DA:40,0
DA:50,0
DA:60,0
DA:70,0
DA:71,0
DA:73,0
DA:81,0
DA:82,0
DA:83,0
DA:84,0
DA:85,0
DA:86,0
DA:89,0
DA:98,0
DA:99,0
DA:100,0
DA:101,0
DA:102,0
DA:105,0
DA:106,0
DA:107,0
DA:108,0
DA:109,0
DA:112,0
DA:129,0
DA:130,0
DA:131,0
DA:132,0
DA:133,0
DA:134,0
DA:138,0
DA:142,0
DA:143,0
DA:144,0
DA:145,0
DA:146,0
DA:149,0
DA:150,0
DA:151,0
DA:152,0
DA:153,0
DA:157,0
DA:169,0
DA:170,0
DA:171,0
DA:172,0
DA:173,0
DA:176,0
DA:188,0
DA:189,0
DA:190,0
DA:191,0
DA:193,0
DA:213,0
DA:217,0
DA:218,0
DA:219,0
DA:220,0
DA:221,0
DA:224,0
DA:225,0
DA:226,0
DA:227,0
DA:228,0
DA:231,0
DA:236,0
DA:248,0
DA:251,0
LF:86
LH:0
BRDA:11,0,0,0
BRDA:13,1,0,0
BRDA:13,1,1,0
BRDA:13,2,0,0
BRDA:13,2,1,0
BRDA:13,2,2,0
BRDA:70,3,0,0
BRDA:70,3,1,0
BRDA:81,4,0,0
BRDA:81,4,1,0
BRDA:82,5,0,0
BRDA:82,5,1,0
BRDA:98,6,0,0
BRDA:98,6,1,0
BRDA:105,7,0,0
BRDA:105,7,1,0
BRDA:118,8,0,0
BRDA:118,8,1,0
BRDA:128,9,0,0
BRDA:129,10,0,0
BRDA:129,10,1,0
BRDA:130,11,0,0
BRDA:130,11,1,0
BRDA:142,12,0,0
BRDA:142,12,1,0
BRDA:149,13,0,0
BRDA:149,13,1,0
BRDA:149,14,0,0
BRDA:149,14,1,0
BRDA:169,15,0,0
BRDA:169,15,1,0
BRDA:187,16,0,0
BRDA:189,17,0,0
BRDA:189,17,1,0
BRDA:190,18,0,0
BRDA:190,18,1,0
BRDA:191,19,0,0
BRDA:191,19,1,0
BRDA:204,20,0,0
BRDA:204,20,1,0
BRDA:205,21,0,0
BRDA:205,21,1,0
BRDA:212,22,0,0
BRDA:217,23,0,0
BRDA:217,23,1,0
BRDA:224,24,0,0
BRDA:224,24,1,0
BRF:47
BRH:0
end_of_record
TN:
SF:src/services/rebirthService.js
FN:3,checkAndProcessRebirths
FN:56,(anonymous_1)
FNF:2
FNH:1
FNDA:4,checkAndProcessRebirths
FNDA:0,(anonymous_1)
DA:1,3
DA:4,4
DA:7,4
DA:8,16
DA:9,16
DA:11,16
DA:12,0
DA:14,0
DA:16,0
DA:21,0
DA:22,0
DA:34,0
DA:35,0
DA:36,0
DA:38,0
DA:56,4
DA:57,0
DA:58,0
DA:60,0
DA:63,4
DA:66,3
LF:21
LH:9
BRDA:11,0,0,0
BRDA:11,0,1,16
BRDA:14,1,0,0
BRDA:14,1,1,0
BRDA:21,2,0,0
BRDA:21,2,1,0
BRDA:34,3,0,0
BRDA:34,3,1,0
BRDA:34,4,0,0
BRDA:34,4,1,0
BRDA:57,5,0,0
BRDA:57,5,1,0
BRF:12
BRH:1
end_of_record
TN:
SF:src/services/settlementService.js
FN:14,getVolumeDiscountPct
FN:53,calculateSettlementBreakdown
FN:56,(anonymous_2)
FN:59,(anonymous_3)
FN:118,processWeeklySettlement
FN:168,(anonymous_5)
FN:214,(anonymous_6)
FN:237,(anonymous_7)
FN:292,processEarlySettlement
FN:295,(anonymous_9)
FN:318,(anonymous_10)
FN:369,(anonymous_11)
FN:413,sweepVendorInactivity
FN:418,(anonymous_13)
FN:437,(anonymous_14)
FN:514,checkDepositFreeze
FN:545,penalizeVendor
FN:546,(anonymous_17)
FNF:18
FNH:8
FNDA:1,getVolumeDiscountPct
FNDA:1,calculateSettlementBreakdown
FNDA:2,(anonymous_2)
FNDA:2,(anonymous_3)
FNDA:1,processWeeklySettlement
FNDA:1,(anonymous_5)
FNDA:2,(anonymous_6)
FNDA:1,(anonymous_7)
FNDA:0,processEarlySettlement
FNDA:0,(anonymous_9)
FNDA:0,(anonymous_10)
FNDA:0,(anonymous_11)
FNDA:0,sweepVendorInactivity
FNDA:0,(anonymous_13)
FNDA:0,(anonymous_14)
FNDA:0,checkDepositFreeze
FNDA:0,penalizeVendor
FNDA:0,(anonymous_17)
DA:1,1
DA:2,1
DA:3,1
DA:4,1
DA:5,1
DA:7,1
DA:8,1
DA:9,1
DA:15,1
DA:16,1
DA:17,1
DA:18,1
DA:20,1
DA:32,1
DA:34,1
DA:35,1
DA:36,1
DA:37,1
DA:38,1
DA:39,1
DA:40,1
DA:41,1
DA:43,1
DA:44,1
DA:45,1
DA:46,1
DA:47,1
DA:54,1
DA:56,2
DA:59,1
DA:60,2
DA:63,1
DA:66,1
DA:67,1
DA:68,1
DA:69,1
DA:70,1
DA:73,1
DA:76,1
DA:77,1
DA:78,1
DA:81,1
DA:82,1
DA:83,1
DA:86,1
DA:87,1
DA:88,1
DA:89,1
DA:91,1
DA:93,1
DA:94,1
DA:95,1
DA:97,1
DA:119,1
DA:122,1
DA:123,1
DA:124,1
DA:126,1
DA:127,1
DA:128,1
DA:131,1
DA:132,1
DA:134,1
DA:138,1
DA:139,0
DA:145,1
DA:157,1
DA:158,1
DA:159,1
DA:161,1
DA:162,1
DA:167,1
DA:168,1
DA:170,1
DA:181,1
DA:183,1
DA:189,1
DA:191,1
DA:213,1
DA:214,2
DA:219,1
DA:220,0
DA:230,1
DA:231,1
DA:232,1
DA:237,1
DA:238,1
DA:242,1
DA:256,1
DA:273,1
DA:280,0
DA:284,0
DA:293,0
DA:295,0
DA:296,0
DA:301,0
DA:302,0
DA:306,0
DA:313,0
DA:314,0
DA:317,0
DA:318,0
DA:319,0
DA:321,0
DA:328,0
DA:344,0
DA:346,0
DA:368,0
DA:369,0
DA:374,0
DA:375,0
DA:386,0
DA:402,0
DA:414,0
DA:418,0
DA:419,0
DA:421,0
DA:427,0
DA:428,0
DA:429,0
DA:431,0
DA:432,0
DA:433,0
DA:434,0
DA:436,0
DA:437,0
DA:438,0
DA:444,0
DA:456,0
DA:461,0
DA:471,0
DA:472,0
DA:473,0
DA:478,0
DA:487,0
DA:488,0
DA:489,0
DA:494,0
DA:503,0
DA:507,0
DA:515,0
DA:520,0
DA:522,0
DA:524,0
DA:525,0
DA:529,0
DA:530,0
DA:546,0
DA:547,0
DA:552,0
DA:553,0
DA:556,0
DA:557,0
DA:559,0
DA:560,0
DA:561,0
DA:562,0
DA:563,0
DA:564,0
DA:566,0
DA:570,0
DA:577,0
DA:578,0
DA:580,0
DA:581,0
DA:582,0
DA:583,0
DA:588,0
DA:589,0
DA:591,0
DA:593,0
DA:603,0
DA:621,0
DA:632,1
LF:174
LH:89
BRDA:32,0,0,1
BRDA:32,0,1,0
BRDA:43,1,0,0
BRDA:43,1,1,1
BRDA:44,2,0,0
BRDA:44,2,1,1
BRDA:45,3,0,0
BRDA:45,3,1,1
BRDA:46,4,0,0
BRDA:46,4,1,1
BRDA:53,5,0,0
BRDA:54,6,0,0
BRDA:54,7,0,0
BRDA:54,8,0,0
BRDA:60,9,0,2
BRDA:60,9,1,0
BRDA:67,10,0,1
BRDA:67,10,1,0
BRDA:68,11,0,0
BRDA:68,11,1,1
BRDA:69,12,0,0
BRDA:69,12,1,1
BRDA:70,13,0,1
BRDA:70,13,1,0
BRDA:70,14,0,0
BRDA:70,14,1,0
BRDA:82,15,0,0
BRDA:82,15,1,1
BRDA:87,16,0,1
BRDA:87,16,1,0
BRDA:87,17,0,0
BRDA:87,17,1,0
BRDA:88,18,0,1
BRDA:88,18,1,0
BRDA:89,19,0,1
BRDA:89,19,1,1
BRDA:89,19,2,1
BRDA:89,19,3,0
BRDA:89,19,4,0
BRDA:91,20,0,0
BRDA:91,20,1,1
BRDA:118,21,0,0
BRDA:118,22,0,1
BRDA:119,23,0,1
BRDA:119,24,0,1
BRDA:138,25,0,0
BRDA:138,25,1,1
BRDA:138,26,0,1
BRDA:138,26,1,0
BRDA:181,27,0,0
BRDA:181,27,1,1
BRDA:189,28,0,0
BRDA:189,28,1,1
BRDA:219,29,0,0
BRDA:219,29,1,1
BRDA:219,30,0,1
BRDA:219,30,1,0
BRDA:259,31,0,0
BRDA:259,31,1,1
BRDA:292,32,0,0
BRDA:293,33,0,0
BRDA:293,34,0,0
BRDA:301,35,0,0
BRDA:301,35,1,0
BRDA:313,36,0,0
BRDA:313,36,1,0
BRDA:318,37,0,0
BRDA:318,37,1,0
BRDA:344,38,0,0
BRDA:344,38,1,0
BRDA:374,39,0,0
BRDA:374,39,1,0
BRDA:374,40,0,0
BRDA:374,40,1,0
BRDA:388,41,0,0
BRDA:388,41,1,0
BRDA:389,42,0,0
BRDA:389,42,1,0
BRDA:413,43,0,0
BRDA:419,44,0,0
BRDA:419,44,1,0
BRDA:432,45,0,0
BRDA:432,45,1,0
BRDA:436,46,0,0
BRDA:436,46,1,0
BRDA:436,47,0,0
BRDA:436,47,1,0
BRDA:472,48,0,0
BRDA:472,48,1,0
BRDA:472,49,0,0
BRDA:472,49,1,0
BRDA:472,49,2,0
BRDA:488,50,0,0
BRDA:488,50,1,0
BRDA:488,51,0,0
BRDA:488,51,1,0
BRDA:520,52,0,0
BRDA:520,52,1,0
BRDA:522,53,0,0
BRDA:522,53,1,0
BRDA:522,53,2,0
BRDA:524,54,0,0
BRDA:524,54,1,0
BRDA:524,55,0,0
BRDA:524,55,1,0
BRDA:529,56,0,0
BRDA:529,56,1,0
BRDA:529,57,0,0
BRDA:529,57,1,0
BRDA:529,57,2,0
BRDA:529,57,3,0
BRDA:545,58,0,0
BRDA:545,59,0,0
BRDA:552,60,0,0
BRDA:552,60,1,0
BRDA:557,61,0,0
BRDA:557,61,1,0
BRDA:559,62,0,0
BRDA:559,62,1,0
BRDA:561,63,0,0
BRDA:561,63,1,0
BRDA:563,64,0,0
BRDA:563,64,1,0
BRDA:581,65,0,0
BRDA:581,65,1,0
BRDA:591,66,0,0
BRDA:591,66,1,0
BRF:127
BRH:27
end_of_record
TN:
SF:src/services/setuKoshService.js
FN:11,isPinCodeActive
FN:16,(anonymous_1)
FN:36,activatePinGateCommissions
FN:44,(anonymous_3)
FN:44,(anonymous_4)
FN:76,calculateCommissionSplits
FN:141,generateSetuKoshNode
FN:199,(anonymous_7)
FN:228,recordPurchase
FN:231,(anonymous_9)
FN:283,(anonymous_10)
FN:286,(anonymous_11)
FN:306,(anonymous_12)
FN:413,settlePending
FN:451,getMemberCounter
FN:489,getSetuKoshTree
FN:506,buildTree
FNF:17
FNH:9
FNDA:2,isPinCodeActive
FNDA:0,(anonymous_1)
FNDA:0,activatePinGateCommissions
FNDA:0,(anonymous_3)
FNDA:0,(anonymous_4)
FNDA:1,calculateCommissionSplits
FNDA:2,generateSetuKoshNode
FNDA:1,(anonymous_7)
FNDA:2,recordPurchase
FNDA:2,(anonymous_9)
FNDA:0,(anonymous_10)
FNDA:2,(anonymous_11)
FNDA:2,(anonymous_12)
FNDA:1,settlePending
FNDA:0,getMemberCounter
FNDA:0,getSetuKoshTree
FNDA:0,buildTree
DA:1,1
DA:2,1
DA:3,1
DA:5,1
DA:6,1
DA:12,2
DA:13,2
DA:16,0
DA:17,0
DA:19,0
DA:26,0
DA:37,0
DA:39,0
DA:44,0
DA:45,0
DA:47,0
DA:58,0
DA:67,0
DA:77,1
DA:78,1
DA:79,1
DA:81,1
DA:94,1
DA:95,1
DA:96,10
DA:99,1
DA:102,1
DA:103,0
DA:104,0
DA:105,0
DA:106,0
DA:108,0
DA:110,0
DA:111,0
DA:113,0
DA:114,0
DA:115,0
DA:116,0
DA:118,0
DA:122,1
DA:143,2
DA:149,2
DA:151,2
DA:152,2
DA:153,2
DA:156,2
DA:157,1
DA:158,1
DA:160,1
DA:164,1
DA:165,0
DA:168,1
DA:169,1
DA:173,2
DA:184,2
DA:185,1
DA:186,1
DA:188,1
DA:189,1
DA:191,1
DA:192,1
DA:197,1
DA:199,1
DA:200,1
DA:202,1
DA:203,1
DA:215,1
DA:216,1
DA:220,2
DA:229,2
DA:231,2
DA:233,2
DA:234,0
DA:237,0
DA:238,0
DA:246,2
DA:251,2
DA:252,0
DA:256,2
DA:259,2
DA:272,2
DA:277,2
DA:278,2
DA:281,2
DA:282,2
DA:283,0
DA:285,2
DA:286,2
DA:288,2
DA:291,2
DA:292,0
DA:296,2
DA:297,2
DA:298,2
DA:299,2
DA:305,2
DA:306,2
DA:309,2
DA:310,2
DA:317,2
DA:318,0
DA:322,0
DA:323,0
DA:334,0
DA:347,2
DA:360,2
DA:361,2
DA:363,2
DA:364,2
DA:366,2
DA:367,2
DA:368,2
DA:371,2
DA:372,2
DA:374,2
DA:375,2
DA:376,2
DA:379,2
DA:380,2
DA:382,2
DA:383,2
DA:385,2
DA:395,2
DA:414,1
DA:422,1
DA:424,1
DA:425,0
DA:430,0
DA:439,0
DA:442,1
DA:452,0
DA:467,0
DA:468,0
DA:469,0
DA:470,0
DA:471,0
DA:473,0
DA:490,0
DA:495,0
DA:497,0
DA:501,0
DA:502,0
DA:503,0
DA:507,0
DA:508,0
DA:510,0
DA:511,0
DA:513,0
DA:527,0
DA:534,1
LF:150
LH:94
BRDA:12,0,0,2
BRDA:12,0,1,0
BRDA:17,1,0,0
BRDA:17,1,1,0
BRDA:37,2,0,0
BRDA:37,2,1,0
BRDA:45,3,0,0
BRDA:45,3,1,0
BRDA:102,4,0,0
BRDA:102,4,1,1
BRDA:103,5,0,0
BRDA:103,5,1,0
BRDA:111,6,0,0
BRDA:111,6,1,0
BRDA:141,7,0,0
BRDA:156,8,0,1
BRDA:156,8,1,1
BRDA:158,9,0,1
BRDA:158,9,1,0
BRDA:164,10,0,0
BRDA:164,10,1,1
BRDA:184,11,0,1
BRDA:184,11,1,1
BRDA:184,12,0,2
BRDA:184,12,1,1
BRDA:186,13,0,0
BRDA:186,13,1,1
BRDA:191,14,0,2
BRDA:191,14,1,1
BRDA:197,15,0,0
BRDA:197,15,1,1
BRDA:199,16,0,1
BRDA:199,16,1,0
BRDA:200,17,0,1
BRDA:200,17,1,0
BRDA:202,18,0,1
BRDA:202,18,1,0
BRDA:202,19,0,1
BRDA:202,19,1,1
BRDA:228,20,0,0
BRDA:229,21,0,2
BRDA:229,22,0,2
BRDA:229,23,0,2
BRDA:233,24,0,0
BRDA:233,24,1,2
BRDA:237,25,0,0
BRDA:237,25,1,0
BRDA:251,26,0,0
BRDA:251,26,1,2
BRDA:251,27,0,2
BRDA:251,27,1,2
BRDA:251,27,2,2
BRDA:252,28,0,0
BRDA:252,28,1,0
BRDA:266,29,0,2
BRDA:266,29,1,2
BRDA:278,30,0,2
BRDA:278,30,1,2
BRDA:282,31,0,0
BRDA:282,31,1,2
BRDA:285,32,0,2
BRDA:285,32,1,0
BRDA:286,33,0,2
BRDA:286,33,1,0
BRDA:288,34,0,2
BRDA:288,34,1,0
BRDA:291,35,0,0
BRDA:291,35,1,2
BRDA:291,36,0,2
BRDA:291,36,1,0
BRDA:298,37,0,2
BRDA:298,37,1,0
BRDA:299,38,0,2
BRDA:299,38,1,2
BRDA:300,39,0,0
BRDA:300,39,1,2
BRDA:305,40,0,2
BRDA:305,40,1,0
BRDA:306,41,0,2
BRDA:306,41,1,0
BRDA:309,42,0,2
BRDA:309,42,1,0
BRDA:310,43,0,2
BRDA:310,43,1,2
BRDA:311,44,0,0
BRDA:311,44,1,2
BRDA:317,45,0,0
BRDA:317,45,1,2
BRDA:322,46,0,0
BRDA:322,46,1,0
BRDA:329,47,0,0
BRDA:329,47,1,0
BRDA:339,48,0,0
BRDA:339,48,1,0
BRDA:371,49,0,2
BRDA:371,49,1,0
BRDA:413,50,0,0
BRDA:467,51,0,0
BRDA:467,51,1,0
BRDA:468,52,0,0
BRDA:468,52,1,0
BRDA:469,53,0,0
BRDA:469,53,1,0
BRDA:481,54,0,0
BRDA:481,54,1,0
BRDA:482,55,0,0
BRDA:482,55,1,0
BRDA:489,56,0,0
BRDA:489,57,0,0
BRDA:495,58,0,0
BRDA:495,58,1,0
BRDA:508,59,0,0
BRDA:508,59,1,0
BRDA:508,60,0,0
BRDA:508,60,1,0
BRDA:521,61,0,0
BRDA:521,61,1,0
BRDA:522,62,0,0
BRDA:522,62,1,0
BRF:119
BRH:49
end_of_record
TN:
SF:src/services/tdsService.js
FN:13,getCurrentFinancialYearRange
FN:34,calculate194HTds
FN:66,(anonymous_2)
FN:96,calculate194R
FN:115,(anonymous_4)
FN:116,(anonymous_5)
FN:132,(anonymous_6)
FN:153,create194RLiability
FN:174,calculate194C
FN:206,(anonymous_9)
FN:238,calculate194HVendorReferralTds
FN:256,(anonymous_11)
FN:280,getPending194RLiability
FN:289,(anonymous_13)
FN:295,recover194RLiability
FN:348,trackTDSLedger
FN:363,depositTDS
FN:378,reverseTDS
FNF:18
FNH:2
FNDA:1,getCurrentFinancialYearRange
FNDA:0,calculate194HTds
FNDA:0,(anonymous_2)
FNDA:0,calculate194R
FNDA:0,(anonymous_4)
FNDA:0,(anonymous_5)
FNDA:0,(anonymous_6)
FNDA:0,create194RLiability
FNDA:1,calculate194C
FNDA:0,(anonymous_9)
FNDA:0,calculate194HVendorReferralTds
FNDA:0,(anonymous_11)
FNDA:0,getPending194RLiability
FNDA:0,(anonymous_13)
FNDA:0,recover194RLiability
FNDA:0,trackTDSLedger
FNDA:0,depositTDS
FNDA:0,reverseTDS
DA:1,2
DA:2,2
DA:5,2
DA:6,2
DA:7,2
DA:8,2
DA:14,1
DA:15,1
DA:16,1
DA:18,1
DA:19,0
DA:22,1
DA:23,1
DA:25,1
DA:28,2
DA:35,0
DA:36,0
DA:37,0
DA:40,0
DA:41,0
DA:43,0
DA:44,0
DA:45,0
DA:46,0
DA:48,0
DA:49,0
DA:52,0
DA:55,0
DA:66,0
DA:67,0
DA:69,0
DA:71,0
DA:72,0
DA:73,0
DA:75,0
DA:79,0
DA:81,0
DA:97,0
DA:98,0
DA:99,0
DA:100,0
DA:103,0
DA:114,0
DA:115,0
DA:116,0
DA:117,0
DA:120,0
DA:132,0
DA:134,0
DA:135,0
DA:137,0
DA:138,0
DA:141,0
DA:154,0
DA:156,0
DA:157,0
DA:168,0
DA:175,1
DA:176,1
DA:178,1
DA:179,1
DA:180,1
DA:181,0
DA:182,0
DA:184,1
DA:185,1
DA:188,0
DA:189,0
DA:192,1
DA:194,1
DA:205,1
DA:206,0
DA:209,1
DA:211,1
DA:212,1
DA:214,1
DA:216,1
DA:217,0
DA:218,0
DA:220,0
DA:224,1
DA:226,1
DA:239,0
DA:240,0
DA:241,0
DA:243,0
DA:245,0
DA:256,0
DA:257,0
DA:259,0
DA:260,0
DA:261,0
DA:262,0
DA:264,0
DA:268,0
DA:270,0
DA:281,0
DA:289,0
DA:296,0
DA:298,0
DA:307,0
DA:308,0
DA:310,0
DA:311,0
DA:313,0
DA:314,0
DA:318,0
DA:319,0
DA:322,0
DA:327,0
DA:337,0
DA:338,0
DA:342,0
DA:349,0
DA:364,0
DA:379,0
DA:390,2
LF:117
LH:32
BRDA:13,0,0,1
BRDA:18,1,0,0
BRDA:18,1,1,1
BRDA:36,2,0,0
BRDA:36,2,1,0
BRDA:41,3,0,0
BRDA:41,3,1,0
BRDA:41,3,2,0
BRDA:44,4,0,0
BRDA:44,4,1,0
BRDA:46,5,0,0
BRDA:46,5,1,0
BRDA:49,6,0,0
BRDA:49,6,1,0
BRDA:66,7,0,0
BRDA:66,7,1,0
BRDA:71,8,0,0
BRDA:71,8,1,0
BRDA:72,9,0,0
BRDA:72,9,1,0
BRDA:96,10,0,0
BRDA:100,11,0,0
BRDA:100,11,1,0
BRDA:135,12,0,0
BRDA:135,12,1,0
BRDA:153,13,0,0
BRDA:156,14,0,0
BRDA:156,14,1,0
BRDA:174,15,0,0
BRDA:174,16,0,0
BRDA:179,17,0,1
BRDA:179,17,1,0
BRDA:180,18,0,0
BRDA:180,18,1,1
BRDA:182,19,0,0
BRDA:182,19,1,0
BRDA:185,20,0,0
BRDA:185,20,1,1
BRDA:189,21,0,0
BRDA:189,21,1,0
BRDA:206,22,0,0
BRDA:206,22,1,0
BRDA:206,23,0,0
BRDA:206,23,1,0
BRDA:216,24,0,0
BRDA:216,24,1,1
BRDA:216,25,0,1
BRDA:216,25,1,1
BRDA:217,26,0,0
BRDA:217,26,1,0
BRDA:217,27,0,0
BRDA:217,27,1,0
BRDA:230,28,0,1
BRDA:230,28,1,1
BRDA:240,29,0,0
BRDA:240,29,1,0
BRDA:240,29,2,0
BRDA:241,30,0,0
BRDA:241,30,1,0
BRDA:260,31,0,0
BRDA:260,31,1,0
BRDA:261,32,0,0
BRDA:261,32,1,0
BRDA:296,33,0,0
BRDA:296,33,1,0
BRDA:311,34,0,0
BRDA:311,34,1,0
BRDA:313,35,0,0
BRDA:313,35,1,0
BRDA:348,36,0,0
BRDA:348,37,0,0
BRF:71
BRH:10
end_of_record
TN:
SF:src/services/vendorService.js
FN:18,getCategoryMargin
FN:23,(anonymous_1)
FN:24,(anonymous_2)
FN:36,registerVendor
FN:50,(anonymous_4)
FN:97,processMemberPurchase
FNF:6
FNH:1
FNDA:0,getCategoryMargin
FNDA:0,(anonymous_1)
FNDA:0,(anonymous_2)
FNDA:0,registerVendor
FNDA:0,(anonymous_4)
FNDA:2,processMemberPurchase
DA:1,1
DA:2,1
DA:3,1
DA:5,1
DA:19,0
DA:20,0
DA:21,0
DA:23,0
DA:24,0
DA:26,0
DA:27,0
DA:30,0
DA:46,0
DA:48,0
DA:50,0
DA:51,0
DA:55,0
DA:56,0
DA:59,0
DA:73,0
DA:74,0
DA:78,0
DA:79,0
DA:90,0
DA:98,2
DA:101,1
LF:26
LH:6
BRDA:18,0,0,0
BRDA:19,1,0,0
BRDA:19,1,1,0
BRDA:23,2,0,0
BRDA:23,2,1,0
BRDA:26,3,0,0
BRDA:26,3,1,0
BRDA:26,4,0,0
BRDA:26,4,1,0
BRDA:30,5,0,0
BRDA:30,5,1,0
BRDA:40,6,0,0
BRDA:45,7,0,0
BRDA:48,8,0,0
BRDA:48,8,1,0
BRDA:55,9,0,0
BRDA:55,9,1,0
BRDA:73,10,0,0
BRDA:73,10,1,0
BRDA:78,11,0,0
BRDA:78,11,1,0
BRDA:97,12,0,2
BRF:22
BRH:1
end_of_record
TN:
SF:src/services/walletService.js
FN:3,credit
FN:33,debit
FN:78,getWalletBalance
FN:91,getLedgerHistory
FNF:4
FNH:0
FNDA:0,credit
FNDA:0,debit
FNDA:0,getWalletBalance
FNDA:0,getLedgerHistory
DA:1,3
DA:4,0
DA:9,0
DA:15,0
DA:16,0
DA:19,0
DA:30,0
DA:34,0
DA:39,0
DA:40,0
DA:49,0
DA:50,0
DA:52,0
DA:58,0
DA:59,0
DA:62,0
DA:63,0
DA:65,0
DA:76,0
DA:79,0
DA:80,0
DA:84,0
DA:85,0
DA:88,0
DA:92,0
DA:94,0
DA:105,0
DA:106,0
DA:109,0
DA:112,3
LF:30
LH:2
BRDA:3,0,0,0
BRDA:3,1,0,0
BRDA:4,2,0,0
BRDA:4,2,1,0
BRDA:33,3,0,0
BRDA:33,4,0,0
BRDA:34,5,0,0
BRDA:34,5,1,0
BRDA:49,6,0,0
BRDA:49,6,1,0
BRDA:58,7,0,0
BRDA:58,7,1,0
BRDA:84,8,0,0
BRDA:84,8,1,0
BRDA:91,9,0,0
BRDA:91,10,0,0
BRDA:105,11,0,0
BRDA:105,11,1,0
BRF:18
BRH:0
end_of_record
TN:
SF:src/services/withdrawalService.js
FN:19,previewWithdrawal
FN:58,(anonymous_1)
FN:101,requestWithdrawal
FN:111,(anonymous_3)
FN:208,completeWithdrawal
FN:209,(anonymous_5)
FN:293,rejectWithdrawal
FN:294,(anonymous_7)
FN:329,processWithdrawal
FNF:9
FNH:2
FNDA:0,previewWithdrawal
FNDA:0,(anonymous_1)
FNDA:3,requestWithdrawal
FNDA:3,(anonymous_3)
FNDA:0,completeWithdrawal
FNDA:0,(anonymous_5)
FNDA:0,rejectWithdrawal
FNDA:0,(anonymous_7)
FNDA:0,processWithdrawal
DA:1,2
DA:2,2
DA:3,2
DA:5,2
DA:13,2
DA:20,0
DA:21,0
DA:24,0
DA:25,0
DA:26,0
DA:27,0
DA:28,0
DA:29,0
DA:31,0
DA:32,0
DA:35,0
DA:36,0
DA:37,0
DA:39,0
DA:58,0
DA:59,0
DA:60,0
DA:63,0
DA:64,0
DA:65,0
DA:69,0
DA:72,0
DA:73,0
DA:76,0
DA:78,0
DA:102,3
DA:103,0
DA:106,3
DA:107,3
DA:108,0
DA:111,3
DA:113,3
DA:114,0
DA:117,0
DA:121,3
DA:125,3
DA:126,0
DA:129,3
DA:130,0
DA:133,3
DA:134,3
DA:138,0
DA:141,0
DA:143,0
DA:144,0
DA:148,0
DA:149,0
DA:150,0
DA:153,0
DA:156,0
DA:157,0
DA:158,0
DA:161,0
DA:164,0
DA:165,0
DA:169,0
DA:172,0
DA:189,0
DA:190,0
DA:201,0
DA:209,0
DA:210,0
DA:214,0
DA:215,0
DA:216,0
DA:220,0
DA:221,0
DA:225,0
DA:235,0
DA:244,0
DA:245,0
DA:254,0
DA:257,0
DA:258,0
DA:268,0
DA:269,0
DA:280,0
DA:294,0
DA:295,0
DA:299,0
DA:300,0
DA:301,0
DA:305,0
DA:315,0
DA:318,0
DA:330,0
DA:331,0
DA:333,0
DA:334,0
DA:336,0
DA:339,2
LF:96
LH:16
BRDA:20,0,0,0
BRDA:20,0,1,0
BRDA:21,1,0,0
BRDA:21,1,1,0
BRDA:24,2,0,0
BRDA:24,2,1,0
BRDA:31,3,0,0
BRDA:31,3,1,0
BRDA:60,4,0,0
BRDA:60,4,1,0
BRDA:101,5,0,3
BRDA:101,6,0,3
BRDA:102,7,0,0
BRDA:102,7,1,3
BRDA:106,8,0,3
BRDA:106,8,1,0
BRDA:107,9,0,0
BRDA:107,9,1,3
BRDA:113,10,0,0
BRDA:113,10,1,3
BRDA:117,11,0,0
BRDA:117,11,1,0
BRDA:125,12,0,0
BRDA:125,12,1,3
BRDA:129,13,0,0
BRDA:129,13,1,3
BRDA:133,14,0,3
BRDA:133,14,1,0
BRDA:141,15,0,0
BRDA:141,15,1,0
BRDA:143,16,0,0
BRDA:143,16,1,0
BRDA:143,17,0,0
BRDA:143,17,1,0
BRDA:164,18,0,0
BRDA:164,18,1,0
BRDA:182,19,0,0
BRDA:182,19,1,0
BRDA:184,20,0,0
BRDA:184,20,1,0
BRDA:189,21,0,0
BRDA:189,21,1,0
BRDA:208,22,0,0
BRDA:214,23,0,0
BRDA:214,23,1,0
BRDA:215,24,0,0
BRDA:215,24,1,0
BRDA:220,25,0,0
BRDA:220,25,1,0
BRDA:244,26,0,0
BRDA:244,26,1,0
BRDA:257,27,0,0
BRDA:257,27,1,0
BRDA:268,28,0,0
BRDA:268,28,1,0
BRDA:293,29,0,0
BRDA:293,30,0,0
BRDA:299,31,0,0
BRDA:299,31,1,0
BRDA:300,32,0,0
BRDA:300,32,1,0
BRDA:329,33,0,0
BRDA:330,34,0,0
BRDA:330,34,1,0
BRDA:330,35,0,0
BRDA:330,35,1,0
BRDA:333,36,0,0
BRDA:333,36,1,0
BRF:68
BRH:9
end_of_record
